{"D:\\QUAN TRỌNG\\e-commerce website\\backend\\src\\config\\database.js": {"path":"D:\\QUAN TRỌNG\\e-commerce website\\backend\\src\\config\\database.js","statementMap":{"0":{"start":{"line":1,"column":0},"end":{"line":1,"column":27}},"1":{"start":{"line":3,"column":0},"end":{"line":77,"column":2}}},"fnMap":{},"branchMap":{"0":{"loc":{"start":{"line":28,"column":14},"end":{"line":28,"column":58}},"type":"binary-expr","locations":[{"start":{"line":28,"column":14},"end":{"line":28,"column":38}},{"start":{"line":28,"column":42},"end":{"line":28,"column":58}}],"line":28},"1":{"loc":{"start":{"line":61,"column":11},"end":{"line":64,"column":15}},"type":"cond-expr","locations":[{"start":{"line":61,"column":43},"end":{"line":64,"column":7}},{"start":{"line":64,"column":10},"end":{"line":64,"column":15}}],"line":61}},"s":{"0":1,"1":1},"f":{},"b":{"0":[1,1],"1":[0,1]},"_coverageSchema":"1a1c01bbd47fc00a2c39e90264f33305004495a9","hash":"18a40085b0ae7f17b1b62d4f8baccb72408f50de"}
,"D:\\QUAN TRỌNG\\e-commerce website\\backend\\src\\config\\sequelize.js": {"path":"D:\\QUAN TRỌNG\\e-commerce website\\backend\\src\\config\\sequelize.js","statementMap":{"0":{"start":{"line":1,"column":22},"end":{"line":1,"column":42}},"1":{"start":{"line":2,"column":15},"end":{"line":2,"column":36}},"2":{"start":{"line":4,"column":12},"end":{"line":4,"column":49}},"3":{"start":{"line":5,"column":17},"end":{"line":5,"column":28}},"4":{"start":{"line":7,"column":18},"end":{"line":25,"column":1}},"5":{"start":{"line":27,"column":0},"end":{"line":27,"column":27}}},"fnMap":{},"branchMap":{"0":{"loc":{"start":{"line":4,"column":12},"end":{"line":4,"column":49}},"type":"binary-expr","locations":[{"start":{"line":4,"column":12},"end":{"line":4,"column":32}},{"start":{"line":4,"column":36},"end":{"line":4,"column":49}}],"line":4}},"s":{"0":1,"1":1,"2":1,"3":1,"4":1,"5":1},"f":{},"b":{"0":[1,0]},"_coverageSchema":"1a1c01bbd47fc00a2c39e90264f33305004495a9","hash":"324af1d5dad844daa68141c0210d048461c172d7"}
,"D:\\QUAN TRỌNG\\e-commerce website\\backend\\src\\constants\\index.js": {"path":"D:\\QUAN TRỌNG\\e-commerce website\\backend\\src\\constants\\index.js","statementMap":{"0":{"start":{"line":2,"column":0},"end":{"line":28,"column":2}}},"fnMap":{},"branchMap":{},"s":{"0":3},"f":{},"b":{},"_coverageSchema":"1a1c01bbd47fc00a2c39e90264f33305004495a9","hash":"fc6d692f97e792d28d858ea8dc5ae06adc033cfd"}
,"D:\\QUAN TRỌNG\\e-commerce website\\backend\\src\\controllers\\admin.js": {"path":"D:\\QUAN TRỌNG\\e-commerce website\\backend\\src\\controllers\\admin.js","statementMap":{"0":{"start":{"line":23,"column":4},"end":{"line":23,"column":24}},"1":{"start":{"line":24,"column":26},"end":{"line":24,"column":46}},"2":{"start":{"line":25,"column":15},"end":{"line":25,"column":41}},"3":{"start":{"line":26,"column":23},"end":{"line":26,"column":53}},"4":{"start":{"line":27,"column":21},"end":{"line":27,"column":59}},"5":{"start":{"line":28,"column":30},"end":{"line":28,"column":69}},"6":{"start":{"line":34,"column":4},"end":{"line":34,"column":38}},"7":{"start":{"line":35,"column":27},"end":{"line":35,"column":64}},"8":{"start":{"line":42,"column":2},"end":{"line":42,"column":51}},"9":{"start":{"line":42,"column":41},"end":{"line":42,"column":51}},"10":{"start":{"line":43,"column":2},"end":{"line":43,"column":65}},"11":{"start":{"line":43,"column":54},"end":{"line":43,"column":65}},"12":{"start":{"line":44,"column":2},"end":{"line":44,"column":41}},"13":{"start":{"line":44,"column":31},"end":{"line":44,"column":41}},"14":{"start":{"line":46,"column":15},"end":{"line":46,"column":18}},"15":{"start":{"line":47,"column":20},"end":{"line":47,"column":21}},"16":{"start":{"line":48,"column":2},"end":{"line":54,"column":3}},"17":{"start":{"line":49,"column":4},"end":{"line":53,"column":5}},"18":{"start":{"line":50,"column":6},"end":{"line":50,"column":34}},"19":{"start":{"line":52,"column":6},"end":{"line":52,"column":16}},"20":{"start":{"line":56,"column":2},"end":{"line":58,"column":3}},"21":{"start":{"line":57,"column":4},"end":{"line":57,"column":18}},"22":{"start":{"line":59,"column":2},"end":{"line":59,"column":12}},"23":{"start":{"line":66,"column":2},"end":{"line":66,"column":51}},"24":{"start":{"line":66,"column":41},"end":{"line":66,"column":51}},"25":{"start":{"line":67,"column":2},"end":{"line":67,"column":37}},"26":{"start":{"line":67,"column":26},"end":{"line":67,"column":37}},"27":{"start":{"line":68,"column":2},"end":{"line":68,"column":41}},"28":{"start":{"line":68,"column":31},"end":{"line":68,"column":41}},"29":{"start":{"line":70,"column":15},"end":{"line":70,"column":18}},"30":{"start":{"line":71,"column":20},"end":{"line":71,"column":21}},"31":{"start":{"line":72,"column":2},"end":{"line":78,"column":3}},"32":{"start":{"line":73,"column":4},"end":{"line":77,"column":5}},"33":{"start":{"line":74,"column":6},"end":{"line":74,"column":34}},"34":{"start":{"line":76,"column":6},"end":{"line":76,"column":16}},"35":{"start":{"line":80,"column":2},"end":{"line":80,"column":43}},"36":{"start":{"line":80,"column":29},"end":{"line":80,"column":43}},"37":{"start":{"line":81,"column":2},"end":{"line":81,"column":12}},"38":{"start":{"line":87,"column":26},"end":{"line":252,"column":2}},"39":{"start":{"line":88,"column":2},"end":{"line":88,"column":60}},"40":{"start":{"line":89,"column":16},"end":{"line":89,"column":26}},"41":{"start":{"line":90,"column":23},"end":{"line":90,"column":73}},"42":{"start":{"line":91,"column":27},"end":{"line":95,"column":3}},"43":{"start":{"line":96,"column":25},"end":{"line":96,"column":75}},"44":{"start":{"line":99,"column":21},"end":{"line":99,"column":70}},"45":{"start":{"line":100,"column":2},"end":{"line":100,"column":61}},"46":{"start":{"line":101,"column":24},"end":{"line":101,"column":45}},"47":{"start":{"line":102,"column":2},"end":{"line":102,"column":67}},"48":{"start":{"line":103,"column":22},"end":{"line":103,"column":41}},"49":{"start":{"line":104,"column":2},"end":{"line":104,"column":63}},"50":{"start":{"line":105,"column":23},"end":{"line":107,"column":4}},"51":{"start":{"line":108,"column":2},"end":{"line":108,"column":65}},"52":{"start":{"line":111,"column":23},"end":{"line":116,"column":4}},"53":{"start":{"line":118,"column":24},"end":{"line":120,"column":4}},"54":{"start":{"line":122,"column":25},"end":{"line":128,"column":4}},"55":{"start":{"line":131,"column":25},"end":{"line":139,"column":4}},"56":{"start":{"line":141,"column":26},"end":{"line":148,"column":4}},"57":{"start":{"line":150,"column":27},"end":{"line":159,"column":4}},"58":{"start":{"line":162,"column":21},"end":{"line":164,"column":7}},"59":{"start":{"line":165,"column":22},"end":{"line":167,"column":7}},"60":{"start":{"line":168,"column":24},"end":{"line":170,"column":7}},"61":{"start":{"line":173,"column":2},"end":{"line":173,"column":57}},"62":{"start":{"line":174,"column":20},"end":{"line":174,"column":22}},"63":{"start":{"line":175,"column":2},"end":{"line":204,"column":3}},"64":{"start":{"line":176,"column":4},"end":{"line":199,"column":7}},"65":{"start":{"line":200,"column":4},"end":{"line":200,"column":77}},"66":{"start":{"line":202,"column":4},"end":{"line":202,"column":74}},"67":{"start":{"line":207,"column":28},"end":{"line":211,"column":4}},"68":{"start":{"line":213,"column":25},"end":{"line":216,"column":75}},"69":{"start":{"line":214,"column":4},"end":{"line":214,"column":46}},"70":{"start":{"line":215,"column":4},"end":{"line":215,"column":15}},"71":{"start":{"line":218,"column":2},"end":{"line":251,"column":5}},"72":{"start":{"line":239,"column":28},"end":{"line":239,"column":69}},"73":{"start":{"line":240,"column":8},"end":{"line":243,"column":9}},"74":{"start":{"line":241,"column":10},"end":{"line":241,"column":82}},"75":{"start":{"line":241,"column":68},"end":{"line":241,"column":80}},"76":{"start":{"line":242,"column":10},"end":{"line":242,"column":52}},"77":{"start":{"line":244,"column":8},"end":{"line":248,"column":10}},"78":{"start":{"line":257,"column":25},"end":{"line":352,"column":2}},"79":{"start":{"line":258,"column":50},"end":{"line":258,"column":59}},"80":{"start":{"line":260,"column":2},"end":{"line":262,"column":3}},"81":{"start":{"line":261,"column":4},"end":{"line":261,"column":79}},"82":{"start":{"line":264,"column":16},"end":{"line":264,"column":35}},"83":{"start":{"line":265,"column":14},"end":{"line":265,"column":31}},"84":{"start":{"line":269,"column":2},"end":{"line":284,"column":3}},"85":{"start":{"line":271,"column":6},"end":{"line":271,"column":39}},"86":{"start":{"line":272,"column":6},"end":{"line":272,"column":12}},"87":{"start":{"line":274,"column":6},"end":{"line":274,"column":30}},"88":{"start":{"line":275,"column":6},"end":{"line":275,"column":12}},"89":{"start":{"line":277,"column":6},"end":{"line":277,"column":27}},"90":{"start":{"line":278,"column":6},"end":{"line":278,"column":12}},"91":{"start":{"line":280,"column":6},"end":{"line":280,"column":27}},"92":{"start":{"line":281,"column":6},"end":{"line":281,"column":12}},"93":{"start":{"line":283,"column":6},"end":{"line":283,"column":30}},"94":{"start":{"line":287,"column":21},"end":{"line":310,"column":4}},"95":{"start":{"line":313,"column":20},"end":{"line":336,"column":4}},"96":{"start":{"line":338,"column":2},"end":{"line":351,"column":5}},"97":{"start":{"line":341,"column":40},"end":{"line":345,"column":7}},"98":{"start":{"line":346,"column":38},"end":{"line":349,"column":7}},"99":{"start":{"line":357,"column":20},"end":{"line":413,"column":2}},"100":{"start":{"line":365,"column":6},"end":{"line":365,"column":15}},"101":{"start":{"line":366,"column":16},"end":{"line":366,"column":62}},"102":{"start":{"line":368,"column":17},"end":{"line":368,"column":35}},"103":{"start":{"line":369,"column":22},"end":{"line":369,"column":24}},"104":{"start":{"line":372,"column":2},"end":{"line":379,"column":3}},"105":{"start":{"line":373,"column":4},"end":{"line":378,"column":6}},"106":{"start":{"line":382,"column":2},"end":{"line":384,"column":3}},"107":{"start":{"line":383,"column":4},"end":{"line":383,"column":28}},"108":{"start":{"line":387,"column":2},"end":{"line":389,"column":3}},"109":{"start":{"line":388,"column":4},"end":{"line":388,"column":61}},"110":{"start":{"line":391,"column":33},"end":{"line":399,"column":4}},"111":{"start":{"line":401,"column":2},"end":{"line":412,"column":5}},"112":{"start":{"line":418,"column":19},"end":{"line":452,"column":2}},"113":{"start":{"line":419,"column":17},"end":{"line":419,"column":27}},"114":{"start":{"line":421,"column":4},"end":{"line":421,"column":12}},"115":{"start":{"line":423,"column":15},"end":{"line":423,"column":38}},"116":{"start":{"line":424,"column":2},"end":{"line":426,"column":3}},"117":{"start":{"line":425,"column":4},"end":{"line":425,"column":57}},"118":{"start":{"line":429,"column":2},"end":{"line":431,"column":3}},"119":{"start":{"line":430,"column":4},"end":{"line":430,"column":70}},"120":{"start":{"line":434,"column":2},"end":{"line":436,"column":3}},"121":{"start":{"line":435,"column":4},"end":{"line":435,"column":78}},"122":{"start":{"line":438,"column":22},"end":{"line":446,"column":4}},"123":{"start":{"line":448,"column":2},"end":{"line":451,"column":5}},"124":{"start":{"line":457,"column":19},"end":{"line":475,"column":2}},"125":{"start":{"line":458,"column":17},"end":{"line":458,"column":27}},"126":{"start":{"line":460,"column":2},"end":{"line":462,"column":3}},"127":{"start":{"line":461,"column":4},"end":{"line":461,"column":70}},"128":{"start":{"line":464,"column":15},"end":{"line":464,"column":38}},"129":{"start":{"line":465,"column":2},"end":{"line":467,"column":3}},"130":{"start":{"line":466,"column":4},"end":{"line":466,"column":57}},"131":{"start":{"line":469,"column":2},"end":{"line":469,"column":23}},"132":{"start":{"line":471,"column":2},"end":{"line":474,"column":5}},"133":{"start":{"line":480,"column":20},"end":{"line":506,"column":2}},"134":{"start":{"line":481,"column":17},"end":{"line":481,"column":27}},"135":{"start":{"line":483,"column":15},"end":{"line":496,"column":4}},"136":{"start":{"line":498,"column":2},"end":{"line":500,"column":3}},"137":{"start":{"line":499,"column":4},"end":{"line":499,"column":57}},"138":{"start":{"line":502,"column":2},"end":{"line":505,"column":5}},"139":{"start":{"line":511,"column":23},"end":{"line":579,"column":2}},"140":{"start":{"line":512,"column":17},"end":{"line":512,"column":27}},"141":{"start":{"line":514,"column":18},"end":{"line":543,"column":4}},"142":{"start":{"line":545,"column":2},"end":{"line":547,"column":3}},"143":{"start":{"line":546,"column":4},"end":{"line":546,"column":55}},"144":{"start":{"line":550,"column":22},"end":{"line":550,"column":38}},"145":{"start":{"line":553,"column":2},"end":{"line":560,"column":3}},"146":{"start":{"line":554,"column":4},"end":{"line":559,"column":8}},"147":{"start":{"line":554,"column":58},"end":{"line":559,"column":5}},"148":{"start":{"line":563,"column":2},"end":{"line":568,"column":3}},"149":{"start":{"line":564,"column":4},"end":{"line":567,"column":8}},"150":{"start":{"line":564,"column":65},"end":{"line":567,"column":5}},"151":{"start":{"line":571,"column":2},"end":{"line":573,"column":3}},"152":{"start":{"line":572,"column":4},"end":{"line":572,"column":75}},"153":{"start":{"line":575,"column":2},"end":{"line":578,"column":5}},"154":{"start":{"line":584,"column":22},"end":{"line":989,"column":2}},"155":{"start":{"line":585,"column":2},"end":{"line":588,"column":4}},"156":{"start":{"line":616,"column":6},"end":{"line":616,"column":14}},"157":{"start":{"line":620,"column":4},"end":{"line":620,"column":66}},"158":{"start":{"line":623,"column":2},"end":{"line":637,"column":3}},"159":{"start":{"line":624,"column":28},"end":{"line":624,"column":69}},"160":{"start":{"line":625,"column":4},"end":{"line":636,"column":5}},"161":{"start":{"line":626,"column":6},"end":{"line":635,"column":9}},"162":{"start":{"line":640,"column":18},"end":{"line":661,"column":4}},"163":{"start":{"line":664,"column":2},"end":{"line":664,"column":56}},"164":{"start":{"line":665,"column":2},"end":{"line":679,"column":3}},"165":{"start":{"line":666,"column":4},"end":{"line":675,"column":6}},"166":{"start":{"line":678,"column":4},"end":{"line":678,"column":42}},"167":{"start":{"line":682,"column":2},"end":{"line":718,"column":3}},"168":{"start":{"line":683,"column":4},"end":{"line":717,"column":5}},"169":{"start":{"line":688,"column":31},"end":{"line":705,"column":8}},"170":{"start":{"line":690,"column":23},"end":{"line":690,"column":71}},"171":{"start":{"line":690,"column":66},"end":{"line":690,"column":70}},"172":{"start":{"line":693,"column":8},"end":{"line":702,"column":9}},"173":{"start":{"line":696,"column":10},"end":{"line":701,"column":13}},"174":{"start":{"line":704,"column":8},"end":{"line":704,"column":45}},"175":{"start":{"line":707,"column":31},"end":{"line":709,"column":7}},"176":{"start":{"line":708,"column":16},"end":{"line":708,"column":27}},"177":{"start":{"line":711,"column":6},"end":{"line":713,"column":7}},"178":{"start":{"line":712,"column":8},"end":{"line":712,"column":54}},"179":{"start":{"line":715,"column":6},"end":{"line":715,"column":55}},"180":{"start":{"line":721,"column":2},"end":{"line":756,"column":3}},"181":{"start":{"line":722,"column":4},"end":{"line":755,"column":5}},"182":{"start":{"line":723,"column":6},"end":{"line":723,"column":56}},"183":{"start":{"line":724,"column":32},"end":{"line":750,"column":8}},"184":{"start":{"line":726,"column":25},"end":{"line":726,"column":27}},"185":{"start":{"line":727,"column":8},"end":{"line":738,"column":9}},"186":{"start":{"line":729,"column":10},"end":{"line":732,"column":30}},"187":{"start":{"line":731,"column":24},"end":{"line":731,"column":32}},"188":{"start":{"line":732,"column":27},"end":{"line":732,"column":28}},"189":{"start":{"line":733,"column":15},"end":{"line":738,"column":9}},"190":{"start":{"line":734,"column":10},"end":{"line":734,"column":34}},"191":{"start":{"line":735,"column":15},"end":{"line":738,"column":9}},"192":{"start":{"line":737,"column":10},"end":{"line":737,"column":44}},"193":{"start":{"line":740,"column":8},"end":{"line":743,"column":10}},"194":{"start":{"line":745,"column":8},"end":{"line":749,"column":11}},"195":{"start":{"line":751,"column":6},"end":{"line":751,"column":43}},"196":{"start":{"line":753,"column":6},"end":{"line":753,"column":53}},"197":{"start":{"line":754,"column":6},"end":{"line":754,"column":18}},"198":{"start":{"line":759,"column":24},"end":{"line":759,"column":26}},"199":{"start":{"line":760,"column":2},"end":{"line":837,"column":3}},"200":{"start":{"line":761,"column":4},"end":{"line":836,"column":5}},"201":{"start":{"line":762,"column":6},"end":{"line":762,"column":52}},"202":{"start":{"line":765,"column":32},"end":{"line":767,"column":8}},"203":{"start":{"line":769,"column":30},"end":{"line":820,"column":8}},"204":{"start":{"line":771,"column":34},"end":{"line":771,"column":67}},"205":{"start":{"line":773,"column":8},"end":{"line":778,"column":11}},"206":{"start":{"line":781,"column":8},"end":{"line":791,"column":9}},"207":{"start":{"line":785,"column":10},"end":{"line":790,"column":11}},"208":{"start":{"line":788,"column":12},"end":{"line":788,"column":73}},"209":{"start":{"line":795,"column":10},"end":{"line":795,"column":73}},"210":{"start":{"line":797,"column":8},"end":{"line":797,"column":58}},"211":{"start":{"line":801,"column":10},"end":{"line":804,"column":27}},"212":{"start":{"line":807,"column":8},"end":{"line":819,"column":11}},"213":{"start":{"line":822,"column":6},"end":{"line":822,"column":59}},"214":{"start":{"line":825,"column":25},"end":{"line":825,"column":61}},"215":{"start":{"line":826,"column":6},"end":{"line":832,"column":8}},"216":{"start":{"line":834,"column":6},"end":{"line":834,"column":51}},"217":{"start":{"line":835,"column":6},"end":{"line":835,"column":18}},"218":{"start":{"line":840,"column":2},"end":{"line":865,"column":3}},"219":{"start":{"line":841,"column":4},"end":{"line":864,"column":5}},"220":{"start":{"line":842,"column":24},"end":{"line":859,"column":8}},"221":{"start":{"line":843,"column":8},"end":{"line":851,"column":9}},"222":{"start":{"line":844,"column":10},"end":{"line":850,"column":12}},"223":{"start":{"line":852,"column":8},"end":{"line":858,"column":10}},"224":{"start":{"line":860,"column":6},"end":{"line":860,"column":47}},"225":{"start":{"line":861,"column":6},"end":{"line":861,"column":76}},"226":{"start":{"line":863,"column":6},"end":{"line":863,"column":46}},"227":{"start":{"line":868,"column":2},"end":{"line":890,"column":3}},"228":{"start":{"line":873,"column":4},"end":{"line":889,"column":5}},"229":{"start":{"line":874,"column":32},"end":{"line":880,"column":9}},"230":{"start":{"line":874,"column":69},"end":{"line":880,"column":7}},"231":{"start":{"line":882,"column":6},"end":{"line":882,"column":63}},"232":{"start":{"line":883,"column":6},"end":{"line":885,"column":8}},"233":{"start":{"line":887,"column":6},"end":{"line":887,"column":57}},"234":{"start":{"line":893,"column":2},"end":{"line":931,"column":3}},"235":{"start":{"line":898,"column":4},"end":{"line":930,"column":5}},"236":{"start":{"line":899,"column":6},"end":{"line":899,"column":69}},"237":{"start":{"line":902,"column":6},"end":{"line":905,"column":8}},"238":{"start":{"line":906,"column":39},"end":{"line":908,"column":8}},"239":{"start":{"line":909,"column":6},"end":{"line":909,"column":82}},"240":{"start":{"line":911,"column":6},"end":{"line":926,"column":7}},"241":{"start":{"line":912,"column":33},"end":{"line":920,"column":9}},"242":{"start":{"line":914,"column":12},"end":{"line":918,"column":15}},"243":{"start":{"line":922,"column":8},"end":{"line":922,"column":44}},"244":{"start":{"line":923,"column":8},"end":{"line":925,"column":10}},"245":{"start":{"line":928,"column":6},"end":{"line":928,"column":60}},"246":{"start":{"line":934,"column":31},"end":{"line":963,"column":4}},"247":{"start":{"line":966,"column":2},"end":{"line":974,"column":3}},"248":{"start":{"line":967,"column":4},"end":{"line":967,"column":41}},"249":{"start":{"line":968,"column":4},"end":{"line":971,"column":5}},"250":{"start":{"line":969,"column":6},"end":{"line":969,"column":73}},"251":{"start":{"line":970,"column":6},"end":{"line":970,"column":38}},"252":{"start":{"line":973,"column":4},"end":{"line":973,"column":84}},"253":{"start":{"line":977,"column":2},"end":{"line":977,"column":57}},"254":{"start":{"line":978,"column":2},"end":{"line":983,"column":4}},"255":{"start":{"line":985,"column":2},"end":{"line":988,"column":5}},"256":{"start":{"line":994,"column":22},"end":{"line":1351,"column":2}},"257":{"start":{"line":995,"column":17},"end":{"line":995,"column":27}},"258":{"start":{"line":1022,"column":6},"end":{"line":1022,"column":14}},"259":{"start":{"line":1025,"column":22},"end":{"line":1025,"column":51}},"260":{"start":{"line":1027,"column":2},"end":{"line":1350,"column":3}},"261":{"start":{"line":1028,"column":20},"end":{"line":1028,"column":63}},"262":{"start":{"line":1029,"column":4},"end":{"line":1032,"column":5}},"263":{"start":{"line":1030,"column":6},"end":{"line":1030,"column":35}},"264":{"start":{"line":1031,"column":6},"end":{"line":1031,"column":57}},"265":{"start":{"line":1035,"column":20},"end":{"line":1035,"column":22}},"266":{"start":{"line":1036,"column":4},"end":{"line":1036,"column":87}},"267":{"start":{"line":1036,"column":39},"end":{"line":1036,"column":87}},"268":{"start":{"line":1037,"column":4},"end":{"line":1037,"column":101}},"269":{"start":{"line":1037,"column":46},"end":{"line":1037,"column":101}},"270":{"start":{"line":1040,"column":23},"end":{"line":1040,"column":25}},"271":{"start":{"line":1041,"column":4},"end":{"line":1041,"column":64}},"272":{"start":{"line":1041,"column":41},"end":{"line":1041,"column":64}},"273":{"start":{"line":1042,"column":4},"end":{"line":1042,"column":93}},"274":{"start":{"line":1042,"column":45},"end":{"line":1042,"column":93}},"275":{"start":{"line":1043,"column":4},"end":{"line":1043,"column":85}},"276":{"start":{"line":1043,"column":48},"end":{"line":1043,"column":85}},"277":{"start":{"line":1044,"column":4},"end":{"line":1044,"column":100}},"278":{"start":{"line":1044,"column":53},"end":{"line":1044,"column":100}},"279":{"start":{"line":1045,"column":4},"end":{"line":1045,"column":100}},"280":{"start":{"line":1045,"column":42},"end":{"line":1045,"column":100}},"281":{"start":{"line":1046,"column":4},"end":{"line":1046,"column":73}},"282":{"start":{"line":1046,"column":44},"end":{"line":1046,"column":73}},"283":{"start":{"line":1047,"column":4},"end":{"line":1047,"column":118}},"284":{"start":{"line":1047,"column":50},"end":{"line":1047,"column":118}},"285":{"start":{"line":1048,"column":4},"end":{"line":1048,"column":61}},"286":{"start":{"line":1048,"column":40},"end":{"line":1048,"column":61}},"287":{"start":{"line":1049,"column":4},"end":{"line":1049,"column":70}},"288":{"start":{"line":1049,"column":43},"end":{"line":1049,"column":70}},"289":{"start":{"line":1050,"column":4},"end":{"line":1050,"column":78}},"290":{"start":{"line":1050,"column":45},"end":{"line":1050,"column":78}},"291":{"start":{"line":1051,"column":4},"end":{"line":1051,"column":79}},"292":{"start":{"line":1051,"column":46},"end":{"line":1051,"column":79}},"293":{"start":{"line":1052,"column":4},"end":{"line":1052,"column":94}},"294":{"start":{"line":1052,"column":51},"end":{"line":1052,"column":94}},"295":{"start":{"line":1053,"column":4},"end":{"line":1053,"column":76}},"296":{"start":{"line":1053,"column":45},"end":{"line":1053,"column":76}},"297":{"start":{"line":1054,"column":4},"end":{"line":1054,"column":94}},"298":{"start":{"line":1054,"column":51},"end":{"line":1054,"column":94}},"299":{"start":{"line":1055,"column":4},"end":{"line":1055,"column":85}},"300":{"start":{"line":1055,"column":48},"end":{"line":1055,"column":85}},"301":{"start":{"line":1056,"column":4},"end":{"line":1056,"column":64}},"302":{"start":{"line":1056,"column":41},"end":{"line":1056,"column":64}},"303":{"start":{"line":1059,"column":4},"end":{"line":1059,"column":54}},"304":{"start":{"line":1062,"column":4},"end":{"line":1088,"column":5}},"305":{"start":{"line":1064,"column":6},"end":{"line":1064,"column":76}},"306":{"start":{"line":1066,"column":6},"end":{"line":1086,"column":7}},"307":{"start":{"line":1067,"column":26},"end":{"line":1084,"column":10}},"308":{"start":{"line":1068,"column":10},"end":{"line":1076,"column":11}},"309":{"start":{"line":1069,"column":12},"end":{"line":1075,"column":14}},"310":{"start":{"line":1077,"column":10},"end":{"line":1083,"column":12}},"311":{"start":{"line":1085,"column":8},"end":{"line":1085,"column":66}},"312":{"start":{"line":1087,"column":6},"end":{"line":1087,"column":37}},"313":{"start":{"line":1091,"column":27},"end":{"line":1093,"column":71}},"314":{"start":{"line":1095,"column":4},"end":{"line":1107,"column":5}},"315":{"start":{"line":1096,"column":6},"end":{"line":1106,"column":8}},"316":{"start":{"line":1110,"column":4},"end":{"line":1117,"column":5}},"317":{"start":{"line":1111,"column":25},"end":{"line":1114,"column":8}},"318":{"start":{"line":1115,"column":6},"end":{"line":1115,"column":63}},"319":{"start":{"line":1116,"column":6},"end":{"line":1116,"column":39}},"320":{"start":{"line":1120,"column":4},"end":{"line":1171,"column":5}},"321":{"start":{"line":1121,"column":32},"end":{"line":1121,"column":105}},"322":{"start":{"line":1122,"column":29},"end":{"line":1125,"column":12}},"323":{"start":{"line":1123,"column":8},"end":{"line":1123,"column":30}},"324":{"start":{"line":1124,"column":8},"end":{"line":1124,"column":19}},"325":{"start":{"line":1127,"column":27},"end":{"line":1127,"column":63}},"326":{"start":{"line":1127,"column":55},"end":{"line":1127,"column":61}},"327":{"start":{"line":1130,"column":6},"end":{"line":1134,"column":7}},"328":{"start":{"line":1131,"column":8},"end":{"line":1133,"column":9}},"329":{"start":{"line":1132,"column":10},"end":{"line":1132,"column":46}},"330":{"start":{"line":1137,"column":32},"end":{"line":1168,"column":8}},"331":{"start":{"line":1138,"column":25},"end":{"line":1138,"column":27}},"332":{"start":{"line":1139,"column":8},"end":{"line":1147,"column":9}},"333":{"start":{"line":1140,"column":10},"end":{"line":1140,"column":80}},"334":{"start":{"line":1140,"column":54},"end":{"line":1140,"column":62}},"335":{"start":{"line":1141,"column":15},"end":{"line":1147,"column":9}},"336":{"start":{"line":1142,"column":10},"end":{"line":1142,"column":34}},"337":{"start":{"line":1143,"column":15},"end":{"line":1147,"column":9}},"338":{"start":{"line":1144,"column":10},"end":{"line":1144,"column":35}},"339":{"start":{"line":1145,"column":15},"end":{"line":1147,"column":9}},"340":{"start":{"line":1146,"column":10},"end":{"line":1146,"column":44}},"341":{"start":{"line":1149,"column":33},"end":{"line":1149,"column":81}},"342":{"start":{"line":1151,"column":8},"end":{"line":1167,"column":9}},"343":{"start":{"line":1153,"column":10},"end":{"line":1157,"column":30}},"344":{"start":{"line":1160,"column":10},"end":{"line":1166,"column":30}},"345":{"start":{"line":1169,"column":6},"end":{"line":1169,"column":43}},"346":{"start":{"line":1170,"column":6},"end":{"line":1170,"column":45}},"347":{"start":{"line":1174,"column":4},"end":{"line":1248,"column":5}},"348":{"start":{"line":1175,"column":30},"end":{"line":1175,"column":101}},"349":{"start":{"line":1176,"column":28},"end":{"line":1179,"column":12}},"350":{"start":{"line":1177,"column":8},"end":{"line":1177,"column":22}},"351":{"start":{"line":1178,"column":8},"end":{"line":1178,"column":19}},"352":{"start":{"line":1182,"column":29},"end":{"line":1182,"column":107}},"353":{"start":{"line":1182,"column":58},"end":{"line":1182,"column":90}},"354":{"start":{"line":1182,"column":101},"end":{"line":1182,"column":105}},"355":{"start":{"line":1185,"column":6},"end":{"line":1189,"column":7}},"356":{"start":{"line":1186,"column":8},"end":{"line":1188,"column":9}},"357":{"start":{"line":1187,"column":10},"end":{"line":1187,"column":49}},"358":{"start":{"line":1192,"column":28},"end":{"line":1192,"column":30}},"359":{"start":{"line":1193,"column":30},"end":{"line":1228,"column":8}},"360":{"start":{"line":1194,"column":34},"end":{"line":1194,"column":94}},"361":{"start":{"line":1196,"column":27},"end":{"line":1196,"column":109}},"362":{"start":{"line":1198,"column":28},"end":{"line":1210,"column":9}},"363":{"start":{"line":1206,"column":78},"end":{"line":1206,"column":89}},"364":{"start":{"line":1212,"column":8},"end":{"line":1227,"column":9}},"365":{"start":{"line":1214,"column":26},"end":{"line":1214,"column":94}},"366":{"start":{"line":1215,"column":10},"end":{"line":1215,"column":38}},"367":{"start":{"line":1216,"column":10},"end":{"line":1216,"column":25}},"368":{"start":{"line":1219,"column":26},"end":{"line":1224,"column":29}},"369":{"start":{"line":1225,"column":10},"end":{"line":1225,"column":38}},"370":{"start":{"line":1226,"column":10},"end":{"line":1226,"column":25}},"371":{"start":{"line":1230,"column":6},"end":{"line":1230,"column":41}},"372":{"start":{"line":1231,"column":6},"end":{"line":1231,"column":41}},"373":{"start":{"line":1234,"column":25},"end":{"line":1234,"column":59}},"374":{"start":{"line":1235,"column":6},"end":{"line":1238,"column":8}},"375":{"start":{"line":1239,"column":11},"end":{"line":1248,"column":5}},"376":{"start":{"line":1241,"column":6},"end":{"line":1247,"column":8}},"377":{"start":{"line":1251,"column":4},"end":{"line":1287,"column":5}},"378":{"start":{"line":1252,"column":27},"end":{"line":1252,"column":104}},"379":{"start":{"line":1253,"column":29},"end":{"line":1256,"column":12}},"380":{"start":{"line":1254,"column":8},"end":{"line":1254,"column":30}},"381":{"start":{"line":1255,"column":8},"end":{"line":1255,"column":19}},"382":{"start":{"line":1258,"column":32},"end":{"line":1258,"column":72}},"383":{"start":{"line":1258,"column":64},"end":{"line":1258,"column":70}},"384":{"start":{"line":1261,"column":6},"end":{"line":1265,"column":7}},"385":{"start":{"line":1262,"column":8},"end":{"line":1264,"column":9}},"386":{"start":{"line":1263,"column":10},"end":{"line":1263,"column":46}},"387":{"start":{"line":1268,"column":27},"end":{"line":1284,"column":8}},"388":{"start":{"line":1269,"column":25},"end":{"line":1274,"column":9}},"389":{"start":{"line":1276,"column":8},"end":{"line":1283,"column":9}},"390":{"start":{"line":1277,"column":10},"end":{"line":1277,"column":83}},"391":{"start":{"line":1279,"column":10},"end":{"line":1282,"column":30}},"392":{"start":{"line":1285,"column":6},"end":{"line":1285,"column":38}},"393":{"start":{"line":1286,"column":6},"end":{"line":1286,"column":53}},"394":{"start":{"line":1290,"column":4},"end":{"line":1306,"column":5}},"395":{"start":{"line":1291,"column":6},"end":{"line":1291,"column":79}},"396":{"start":{"line":1292,"column":6},"end":{"line":1305,"column":7}},"397":{"start":{"line":1293,"column":19},"end":{"line":1296,"column":10}},"398":{"start":{"line":1297,"column":27},"end":{"line":1303,"column":9}},"399":{"start":{"line":1298,"column":10},"end":{"line":1302,"column":29}},"400":{"start":{"line":1304,"column":8},"end":{"line":1304,"column":38}},"401":{"start":{"line":1308,"column":4},"end":{"line":1308,"column":31}},"402":{"start":{"line":1311,"column":4},"end":{"line":1311,"column":94}},"403":{"start":{"line":1314,"column":25},"end":{"line":1327,"column":6}},"404":{"start":{"line":1330,"column":4},"end":{"line":1340,"column":5}},"405":{"start":{"line":1331,"column":6},"end":{"line":1331,"column":43}},"406":{"start":{"line":1332,"column":6},"end":{"line":1336,"column":7}},"407":{"start":{"line":1333,"column":8},"end":{"line":1333,"column":67}},"408":{"start":{"line":1334,"column":13},"end":{"line":1336,"column":7}},"409":{"start":{"line":1335,"column":8},"end":{"line":1335,"column":113}},"410":{"start":{"line":1335,"column":75},"end":{"line":1335,"column":111}},"411":{"start":{"line":1337,"column":6},"end":{"line":1337,"column":38}},"412":{"start":{"line":1339,"column":6},"end":{"line":1339,"column":91}},"413":{"start":{"line":1342,"column":4},"end":{"line":1345,"column":7}},"414":{"start":{"line":1347,"column":4},"end":{"line":1347,"column":50}},"415":{"start":{"line":1347,"column":21},"end":{"line":1347,"column":50}},"416":{"start":{"line":1348,"column":4},"end":{"line":1348,"column":54}},"417":{"start":{"line":1349,"column":4},"end":{"line":1349,"column":16}},"418":{"start":{"line":1356,"column":22},"end":{"line":1405,"column":2}},"419":{"start":{"line":1357,"column":17},"end":{"line":1357,"column":27}},"420":{"start":{"line":1359,"column":18},"end":{"line":1359,"column":44}},"421":{"start":{"line":1360,"column":2},"end":{"line":1362,"column":3}},"422":{"start":{"line":1361,"column":4},"end":{"line":1361,"column":55}},"423":{"start":{"line":1365,"column":22},"end":{"line":1365,"column":51}},"424":{"start":{"line":1367,"column":2},"end":{"line":1404,"column":3}},"425":{"start":{"line":1369,"column":4},"end":{"line":1369,"column":70}},"426":{"start":{"line":1376,"column":4},"end":{"line":1376,"column":70}},"427":{"start":{"line":1379,"column":4},"end":{"line":1379,"column":78}},"428":{"start":{"line":1382,"column":4},"end":{"line":1382,"column":76}},"429":{"start":{"line":1385,"column":4},"end":{"line":1385,"column":77}},"430":{"start":{"line":1388,"column":4},"end":{"line":1388,"column":43}},"431":{"start":{"line":1391,"column":4},"end":{"line":1391,"column":31}},"432":{"start":{"line":1394,"column":4},"end":{"line":1394,"column":77}},"433":{"start":{"line":1396,"column":4},"end":{"line":1399,"column":7}},"434":{"start":{"line":1402,"column":4},"end":{"line":1402,"column":33}},"435":{"start":{"line":1403,"column":4},"end":{"line":1403,"column":16}},"436":{"start":{"line":1410,"column":23},"end":{"line":1564,"column":2}},"437":{"start":{"line":1422,"column":6},"end":{"line":1422,"column":15}},"438":{"start":{"line":1423,"column":16},"end":{"line":1423,"column":62}},"439":{"start":{"line":1425,"column":17},"end":{"line":1425,"column":35}},"440":{"start":{"line":1426,"column":22},"end":{"line":1426,"column":24}},"441":{"start":{"line":1429,"column":2},"end":{"line":1436,"column":3}},"442":{"start":{"line":1430,"column":4},"end":{"line":1435,"column":6}},"443":{"start":{"line":1439,"column":2},"end":{"line":1441,"column":3}},"444":{"start":{"line":1440,"column":4},"end":{"line":1440,"column":32}},"445":{"start":{"line":1444,"column":2},"end":{"line":1449,"column":3}},"446":{"start":{"line":1445,"column":4},"end":{"line":1448,"column":6}},"447":{"start":{"line":1450,"column":2},"end":{"line":1455,"column":3}},"448":{"start":{"line":1451,"column":4},"end":{"line":1454,"column":6}},"449":{"start":{"line":1458,"column":2},"end":{"line":1463,"column":3}},"450":{"start":{"line":1459,"column":4},"end":{"line":1462,"column":6}},"451":{"start":{"line":1464,"column":2},"end":{"line":1469,"column":3}},"452":{"start":{"line":1465,"column":4},"end":{"line":1468,"column":6}},"453":{"start":{"line":1471,"column":24},"end":{"line":1508,"column":3}},"454":{"start":{"line":1511,"column":2},"end":{"line":1513,"column":3}},"455":{"start":{"line":1512,"column":4},"end":{"line":1512,"column":46}},"456":{"start":{"line":1515,"column":2},"end":{"line":1515,"column":60}},"457":{"start":{"line":1516,"column":2},"end":{"line":1563,"column":3}},"458":{"start":{"line":1517,"column":38},"end":{"line":1524,"column":6}},"459":{"start":{"line":1525,"column":4},"end":{"line":1525,"column":67}},"460":{"start":{"line":1528,"column":32},"end":{"line":1546,"column":6}},"461":{"start":{"line":1529,"column":22},"end":{"line":1529,"column":32}},"462":{"start":{"line":1532,"column":6},"end":{"line":1532,"column":79}},"463":{"start":{"line":1532,"column":59},"end":{"line":1532,"column":71}},"464":{"start":{"line":1535,"column":6},"end":{"line":1535,"column":40}},"465":{"start":{"line":1538,"column":6},"end":{"line":1538,"column":55}},"466":{"start":{"line":1538,"column":31},"end":{"line":1538,"column":55}},"467":{"start":{"line":1539,"column":6},"end":{"line":1543,"column":7}},"468":{"start":{"line":1540,"column":8},"end":{"line":1542,"column":9}},"469":{"start":{"line":1540,"column":46},"end":{"line":1540,"column":76}},"470":{"start":{"line":1541,"column":10},"end":{"line":1541,"column":52}},"471":{"start":{"line":1545,"column":6},"end":{"line":1545,"column":21}},"472":{"start":{"line":1548,"column":4},"end":{"line":1559,"column":7}},"473":{"start":{"line":1561,"column":4},"end":{"line":1561,"column":77}},"474":{"start":{"line":1562,"column":4},"end":{"line":1562,"column":14}},"475":{"start":{"line":1569,"column":22},"end":{"line":1622,"column":2}},"476":{"start":{"line":1576,"column":6},"end":{"line":1576,"column":15}},"477":{"start":{"line":1577,"column":16},"end":{"line":1577,"column":62}},"478":{"start":{"line":1579,"column":17},"end":{"line":1579,"column":35}},"479":{"start":{"line":1580,"column":22},"end":{"line":1580,"column":24}},"480":{"start":{"line":1583,"column":2},"end":{"line":1585,"column":3}},"481":{"start":{"line":1584,"column":4},"end":{"line":1584,"column":38}},"482":{"start":{"line":1588,"column":2},"end":{"line":1590,"column":3}},"483":{"start":{"line":1589,"column":4},"end":{"line":1589,"column":42}},"484":{"start":{"line":1592,"column":35},"end":{"line":1608,"column":4}},"485":{"start":{"line":1610,"column":2},"end":{"line":1621,"column":5}},"486":{"start":{"line":1627,"column":21},"end":{"line":1641,"column":2}},"487":{"start":{"line":1628,"column":17},"end":{"line":1628,"column":27}},"488":{"start":{"line":1630,"column":17},"end":{"line":1630,"column":42}},"489":{"start":{"line":1631,"column":2},"end":{"line":1633,"column":3}},"490":{"start":{"line":1632,"column":4},"end":{"line":1632,"column":55}},"491":{"start":{"line":1635,"column":2},"end":{"line":1635,"column":25}},"492":{"start":{"line":1637,"column":2},"end":{"line":1640,"column":5}},"493":{"start":{"line":1646,"column":21},"end":{"line":1748,"column":2}},"494":{"start":{"line":1655,"column":6},"end":{"line":1655,"column":15}},"495":{"start":{"line":1656,"column":16},"end":{"line":1656,"column":62}},"496":{"start":{"line":1658,"column":17},"end":{"line":1658,"column":35}},"497":{"start":{"line":1659,"column":22},"end":{"line":1659,"column":24}},"498":{"start":{"line":1662,"column":2},"end":{"line":1664,"column":3}},"499":{"start":{"line":1663,"column":4},"end":{"line":1663,"column":32}},"500":{"start":{"line":1667,"column":2},"end":{"line":1671,"column":3}},"501":{"start":{"line":1668,"column":4},"end":{"line":1670,"column":6}},"502":{"start":{"line":1674,"column":2},"end":{"line":1676,"column":3}},"503":{"start":{"line":1675,"column":4},"end":{"line":1675,"column":68}},"504":{"start":{"line":1678,"column":24},"end":{"line":1701,"column":3}},"505":{"start":{"line":1703,"column":2},"end":{"line":1703,"column":60}},"506":{"start":{"line":1704,"column":2},"end":{"line":1747,"column":3}},"507":{"start":{"line":1705,"column":36},"end":{"line":1711,"column":6}},"508":{"start":{"line":1712,"column":4},"end":{"line":1712,"column":65}},"509":{"start":{"line":1715,"column":30},"end":{"line":1730,"column":6}},"510":{"start":{"line":1716,"column":20},"end":{"line":1716,"column":30}},"511":{"start":{"line":1717,"column":6},"end":{"line":1728,"column":7}},"512":{"start":{"line":1718,"column":8},"end":{"line":1727,"column":11}},"513":{"start":{"line":1719,"column":10},"end":{"line":1725,"column":11}},"514":{"start":{"line":1721,"column":12},"end":{"line":1722,"column":75}},"515":{"start":{"line":1722,"column":55},"end":{"line":1722,"column":67}},"516":{"start":{"line":1724,"column":12},"end":{"line":1724,"column":56}},"517":{"start":{"line":1726,"column":10},"end":{"line":1726,"column":22}},"518":{"start":{"line":1729,"column":6},"end":{"line":1729,"column":19}},"519":{"start":{"line":1732,"column":4},"end":{"line":1743,"column":7}},"520":{"start":{"line":1745,"column":4},"end":{"line":1745,"column":77}},"521":{"start":{"line":1746,"column":4},"end":{"line":1746,"column":14}},"522":{"start":{"line":1753,"column":26},"end":{"line":1779,"column":2}},"523":{"start":{"line":1754,"column":17},"end":{"line":1754,"column":27}},"524":{"start":{"line":1755,"column":42},"end":{"line":1755,"column":50}},"525":{"start":{"line":1757,"column":16},"end":{"line":1757,"column":40}},"526":{"start":{"line":1758,"column":2},"end":{"line":1760,"column":3}},"527":{"start":{"line":1759,"column":4},"end":{"line":1759,"column":55}},"528":{"start":{"line":1762,"column":21},"end":{"line":1766,"column":3}},"529":{"start":{"line":1769,"column":2},"end":{"line":1771,"column":3}},"530":{"start":{"line":1770,"column":4},"end":{"line":1770,"column":38}},"531":{"start":{"line":1773,"column":23},"end":{"line":1773,"column":53}},"532":{"start":{"line":1775,"column":2},"end":{"line":1778,"column":5}},"533":{"start":{"line":1784,"column":21},"end":{"line":1935,"column":2}},"534":{"start":{"line":1785,"column":17},"end":{"line":1785,"column":27}},"535":{"start":{"line":1788,"column":26},"end":{"line":1800,"column":4}},"536":{"start":{"line":1802,"column":2},"end":{"line":1804,"column":3}},"537":{"start":{"line":1803,"column":4},"end":{"line":1803,"column":59}},"538":{"start":{"line":1807,"column":16},"end":{"line":1807,"column":36}},"539":{"start":{"line":1808,"column":14},"end":{"line":1808,"column":15}},"540":{"start":{"line":1809,"column":15},"end":{"line":1809,"column":19}},"541":{"start":{"line":1810,"column":2},"end":{"line":1819,"column":3}},"542":{"start":{"line":1811,"column":21},"end":{"line":1811,"column":57}},"543":{"start":{"line":1812,"column":21},"end":{"line":1812,"column":73}},"544":{"start":{"line":1813,"column":4},"end":{"line":1818,"column":5}},"545":{"start":{"line":1814,"column":6},"end":{"line":1814,"column":25}},"546":{"start":{"line":1815,"column":6},"end":{"line":1815,"column":21}},"547":{"start":{"line":1817,"column":6},"end":{"line":1817,"column":14}},"548":{"start":{"line":1822,"column":17},"end":{"line":1822,"column":72}},"549":{"start":{"line":1825,"column":22},"end":{"line":1825,"column":51}},"550":{"start":{"line":1827,"column":2},"end":{"line":1934,"column":3}},"551":{"start":{"line":1829,"column":24},"end":{"line":1829,"column":60}},"552":{"start":{"line":1830,"column":4},"end":{"line":1830,"column":26}},"553":{"start":{"line":1831,"column":4},"end":{"line":1831,"column":33}},"554":{"start":{"line":1832,"column":4},"end":{"line":1832,"column":33}},"555":{"start":{"line":1833,"column":4},"end":{"line":1833,"column":28}},"556":{"start":{"line":1834,"column":4},"end":{"line":1834,"column":34}},"557":{"start":{"line":1835,"column":4},"end":{"line":1835,"column":34}},"558":{"start":{"line":1836,"column":4},"end":{"line":1836,"column":32}},"559":{"start":{"line":1837,"column":4},"end":{"line":1837,"column":45}},"560":{"start":{"line":1838,"column":4},"end":{"line":1838,"column":40}},"561":{"start":{"line":1840,"column":4},"end":{"line":1840,"column":31}},"562":{"start":{"line":1841,"column":4},"end":{"line":1841,"column":29}},"563":{"start":{"line":1842,"column":4},"end":{"line":1842,"column":33}},"564":{"start":{"line":1844,"column":23},"end":{"line":1844,"column":73}},"565":{"start":{"line":1849,"column":4},"end":{"line":1855,"column":5}},"566":{"start":{"line":1850,"column":28},"end":{"line":1853,"column":9}},"567":{"start":{"line":1850,"column":69},"end":{"line":1853,"column":7}},"568":{"start":{"line":1854,"column":6},"end":{"line":1854,"column":71}},"569":{"start":{"line":1858,"column":4},"end":{"line":1867,"column":5}},"570":{"start":{"line":1859,"column":28},"end":{"line":1865,"column":8}},"571":{"start":{"line":1860,"column":21},"end":{"line":1860,"column":46}},"572":{"start":{"line":1861,"column":8},"end":{"line":1861,"column":23}},"573":{"start":{"line":1862,"column":8},"end":{"line":1862,"column":30}},"574":{"start":{"line":1863,"column":8},"end":{"line":1863,"column":30}},"575":{"start":{"line":1864,"column":8},"end":{"line":1864,"column":53}},"576":{"start":{"line":1866,"column":6},"end":{"line":1866,"column":72}},"577":{"start":{"line":1870,"column":4},"end":{"line":1885,"column":5}},"578":{"start":{"line":1871,"column":26},"end":{"line":1883,"column":8}},"579":{"start":{"line":1872,"column":21},"end":{"line":1872,"column":49}},"580":{"start":{"line":1873,"column":8},"end":{"line":1873,"column":23}},"581":{"start":{"line":1874,"column":8},"end":{"line":1874,"column":30}},"582":{"start":{"line":1875,"column":8},"end":{"line":1875,"column":30}},"583":{"start":{"line":1878,"column":23},"end":{"line":1880,"column":44}},"584":{"start":{"line":1881,"column":8},"end":{"line":1881,"column":41}},"585":{"start":{"line":1882,"column":8},"end":{"line":1882,"column":53}},"586":{"start":{"line":1884,"column":6},"end":{"line":1884,"column":68}},"587":{"start":{"line":1888,"column":4},"end":{"line":1900,"column":5}},"588":{"start":{"line":1892,"column":23},"end":{"line":1898,"column":8}},"589":{"start":{"line":1893,"column":21},"end":{"line":1893,"column":46}},"590":{"start":{"line":1894,"column":8},"end":{"line":1894,"column":23}},"591":{"start":{"line":1895,"column":8},"end":{"line":1895,"column":30}},"592":{"start":{"line":1896,"column":8},"end":{"line":1896,"column":30}},"593":{"start":{"line":1897,"column":8},"end":{"line":1897,"column":53}},"594":{"start":{"line":1899,"column":6},"end":{"line":1899,"column":71}},"595":{"start":{"line":1903,"column":4},"end":{"line":1913,"column":5}},"596":{"start":{"line":1907,"column":27},"end":{"line":1911,"column":9}},"597":{"start":{"line":1907,"column":73},"end":{"line":1911,"column":7}},"598":{"start":{"line":1912,"column":6},"end":{"line":1912,"column":70}},"599":{"start":{"line":1915,"column":4},"end":{"line":1915,"column":31}},"600":{"start":{"line":1918,"column":4},"end":{"line":1924,"column":6}},"601":{"start":{"line":1926,"column":4},"end":{"line":1929,"column":7}},"602":{"start":{"line":1931,"column":4},"end":{"line":1931,"column":33}},"603":{"start":{"line":1932,"column":4},"end":{"line":1932,"column":51}},"604":{"start":{"line":1933,"column":4},"end":{"line":1933,"column":16}},"605":{"start":{"line":1940,"column":28},"end":{"line":1972,"column":2}},"606":{"start":{"line":1941,"column":17},"end":{"line":1941,"column":27}},"607":{"start":{"line":1942,"column":21},"end":{"line":1942,"column":29}},"608":{"start":{"line":1944,"column":18},"end":{"line":1944,"column":44}},"609":{"start":{"line":1945,"column":2},"end":{"line":1947,"column":3}},"610":{"start":{"line":1946,"column":4},"end":{"line":1946,"column":55}},"611":{"start":{"line":1949,"column":24},"end":{"line":1949,"column":55}},"612":{"start":{"line":1950,"column":2},"end":{"line":1952,"column":3}},"613":{"start":{"line":1951,"column":4},"end":{"line":1951,"column":55}},"614":{"start":{"line":1955,"column":20},"end":{"line":1955,"column":83}},"615":{"start":{"line":1957,"column":2},"end":{"line":1957,"column":46}},"616":{"start":{"line":1960,"column":2},"end":{"line":1966,"column":4}},"617":{"start":{"line":1968,"column":2},"end":{"line":1971,"column":5}},"618":{"start":{"line":1975,"column":23},"end":{"line":2030,"column":2}},"619":{"start":{"line":1976,"column":24},"end":{"line":1976,"column":34}},"620":{"start":{"line":1977,"column":40},"end":{"line":1977,"column":48}},"621":{"start":{"line":1978,"column":14},"end":{"line":1978,"column":36}},"622":{"start":{"line":1980,"column":2},"end":{"line":1982,"column":3}},"623":{"start":{"line":1981,"column":4},"end":{"line":1981,"column":69}},"624":{"start":{"line":1984,"column":18},"end":{"line":1984,"column":51}},"625":{"start":{"line":1985,"column":2},"end":{"line":1985,"column":67}},"626":{"start":{"line":1985,"column":16},"end":{"line":1985,"column":67}},"627":{"start":{"line":1989,"column":2},"end":{"line":2006,"column":3}},"628":{"start":{"line":1991,"column":20},"end":{"line":1991,"column":89}},"629":{"start":{"line":1992,"column":4},"end":{"line":1992,"column":69}},"630":{"start":{"line":1992,"column":18},"end":{"line":1992,"column":69}},"631":{"start":{"line":1994,"column":4},"end":{"line":1994,"column":38}},"632":{"start":{"line":1995,"column":4},"end":{"line":1995,"column":31}},"633":{"start":{"line":1996,"column":4},"end":{"line":1996,"column":73}},"634":{"start":{"line":1999,"column":18},"end":{"line":1999,"column":85}},"635":{"start":{"line":2000,"column":4},"end":{"line":2000,"column":83}},"636":{"start":{"line":2003,"column":4},"end":{"line":2003,"column":38}},"637":{"start":{"line":2004,"column":4},"end":{"line":2004,"column":31}},"638":{"start":{"line":2005,"column":4},"end":{"line":2005,"column":69}},"639":{"start":{"line":2009,"column":14},"end":{"line":2018,"column":4}},"640":{"start":{"line":2020,"column":2},"end":{"line":2029,"column":5}},"641":{"start":{"line":2032,"column":0},"end":{"line":2051,"column":2}}},"fnMap":{"0":{"name":"deepParseJSON","decl":{"start":{"line":41,"column":9},"end":{"line":41,"column":22}},"loc":{"start":{"line":41,"column":28},"end":{"line":60,"column":1}},"line":41},"1":{"name":"deepParseJSONArray","decl":{"start":{"line":65,"column":9},"end":{"line":65,"column":27}},"loc":{"start":{"line":65,"column":33},"end":{"line":82,"column":1}},"line":65},"2":{"name":"(anonymous_2)","decl":{"start":{"line":87,"column":37},"end":{"line":87,"column":38}},"loc":{"start":{"line":87,"column":57},"end":{"line":252,"column":1}},"line":87},"3":{"name":"(anonymous_3)","decl":{"start":{"line":213,"column":50},"end":{"line":213,"column":51}},"loc":{"start":{"line":213,"column":64},"end":{"line":216,"column":3}},"line":213},"4":{"name":"(anonymous_4)","decl":{"start":{"line":238,"column":35},"end":{"line":238,"column":36}},"loc":{"start":{"line":238,"column":45},"end":{"line":249,"column":7}},"line":238},"5":{"name":"(anonymous_5)","decl":{"start":{"line":241,"column":61},"end":{"line":241,"column":62}},"loc":{"start":{"line":241,"column":68},"end":{"line":241,"column":80}},"line":241},"6":{"name":"(anonymous_6)","decl":{"start":{"line":257,"column":36},"end":{"line":257,"column":37}},"loc":{"start":{"line":257,"column":56},"end":{"line":352,"column":1}},"line":257},"7":{"name":"(anonymous_7)","decl":{"start":{"line":341,"column":29},"end":{"line":341,"column":30}},"loc":{"start":{"line":341,"column":40},"end":{"line":345,"column":7}},"line":341},"8":{"name":"(anonymous_8)","decl":{"start":{"line":346,"column":27},"end":{"line":346,"column":28}},"loc":{"start":{"line":346,"column":38},"end":{"line":349,"column":7}},"line":346},"9":{"name":"(anonymous_9)","decl":{"start":{"line":357,"column":31},"end":{"line":357,"column":32}},"loc":{"start":{"line":357,"column":51},"end":{"line":413,"column":1}},"line":357},"10":{"name":"(anonymous_10)","decl":{"start":{"line":418,"column":30},"end":{"line":418,"column":31}},"loc":{"start":{"line":418,"column":50},"end":{"line":452,"column":1}},"line":418},"11":{"name":"(anonymous_11)","decl":{"start":{"line":457,"column":30},"end":{"line":457,"column":31}},"loc":{"start":{"line":457,"column":50},"end":{"line":475,"column":1}},"line":457},"12":{"name":"(anonymous_12)","decl":{"start":{"line":480,"column":31},"end":{"line":480,"column":32}},"loc":{"start":{"line":480,"column":51},"end":{"line":506,"column":1}},"line":480},"13":{"name":"(anonymous_13)","decl":{"start":{"line":511,"column":34},"end":{"line":511,"column":35}},"loc":{"start":{"line":511,"column":54},"end":{"line":579,"column":1}},"line":511},"14":{"name":"(anonymous_14)","decl":{"start":{"line":554,"column":52},"end":{"line":554,"column":53}},"loc":{"start":{"line":554,"column":58},"end":{"line":559,"column":5}},"line":554},"15":{"name":"(anonymous_15)","decl":{"start":{"line":564,"column":56},"end":{"line":564,"column":57}},"loc":{"start":{"line":564,"column":65},"end":{"line":567,"column":5}},"line":564},"16":{"name":"(anonymous_16)","decl":{"start":{"line":584,"column":33},"end":{"line":584,"column":34}},"loc":{"start":{"line":584,"column":53},"end":{"line":989,"column":1}},"line":584},"17":{"name":"(anonymous_17)","decl":{"start":{"line":688,"column":47},"end":{"line":688,"column":48}},"loc":{"start":{"line":688,"column":64},"end":{"line":705,"column":7}},"line":688},"18":{"name":"(anonymous_18)","decl":{"start":{"line":690,"column":60},"end":{"line":690,"column":61}},"loc":{"start":{"line":690,"column":66},"end":{"line":690,"column":70}},"line":690},"19":{"name":"(anonymous_19)","decl":{"start":{"line":708,"column":8},"end":{"line":708,"column":9}},"loc":{"start":{"line":708,"column":16},"end":{"line":708,"column":27}},"line":708},"20":{"name":"(anonymous_20)","decl":{"start":{"line":724,"column":47},"end":{"line":724,"column":48}},"loc":{"start":{"line":724,"column":63},"end":{"line":750,"column":7}},"line":724},"21":{"name":"(anonymous_21)","decl":{"start":{"line":731,"column":17},"end":{"line":731,"column":18}},"loc":{"start":{"line":731,"column":24},"end":{"line":731,"column":32}},"line":731},"22":{"name":"(anonymous_22)","decl":{"start":{"line":732,"column":20},"end":{"line":732,"column":21}},"loc":{"start":{"line":732,"column":27},"end":{"line":732,"column":28}},"line":732},"23":{"name":"(anonymous_23)","decl":{"start":{"line":769,"column":43},"end":{"line":769,"column":44}},"loc":{"start":{"line":769,"column":62},"end":{"line":820,"column":7}},"line":769},"24":{"name":"(anonymous_24)","decl":{"start":{"line":842,"column":35},"end":{"line":842,"column":36}},"loc":{"start":{"line":842,"column":51},"end":{"line":859,"column":7}},"line":842},"25":{"name":"(anonymous_25)","decl":{"start":{"line":874,"column":51},"end":{"line":874,"column":52}},"loc":{"start":{"line":874,"column":69},"end":{"line":880,"column":7}},"line":874},"26":{"name":"(anonymous_26)","decl":{"start":{"line":913,"column":10},"end":{"line":913,"column":11}},"loc":{"start":{"line":913,"column":44},"end":{"line":919,"column":11}},"line":913},"27":{"name":"(anonymous_27)","decl":{"start":{"line":994,"column":33},"end":{"line":994,"column":34}},"loc":{"start":{"line":994,"column":53},"end":{"line":1351,"column":1}},"line":994},"28":{"name":"(anonymous_28)","decl":{"start":{"line":1067,"column":37},"end":{"line":1067,"column":38}},"loc":{"start":{"line":1067,"column":53},"end":{"line":1084,"column":9}},"line":1067},"29":{"name":"(anonymous_29)","decl":{"start":{"line":1122,"column":54},"end":{"line":1122,"column":55}},"loc":{"start":{"line":1122,"column":69},"end":{"line":1125,"column":7}},"line":1122},"30":{"name":"(anonymous_30)","decl":{"start":{"line":1127,"column":50},"end":{"line":1127,"column":51}},"loc":{"start":{"line":1127,"column":55},"end":{"line":1127,"column":61}},"line":1127},"31":{"name":"(anonymous_31)","decl":{"start":{"line":1137,"column":47},"end":{"line":1137,"column":48}},"loc":{"start":{"line":1137,"column":63},"end":{"line":1168,"column":7}},"line":1137},"32":{"name":"(anonymous_32)","decl":{"start":{"line":1140,"column":49},"end":{"line":1140,"column":50}},"loc":{"start":{"line":1140,"column":54},"end":{"line":1140,"column":62}},"line":1140},"33":{"name":"(anonymous_33)","decl":{"start":{"line":1176,"column":51},"end":{"line":1176,"column":52}},"loc":{"start":{"line":1176,"column":63},"end":{"line":1179,"column":7}},"line":1176},"34":{"name":"(anonymous_34)","decl":{"start":{"line":1182,"column":53},"end":{"line":1182,"column":54}},"loc":{"start":{"line":1182,"column":58},"end":{"line":1182,"column":90}},"line":1182},"35":{"name":"(anonymous_35)","decl":{"start":{"line":1182,"column":96},"end":{"line":1182,"column":97}},"loc":{"start":{"line":1182,"column":101},"end":{"line":1182,"column":105}},"line":1182},"36":{"name":"(anonymous_36)","decl":{"start":{"line":1193,"column":43},"end":{"line":1193,"column":44}},"loc":{"start":{"line":1193,"column":69},"end":{"line":1228,"column":7}},"line":1193},"37":{"name":"(anonymous_37)","decl":{"start":{"line":1206,"column":73},"end":{"line":1206,"column":74}},"loc":{"start":{"line":1206,"column":78},"end":{"line":1206,"column":89}},"line":1206},"38":{"name":"(anonymous_38)","decl":{"start":{"line":1253,"column":49},"end":{"line":1253,"column":50}},"loc":{"start":{"line":1253,"column":64},"end":{"line":1256,"column":7}},"line":1253},"39":{"name":"(anonymous_39)","decl":{"start":{"line":1258,"column":59},"end":{"line":1258,"column":60}},"loc":{"start":{"line":1258,"column":64},"end":{"line":1258,"column":70}},"line":1258},"40":{"name":"(anonymous_40)","decl":{"start":{"line":1268,"column":46},"end":{"line":1268,"column":47}},"loc":{"start":{"line":1268,"column":69},"end":{"line":1284,"column":7}},"line":1268},"41":{"name":"(anonymous_41)","decl":{"start":{"line":1297,"column":34},"end":{"line":1297,"column":35}},"loc":{"start":{"line":1298,"column":10},"end":{"line":1302,"column":29}},"line":1298},"42":{"name":"(anonymous_42)","decl":{"start":{"line":1335,"column":67},"end":{"line":1335,"column":68}},"loc":{"start":{"line":1335,"column":75},"end":{"line":1335,"column":111}},"line":1335},"43":{"name":"(anonymous_43)","decl":{"start":{"line":1356,"column":33},"end":{"line":1356,"column":34}},"loc":{"start":{"line":1356,"column":53},"end":{"line":1405,"column":1}},"line":1356},"44":{"name":"(anonymous_44)","decl":{"start":{"line":1410,"column":34},"end":{"line":1410,"column":35}},"loc":{"start":{"line":1410,"column":54},"end":{"line":1564,"column":1}},"line":1410},"45":{"name":"(anonymous_45)","decl":{"start":{"line":1528,"column":45},"end":{"line":1528,"column":46}},"loc":{"start":{"line":1528,"column":52},"end":{"line":1546,"column":5}},"line":1528},"46":{"name":"(anonymous_46)","decl":{"start":{"line":1532,"column":50},"end":{"line":1532,"column":51}},"loc":{"start":{"line":1532,"column":59},"end":{"line":1532,"column":71}},"line":1532},"47":{"name":"(anonymous_47)","decl":{"start":{"line":1540,"column":37},"end":{"line":1540,"column":38}},"loc":{"start":{"line":1540,"column":46},"end":{"line":1540,"column":76}},"line":1540},"48":{"name":"(anonymous_48)","decl":{"start":{"line":1569,"column":33},"end":{"line":1569,"column":34}},"loc":{"start":{"line":1569,"column":53},"end":{"line":1622,"column":1}},"line":1569},"49":{"name":"(anonymous_49)","decl":{"start":{"line":1627,"column":32},"end":{"line":1627,"column":33}},"loc":{"start":{"line":1627,"column":52},"end":{"line":1641,"column":1}},"line":1627},"50":{"name":"(anonymous_50)","decl":{"start":{"line":1646,"column":32},"end":{"line":1646,"column":33}},"loc":{"start":{"line":1646,"column":52},"end":{"line":1748,"column":1}},"line":1646},"51":{"name":"(anonymous_51)","decl":{"start":{"line":1715,"column":41},"end":{"line":1715,"column":42}},"loc":{"start":{"line":1715,"column":48},"end":{"line":1730,"column":5}},"line":1715},"52":{"name":"(anonymous_52)","decl":{"start":{"line":1718,"column":38},"end":{"line":1718,"column":39}},"loc":{"start":{"line":1718,"column":48},"end":{"line":1727,"column":9}},"line":1718},"53":{"name":"(anonymous_53)","decl":{"start":{"line":1722,"column":46},"end":{"line":1722,"column":47}},"loc":{"start":{"line":1722,"column":55},"end":{"line":1722,"column":67}},"line":1722},"54":{"name":"(anonymous_54)","decl":{"start":{"line":1753,"column":37},"end":{"line":1753,"column":38}},"loc":{"start":{"line":1753,"column":57},"end":{"line":1779,"column":1}},"line":1753},"55":{"name":"(anonymous_55)","decl":{"start":{"line":1784,"column":32},"end":{"line":1784,"column":33}},"loc":{"start":{"line":1784,"column":52},"end":{"line":1935,"column":1}},"line":1784},"56":{"name":"(anonymous_56)","decl":{"start":{"line":1850,"column":59},"end":{"line":1850,"column":60}},"loc":{"start":{"line":1850,"column":69},"end":{"line":1853,"column":7}},"line":1850},"57":{"name":"(anonymous_57)","decl":{"start":{"line":1859,"column":59},"end":{"line":1859,"column":60}},"loc":{"start":{"line":1859,"column":69},"end":{"line":1865,"column":7}},"line":1859},"58":{"name":"(anonymous_58)","decl":{"start":{"line":1871,"column":55},"end":{"line":1871,"column":56}},"loc":{"start":{"line":1871,"column":68},"end":{"line":1883,"column":7}},"line":1871},"59":{"name":"(anonymous_59)","decl":{"start":{"line":1892,"column":65},"end":{"line":1892,"column":66}},"loc":{"start":{"line":1892,"column":75},"end":{"line":1898,"column":7}},"line":1892},"60":{"name":"(anonymous_60)","decl":{"start":{"line":1907,"column":64},"end":{"line":1907,"column":65}},"loc":{"start":{"line":1907,"column":73},"end":{"line":1911,"column":7}},"line":1907},"61":{"name":"(anonymous_61)","decl":{"start":{"line":1940,"column":39},"end":{"line":1940,"column":40}},"loc":{"start":{"line":1940,"column":59},"end":{"line":1972,"column":1}},"line":1940},"62":{"name":"(anonymous_62)","decl":{"start":{"line":1975,"column":34},"end":{"line":1975,"column":35}},"loc":{"start":{"line":1975,"column":54},"end":{"line":2030,"column":1}},"line":1975}},"branchMap":{"0":{"loc":{"start":{"line":42,"column":2},"end":{"line":42,"column":51}},"type":"if","locations":[{"start":{"line":42,"column":2},"end":{"line":42,"column":51}},{"start":{},"end":{}}],"line":42},"1":{"loc":{"start":{"line":42,"column":6},"end":{"line":42,"column":39}},"type":"binary-expr","locations":[{"start":{"line":42,"column":6},"end":{"line":42,"column":18}},{"start":{"line":42,"column":22},"end":{"line":42,"column":39}}],"line":42},"2":{"loc":{"start":{"line":43,"column":2},"end":{"line":43,"column":65}},"type":"if","locations":[{"start":{"line":43,"column":2},"end":{"line":43,"column":65}},{"start":{},"end":{}}],"line":43},"3":{"loc":{"start":{"line":43,"column":6},"end":{"line":43,"column":52}},"type":"binary-expr","locations":[{"start":{"line":43,"column":6},"end":{"line":43,"column":29}},{"start":{"line":43,"column":33},"end":{"line":43,"column":52}}],"line":43},"4":{"loc":{"start":{"line":44,"column":2},"end":{"line":44,"column":41}},"type":"if","locations":[{"start":{"line":44,"column":2},"end":{"line":44,"column":41}},{"start":{},"end":{}}],"line":44},"5":{"loc":{"start":{"line":48,"column":9},"end":{"line":48,"column":56}},"type":"binary-expr","locations":[{"start":{"line":48,"column":9},"end":{"line":48,"column":35}},{"start":{"line":48,"column":39},"end":{"line":48,"column":56}}],"line":48},"6":{"loc":{"start":{"line":56,"column":2},"end":{"line":58,"column":3}},"type":"if","locations":[{"start":{"line":56,"column":2},"end":{"line":58,"column":3}},{"start":{},"end":{}}],"line":56},"7":{"loc":{"start":{"line":56,"column":6},"end":{"line":56,"column":77}},"type":"binary-expr","locations":[{"start":{"line":56,"column":6},"end":{"line":56,"column":32}},{"start":{"line":56,"column":36},"end":{"line":56,"column":58}},{"start":{"line":56,"column":62},"end":{"line":56,"column":77}}],"line":56},"8":{"loc":{"start":{"line":66,"column":2},"end":{"line":66,"column":51}},"type":"if","locations":[{"start":{"line":66,"column":2},"end":{"line":66,"column":51}},{"start":{},"end":{}}],"line":66},"9":{"loc":{"start":{"line":66,"column":6},"end":{"line":66,"column":39}},"type":"binary-expr","locations":[{"start":{"line":66,"column":6},"end":{"line":66,"column":18}},{"start":{"line":66,"column":22},"end":{"line":66,"column":39}}],"line":66},"10":{"loc":{"start":{"line":67,"column":2},"end":{"line":67,"column":37}},"type":"if","locations":[{"start":{"line":67,"column":2},"end":{"line":67,"column":37}},{"start":{},"end":{}}],"line":67},"11":{"loc":{"start":{"line":68,"column":2},"end":{"line":68,"column":41}},"type":"if","locations":[{"start":{"line":68,"column":2},"end":{"line":68,"column":41}},{"start":{},"end":{}}],"line":68},"12":{"loc":{"start":{"line":72,"column":9},"end":{"line":72,"column":56}},"type":"binary-expr","locations":[{"start":{"line":72,"column":9},"end":{"line":72,"column":35}},{"start":{"line":72,"column":39},"end":{"line":72,"column":56}}],"line":72},"13":{"loc":{"start":{"line":80,"column":2},"end":{"line":80,"column":43}},"type":"if","locations":[{"start":{"line":80,"column":2},"end":{"line":80,"column":43}},{"start":{},"end":{}}],"line":80},"14":{"loc":{"start":{"line":162,"column":21},"end":{"line":164,"column":7}},"type":"cond-expr","locations":[{"start":{"line":163,"column":6},"end":{"line":163,"column":62}},{"start":{"line":164,"column":6},"end":{"line":164,"column":7}}],"line":162},"15":{"loc":{"start":{"line":165,"column":22},"end":{"line":167,"column":7}},"type":"cond-expr","locations":[{"start":{"line":166,"column":6},"end":{"line":166,"column":65}},{"start":{"line":167,"column":6},"end":{"line":167,"column":7}}],"line":165},"16":{"loc":{"start":{"line":168,"column":24},"end":{"line":170,"column":7}},"type":"cond-expr","locations":[{"start":{"line":169,"column":6},"end":{"line":169,"column":68}},{"start":{"line":170,"column":6},"end":{"line":170,"column":7}}],"line":168},"17":{"loc":{"start":{"line":225,"column":22},"end":{"line":225,"column":39}},"type":"binary-expr","locations":[{"start":{"line":225,"column":22},"end":{"line":225,"column":34}},{"start":{"line":225,"column":38},"end":{"line":225,"column":39}}],"line":225},"18":{"loc":{"start":{"line":231,"column":17},"end":{"line":231,"column":36}},"type":"binary-expr","locations":[{"start":{"line":231,"column":17},"end":{"line":231,"column":31}},{"start":{"line":231,"column":35},"end":{"line":231,"column":36}}],"line":231},"19":{"loc":{"start":{"line":239,"column":28},"end":{"line":239,"column":69}},"type":"cond-expr","locations":[{"start":{"line":239,"column":43},"end":{"line":239,"column":64}},{"start":{"line":239,"column":67},"end":{"line":239,"column":69}}],"line":239},"20":{"loc":{"start":{"line":240,"column":8},"end":{"line":243,"column":9}},"type":"if","locations":[{"start":{"line":240,"column":8},"end":{"line":243,"column":9}},{"start":{},"end":{}}],"line":240},"21":{"loc":{"start":{"line":258,"column":30},"end":{"line":258,"column":45}},"type":"default-arg","locations":[{"start":{"line":258,"column":40},"end":{"line":258,"column":45}}],"line":258},"22":{"loc":{"start":{"line":260,"column":2},"end":{"line":262,"column":3}},"type":"if","locations":[{"start":{"line":260,"column":2},"end":{"line":262,"column":3}},{"start":{},"end":{}}],"line":260},"23":{"loc":{"start":{"line":260,"column":6},"end":{"line":260,"column":28}},"type":"binary-expr","locations":[{"start":{"line":260,"column":6},"end":{"line":260,"column":16}},{"start":{"line":260,"column":20},"end":{"line":260,"column":28}}],"line":260},"24":{"loc":{"start":{"line":269,"column":2},"end":{"line":284,"column":3}},"type":"switch","locations":[{"start":{"line":270,"column":4},"end":{"line":272,"column":12}},{"start":{"line":273,"column":4},"end":{"line":275,"column":12}},{"start":{"line":276,"column":4},"end":{"line":278,"column":12}},{"start":{"line":279,"column":4},"end":{"line":281,"column":12}},{"start":{"line":282,"column":4},"end":{"line":283,"column":30}}],"line":269},"25":{"loc":{"start":{"line":344,"column":28},"end":{"line":344,"column":61}},"type":"binary-expr","locations":[{"start":{"line":344,"column":28},"end":{"line":344,"column":56}},{"start":{"line":344,"column":60},"end":{"line":344,"column":61}}],"line":344},"26":{"loc":{"start":{"line":359,"column":4},"end":{"line":359,"column":12}},"type":"default-arg","locations":[{"start":{"line":359,"column":11},"end":{"line":359,"column":12}}],"line":359},"27":{"loc":{"start":{"line":360,"column":4},"end":{"line":360,"column":15}},"type":"default-arg","locations":[{"start":{"line":360,"column":13},"end":{"line":360,"column":15}}],"line":360},"28":{"loc":{"start":{"line":361,"column":4},"end":{"line":361,"column":13}},"type":"default-arg","locations":[{"start":{"line":361,"column":11},"end":{"line":361,"column":13}}],"line":361},"29":{"loc":{"start":{"line":362,"column":4},"end":{"line":362,"column":24}},"type":"default-arg","locations":[{"start":{"line":362,"column":13},"end":{"line":362,"column":24}}],"line":362},"30":{"loc":{"start":{"line":363,"column":4},"end":{"line":363,"column":22}},"type":"default-arg","locations":[{"start":{"line":363,"column":16},"end":{"line":363,"column":22}}],"line":363},"31":{"loc":{"start":{"line":366,"column":25},"end":{"line":366,"column":56}},"type":"binary-expr","locations":[{"start":{"line":366,"column":25},"end":{"line":366,"column":50}},{"start":{"line":366,"column":54},"end":{"line":366,"column":56}}],"line":366},"32":{"loc":{"start":{"line":372,"column":2},"end":{"line":379,"column":3}},"type":"if","locations":[{"start":{"line":372,"column":2},"end":{"line":379,"column":3}},{"start":{},"end":{}}],"line":372},"33":{"loc":{"start":{"line":382,"column":2},"end":{"line":384,"column":3}},"type":"if","locations":[{"start":{"line":382,"column":2},"end":{"line":384,"column":3}},{"start":{},"end":{}}],"line":382},"34":{"loc":{"start":{"line":387,"column":2},"end":{"line":389,"column":3}},"type":"if","locations":[{"start":{"line":387,"column":2},"end":{"line":389,"column":3}},{"start":{},"end":{}}],"line":387},"35":{"loc":{"start":{"line":424,"column":2},"end":{"line":426,"column":3}},"type":"if","locations":[{"start":{"line":424,"column":2},"end":{"line":426,"column":3}},{"start":{},"end":{}}],"line":424},"36":{"loc":{"start":{"line":429,"column":2},"end":{"line":431,"column":3}},"type":"if","locations":[{"start":{"line":429,"column":2},"end":{"line":431,"column":3}},{"start":{},"end":{}}],"line":429},"37":{"loc":{"start":{"line":429,"column":6},"end":{"line":429,"column":54}},"type":"binary-expr","locations":[{"start":{"line":429,"column":6},"end":{"line":429,"column":24}},{"start":{"line":429,"column":28},"end":{"line":429,"column":32}},{"start":{"line":429,"column":36},"end":{"line":429,"column":54}}],"line":429},"38":{"loc":{"start":{"line":434,"column":2},"end":{"line":436,"column":3}},"type":"if","locations":[{"start":{"line":434,"column":2},"end":{"line":436,"column":3}},{"start":{},"end":{}}],"line":434},"39":{"loc":{"start":{"line":434,"column":6},"end":{"line":434,"column":46}},"type":"binary-expr","locations":[{"start":{"line":434,"column":6},"end":{"line":434,"column":24}},{"start":{"line":434,"column":28},"end":{"line":434,"column":46}}],"line":434},"40":{"loc":{"start":{"line":439,"column":15},"end":{"line":439,"column":42}},"type":"binary-expr","locations":[{"start":{"line":439,"column":15},"end":{"line":439,"column":24}},{"start":{"line":439,"column":28},"end":{"line":439,"column":42}}],"line":439},"41":{"loc":{"start":{"line":440,"column":14},"end":{"line":440,"column":39}},"type":"binary-expr","locations":[{"start":{"line":440,"column":14},"end":{"line":440,"column":22}},{"start":{"line":440,"column":26},"end":{"line":440,"column":39}}],"line":440},"42":{"loc":{"start":{"line":441,"column":11},"end":{"line":441,"column":30}},"type":"binary-expr","locations":[{"start":{"line":441,"column":11},"end":{"line":441,"column":16}},{"start":{"line":441,"column":20},"end":{"line":441,"column":30}}],"line":441},"43":{"loc":{"start":{"line":442,"column":10},"end":{"line":442,"column":27}},"type":"binary-expr","locations":[{"start":{"line":442,"column":10},"end":{"line":442,"column":14}},{"start":{"line":442,"column":18},"end":{"line":442,"column":27}}],"line":442},"44":{"loc":{"start":{"line":444,"column":6},"end":{"line":444,"column":76}},"type":"cond-expr","locations":[{"start":{"line":444,"column":38},"end":{"line":444,"column":53}},{"start":{"line":444,"column":56},"end":{"line":444,"column":76}}],"line":444},"45":{"loc":{"start":{"line":445,"column":14},"end":{"line":445,"column":63}},"type":"cond-expr","locations":[{"start":{"line":445,"column":39},"end":{"line":445,"column":47}},{"start":{"line":445,"column":50},"end":{"line":445,"column":63}}],"line":445},"46":{"loc":{"start":{"line":460,"column":2},"end":{"line":462,"column":3}},"type":"if","locations":[{"start":{"line":460,"column":2},"end":{"line":462,"column":3}},{"start":{},"end":{}}],"line":460},"47":{"loc":{"start":{"line":465,"column":2},"end":{"line":467,"column":3}},"type":"if","locations":[{"start":{"line":465,"column":2},"end":{"line":467,"column":3}},{"start":{},"end":{}}],"line":465},"48":{"loc":{"start":{"line":498,"column":2},"end":{"line":500,"column":3}},"type":"if","locations":[{"start":{"line":498,"column":2},"end":{"line":500,"column":3}},{"start":{},"end":{}}],"line":498},"49":{"loc":{"start":{"line":545,"column":2},"end":{"line":547,"column":3}},"type":"if","locations":[{"start":{"line":545,"column":2},"end":{"line":547,"column":3}},{"start":{},"end":{}}],"line":545},"50":{"loc":{"start":{"line":553,"column":2},"end":{"line":560,"column":3}},"type":"if","locations":[{"start":{"line":553,"column":2},"end":{"line":560,"column":3}},{"start":{},"end":{}}],"line":553},"51":{"loc":{"start":{"line":553,"column":6},"end":{"line":553,"column":65}},"type":"binary-expr","locations":[{"start":{"line":553,"column":6},"end":{"line":553,"column":26}},{"start":{"line":553,"column":30},"end":{"line":553,"column":65}}],"line":553},"52":{"loc":{"start":{"line":557,"column":37},"end":{"line":557,"column":70}},"type":"binary-expr","locations":[{"start":{"line":557,"column":37},"end":{"line":557,"column":54}},{"start":{"line":557,"column":58},"end":{"line":557,"column":70}}],"line":557},"53":{"loc":{"start":{"line":563,"column":2},"end":{"line":568,"column":3}},"type":"if","locations":[{"start":{"line":563,"column":2},"end":{"line":568,"column":3}},{"start":{},"end":{}}],"line":563},"54":{"loc":{"start":{"line":563,"column":6},"end":{"line":563,"column":69}},"type":"binary-expr","locations":[{"start":{"line":563,"column":6},"end":{"line":563,"column":28}},{"start":{"line":563,"column":32},"end":{"line":563,"column":69}}],"line":563},"55":{"loc":{"start":{"line":571,"column":2},"end":{"line":573,"column":3}},"type":"if","locations":[{"start":{"line":571,"column":2},"end":{"line":573,"column":3}},{"start":{},"end":{}}],"line":571},"56":{"loc":{"start":{"line":571,"column":6},"end":{"line":571,"column":82}},"type":"binary-expr","locations":[{"start":{"line":571,"column":6},"end":{"line":571,"column":32}},{"start":{"line":571,"column":36},"end":{"line":571,"column":82}}],"line":571},"57":{"loc":{"start":{"line":598,"column":4},"end":{"line":598,"column":21}},"type":"default-arg","locations":[{"start":{"line":598,"column":13},"end":{"line":598,"column":21}}],"line":598},"58":{"loc":{"start":{"line":601,"column":4},"end":{"line":601,"column":18}},"type":"default-arg","locations":[{"start":{"line":601,"column":14},"end":{"line":601,"column":18}}],"line":601},"59":{"loc":{"start":{"line":602,"column":4},"end":{"line":602,"column":21}},"type":"default-arg","locations":[{"start":{"line":602,"column":20},"end":{"line":602,"column":21}}],"line":602},"60":{"loc":{"start":{"line":603,"column":4},"end":{"line":603,"column":20}},"type":"default-arg","locations":[{"start":{"line":603,"column":15},"end":{"line":603,"column":20}}],"line":603},"61":{"loc":{"start":{"line":604,"column":4},"end":{"line":604,"column":23}},"type":"default-arg","locations":[{"start":{"line":604,"column":21},"end":{"line":604,"column":23}}],"line":604},"62":{"loc":{"start":{"line":607,"column":4},"end":{"line":607,"column":20}},"type":"default-arg","locations":[{"start":{"line":607,"column":18},"end":{"line":607,"column":20}}],"line":607},"63":{"loc":{"start":{"line":608,"column":4},"end":{"line":608,"column":20}},"type":"default-arg","locations":[{"start":{"line":608,"column":18},"end":{"line":608,"column":20}}],"line":608},"64":{"loc":{"start":{"line":609,"column":4},"end":{"line":609,"column":19}},"type":"default-arg","locations":[{"start":{"line":609,"column":17},"end":{"line":609,"column":19}}],"line":609},"65":{"loc":{"start":{"line":610,"column":4},"end":{"line":610,"column":17}},"type":"default-arg","locations":[{"start":{"line":610,"column":15},"end":{"line":610,"column":17}}],"line":610},"66":{"loc":{"start":{"line":612,"column":4},"end":{"line":612,"column":21}},"type":"default-arg","locations":[{"start":{"line":612,"column":16},"end":{"line":612,"column":21}}],"line":612},"67":{"loc":{"start":{"line":613,"column":4},"end":{"line":613,"column":23}},"type":"default-arg","locations":[{"start":{"line":613,"column":21},"end":{"line":613,"column":23}}],"line":613},"68":{"loc":{"start":{"line":614,"column":4},"end":{"line":614,"column":27}},"type":"default-arg","locations":[{"start":{"line":614,"column":25},"end":{"line":614,"column":27}}],"line":614},"69":{"loc":{"start":{"line":615,"column":4},"end":{"line":615,"column":13}},"type":"default-arg","locations":[{"start":{"line":615,"column":11},"end":{"line":615,"column":13}}],"line":615},"70":{"loc":{"start":{"line":620,"column":4},"end":{"line":620,"column":66}},"type":"binary-expr","locations":[{"start":{"line":620,"column":4},"end":{"line":620,"column":7}},{"start":{"line":620,"column":11},"end":{"line":620,"column":66}}],"line":620},"71":{"loc":{"start":{"line":623,"column":2},"end":{"line":637,"column":3}},"type":"if","locations":[{"start":{"line":623,"column":2},"end":{"line":637,"column":3}},{"start":{},"end":{}}],"line":623},"72":{"loc":{"start":{"line":625,"column":4},"end":{"line":636,"column":5}},"type":"if","locations":[{"start":{"line":625,"column":4},"end":{"line":636,"column":5}},{"start":{},"end":{}}],"line":625},"73":{"loc":{"start":{"line":642,"column":14},"end":{"line":642,"column":30}},"type":"binary-expr","locations":[{"start":{"line":642,"column":14},"end":{"line":642,"column":22}},{"start":{"line":642,"column":26},"end":{"line":642,"column":30}}],"line":642},"74":{"loc":{"start":{"line":644,"column":22},"end":{"line":644,"column":53}},"type":"binary-expr","locations":[{"start":{"line":644,"column":22},"end":{"line":644,"column":38}},{"start":{"line":644,"column":42},"end":{"line":644,"column":53}}],"line":644},"75":{"loc":{"start":{"line":649,"column":19},"end":{"line":649,"column":46}},"type":"binary-expr","locations":[{"start":{"line":649,"column":19},"end":{"line":649,"column":24}},{"start":{"line":649,"column":28},"end":{"line":649,"column":41}},{"start":{"line":649,"column":45},"end":{"line":649,"column":46}}],"line":649},"76":{"loc":{"start":{"line":653,"column":20},"end":{"line":653,"column":40}},"type":"binary-expr","locations":[{"start":{"line":653,"column":20},"end":{"line":653,"column":34}},{"start":{"line":653,"column":38},"end":{"line":653,"column":40}}],"line":653},"77":{"loc":{"start":{"line":654,"column":14},"end":{"line":654,"column":30}},"type":"binary-expr","locations":[{"start":{"line":654,"column":14},"end":{"line":654,"column":22}},{"start":{"line":654,"column":26},"end":{"line":654,"column":30}}],"line":654},"78":{"loc":{"start":{"line":655,"column":20},"end":{"line":655,"column":49}},"type":"binary-expr","locations":[{"start":{"line":655,"column":20},"end":{"line":655,"column":34}},{"start":{"line":655,"column":38},"end":{"line":655,"column":49}}],"line":655},"79":{"loc":{"start":{"line":656,"column":17},"end":{"line":656,"column":34}},"type":"binary-expr","locations":[{"start":{"line":656,"column":17},"end":{"line":656,"column":28}},{"start":{"line":656,"column":32},"end":{"line":656,"column":34}}],"line":656},"80":{"loc":{"start":{"line":659,"column":20},"end":{"line":659,"column":40}},"type":"binary-expr","locations":[{"start":{"line":659,"column":20},"end":{"line":659,"column":34}},{"start":{"line":659,"column":38},"end":{"line":659,"column":40}}],"line":659},"81":{"loc":{"start":{"line":660,"column":10},"end":{"line":660,"column":20}},"type":"binary-expr","locations":[{"start":{"line":660,"column":10},"end":{"line":660,"column":14}},{"start":{"line":660,"column":18},"end":{"line":660,"column":20}}],"line":660},"82":{"loc":{"start":{"line":665,"column":2},"end":{"line":679,"column":3}},"type":"if","locations":[{"start":{"line":665,"column":2},"end":{"line":679,"column":3}},{"start":{},"end":{}}],"line":665},"83":{"loc":{"start":{"line":682,"column":2},"end":{"line":718,"column":3}},"type":"if","locations":[{"start":{"line":682,"column":2},"end":{"line":718,"column":3}},{"start":{},"end":{}}],"line":682},"84":{"loc":{"start":{"line":682,"column":6},"end":{"line":682,"column":43}},"type":"binary-expr","locations":[{"start":{"line":682,"column":6},"end":{"line":682,"column":17}},{"start":{"line":682,"column":21},"end":{"line":682,"column":43}}],"line":682},"85":{"loc":{"start":{"lin
[...]
,"D:\\QUAN TRỌNG\\e-commerce website\\backend\\src\\services\\payment\\vnpay.js": {"path":"D:\\QUAN TRỌNG\\e-commerce website\\backend\\src\\services\\payment\\vnpay.js","statementMap":{"0":{"start":{"line":1,"column":15},"end":{"line":1,"column":32}},"1":{"start":{"line":2,"column":15},"end":{"line":2,"column":32}},"2":{"start":{"line":3,"column":20},"end":{"line":3,"column":33}},"3":{"start":{"line":7,"column":4},"end":{"line":7,"column":44}},"4":{"start":{"line":8,"column":4},"end":{"line":8,"column":49}},"5":{"start":{"line":9,"column":4},"end":{"line":9,"column":38}},"6":{"start":{"line":10,"column":4},"end":{"line":10,"column":48}},"7":{"start":{"line":14,"column":4},"end":{"line":14,"column":40}},"8":{"start":{"line":15,"column":17},"end":{"line":15,"column":27}},"9":{"start":{"line":16,"column":23},"end":{"line":16,"column":60}},"10":{"start":{"line":18,"column":21},"end":{"line":18,"column":26}},"11":{"start":{"line":19,"column":21},"end":{"line":19,"column":23}},"12":{"start":{"line":20,"column":4},"end":{"line":20,"column":40}},"13":{"start":{"line":21,"column":4},"end":{"line":21,"column":38}},"14":{"start":{"line":22,"column":4},"end":{"line":22,"column":45}},"15":{"start":{"line":23,"column":4},"end":{"line":23,"column":38}},"16":{"start":{"line":24,"column":4},"end":{"line":24,"column":42}},"17":{"start":{"line":25,"column":4},"end":{"line":25,"column":39}},"18":{"start":{"line":26,"column":4},"end":{"line":26,"column":81}},"19":{"start":{"line":27,"column":4},"end":{"line":27,"column":42}},"20":{"start":{"line":28,"column":4},"end":{"line":28,"column":56}},"21":{"start":{"line":29,"column":4},"end":{"line":29,"column":49}},"22":{"start":{"line":30,"column":4},"end":{"line":30,"column":38}},"23":{"start":{"line":31,"column":4},"end":{"line":31,"column":46}},"24":{"start":{"line":33,"column":4},"end":{"line":33,"column":45}},"25":{"start":{"line":35,"column":21},"end":{"line":35,"column":73}},"26":{"start":{"line":36,"column":17},"end":{"line":36,"column":60}},"27":{"start":{"line":37,"column":19},"end":{"line":37,"column":76}},"28":{"start":{"line":38,"column":4},"end":{"line":38,"column":42}},"29":{"start":{"line":40,"column":21},"end":{"line":40,"column":73}},"30":{"start":{"line":41,"column":4},"end":{"line":41,"column":40}},"31":{"start":{"line":45,"column":21},"end":{"line":45,"column":34}},"32":{"start":{"line":46,"column":23},"end":{"line":46,"column":51}},"33":{"start":{"line":48,"column":4},"end":{"line":48,"column":40}},"34":{"start":{"line":49,"column":4},"end":{"line":49,"column":44}},"35":{"start":{"line":51,"column":4},"end":{"line":51,"column":45}},"36":{"start":{"line":53,"column":21},"end":{"line":53,"column":73}},"37":{"start":{"line":54,"column":17},"end":{"line":54,"column":60}},"38":{"start":{"line":55,"column":19},"end":{"line":55,"column":76}},"39":{"start":{"line":57,"column":4},"end":{"line":57,"column":33}},"40":{"start":{"line":68,"column":4},"end":{"line":68,"column":40}},"41":{"start":{"line":69,"column":17},"end":{"line":69,"column":27}},"42":{"start":{"line":70,"column":20},"end":{"line":70,"column":39}},"43":{"start":{"line":71,"column":24},"end":{"line":71,"column":36}},"44":{"start":{"line":72,"column":22},"end":{"line":72,"column":36}},"45":{"start":{"line":74,"column":26},"end":{"line":74,"column":55}},"46":{"start":{"line":75,"column":24},"end":{"line":75,"column":31}},"47":{"start":{"line":76,"column":24},"end":{"line":76,"column":32}},"48":{"start":{"line":77,"column":26},"end":{"line":77,"column":54}},"49":{"start":{"line":78,"column":23},"end":{"line":78,"column":47}},"50":{"start":{"line":79,"column":27},"end":{"line":79,"column":64}},"51":{"start":{"line":80,"column":30},"end":{"line":80,"column":33}},"52":{"start":{"line":81,"column":32},"end":{"line":81,"column":41}},"53":{"start":{"line":82,"column":25},"end":{"line":82,"column":29}},"54":{"start":{"line":85,"column":6},"end":{"line":109,"column":19}},"55":{"start":{"line":111,"column":17},"end":{"line":111,"column":55}},"56":{"start":{"line":112,"column":27},"end":{"line":112,"column":80}},"57":{"start":{"line":114,"column":20},"end":{"line":129,"column":5}},"58":{"start":{"line":131,"column":18},"end":{"line":131,"column":34}},"59":{"start":{"line":132,"column":21},"end":{"line":132,"column":55}},"60":{"start":{"line":133,"column":4},"end":{"line":133,"column":25}},"61":{"start":{"line":137,"column":17},"end":{"line":137,"column":19}},"62":{"start":{"line":138,"column":14},"end":{"line":138,"column":16}},"63":{"start":{"line":140,"column":4},"end":{"line":144,"column":5}},"64":{"start":{"line":141,"column":6},"end":{"line":143,"column":7}},"65":{"start":{"line":142,"column":8},"end":{"line":142,"column":42}},"66":{"start":{"line":145,"column":4},"end":{"line":145,"column":15}},"67":{"start":{"line":146,"column":4},"end":{"line":148,"column":5}},"68":{"start":{"line":147,"column":6},"end":{"line":147,"column":80}},"69":{"start":{"line":149,"column":4},"end":{"line":149,"column":18}},"70":{"start":{"line":153,"column":0},"end":{"line":153,"column":36}}},"fnMap":{"0":{"name":"(anonymous_0)","decl":{"start":{"line":6,"column":2},"end":{"line":6,"column":3}},"loc":{"start":{"line":6,"column":16},"end":{"line":11,"column":3}},"line":6},"1":{"name":"(anonymous_1)","decl":{"start":{"line":13,"column":2},"end":{"line":13,"column":3}},"loc":{"start":{"line":13,"column":74},"end":{"line":42,"column":3}},"line":13},"2":{"name":"(anonymous_2)","decl":{"start":{"line":44,"column":2},"end":{"line":44,"column":3}},"loc":{"start":{"line":44,"column":26},"end":{"line":58,"column":3}},"line":44},"3":{"name":"(anonymous_3)","decl":{"start":{"line":60,"column":2},"end":{"line":60,"column":3}},"loc":{"start":{"line":67,"column":5},"end":{"line":134,"column":3}},"line":67},"4":{"name":"(anonymous_4)","decl":{"start":{"line":136,"column":2},"end":{"line":136,"column":3}},"loc":{"start":{"line":136,"column":18},"end":{"line":150,"column":3}},"line":136}},"branchMap":{"0":{"loc":{"start":{"line":13,"column":57},"end":{"line":13,"column":70}},"type":"default-arg","locations":[{"start":{"line":13,"column":66},"end":{"line":13,"column":70}}],"line":13},"1":{"loc":{"start":{"line":26,"column":34},"end":{"line":26,"column":80}},"type":"binary-expr","locations":[{"start":{"line":26,"column":34},"end":{"line":26,"column":43}},{"start":{"line":26,"column":47},"end":{"line":26,"column":80}}],"line":26},"2":{"loc":{"start":{"line":64,"column":4},"end":{"line":64,"column":20}},"type":"default-arg","locations":[{"start":{"line":64,"column":16},"end":{"line":64,"column":20}}],"line":64},"3":{"loc":{"start":{"line":65,"column":4},"end":{"line":65,"column":18}},"type":"default-arg","locations":[{"start":{"line":65,"column":11},"end":{"line":65,"column":18}}],"line":65},"4":{"loc":{"start":{"line":141,"column":6},"end":{"line":143,"column":7}},"type":"if","locations":[{"start":{"line":141,"column":6},"end":{"line":143,"column":7}},{"start":{},"end":{}}],"line":141}},"s":{"0":1,"1":1,"2":1,"3":1,"4":1,"5":1,"6":1,"7":0,"8":0,"9":0,"10":0,"11":0,"12":0,"13":0,"14":0,"15":0,"16":0,"17":0,"18":0,"19":0,"20":0,"21":0,"22":0,"23":0,"24":0,"25":0,"26":0,"27":0,"28":0,"29":0,"30":0,"31":0,"32":0,"33":0,"34":0,"35":0,"36":0,"37":0,"38":0,"39":0,"40":0,"41":0,"42":0,"43":0,"44":0,"45":0,"46":0,"47":0,"48":0,"49":0,"50":0,"51":0,"52":0,"53":0,"54":0,"55":0,"56":0,"57":0,"58":0,"59":0,"60":0,"61":0,"62":0,"63":0,"64":0,"65":0,"66":0,"67":0,"68":0,"69":0,"70":1},"f":{"0":1,"1":0,"2":0,"3":0,"4":0},"b":{"0":[0],"1":[0,0],"2":[0],"3":[0],"4":[0,0]},"_coverageSchema":"1a1c01bbd47fc00a2c39e90264f33305004495a9","hash":"4421f3c2de6d0711db2663e381c089c011879c47"}
,"D:\\QUAN TRỌNG\\e-commerce website\\backend\\src\\utils\\catchAsync.js": {"path":"D:\\QUAN TRỌNG\\e-commerce website\\backend\\src\\utils\\catchAsync.js","statementMap":{"0":{"start":{"line":5,"column":19},"end":{"line":9,"column":1}},"1":{"start":{"line":6,"column":2},"end":{"line":8,"column":4}},"2":{"start":{"line":7,"column":4},"end":{"line":7,"column":35}},"3":{"start":{"line":11,"column":0},"end":{"line":13,"column":2}}},"fnMap":{"0":{"name":"(anonymous_0)","decl":{"start":{"line":5,"column":19},"end":{"line":5,"column":20}},"loc":{"start":{"line":5,"column":27},"end":{"line":9,"column":1}},"line":5},"1":{"name":"(anonymous_1)","decl":{"start":{"line":6,"column":9},"end":{"line":6,"column":10}},"loc":{"start":{"line":6,"column":29},"end":{"line":8,"column":3}},"line":6}},"branchMap":{},"s":{"0":2,"1":26,"2":4,"3":2},"f":{"0":26,"1":4},"b":{},"_coverageSchema":"1a1c01bbd47fc00a2c39e90264f33305004495a9","hash":"028fa74f08d89df0e86e09350b845211087e4648"}
,"D:\\QUAN TRỌNG\\e-commerce website\\backend\\src\\utils\\logger.js": {"path":"D:\\QUAN TRỌNG\\e-commerce website\\backend\\src\\utils\\logger.js","statementMap":{"0":{"start":{"line":1,"column":16},"end":{"line":1,"column":34}},"1":{"start":{"line":4,"column":18},"end":{"line":13,"column":1}},"2":{"start":{"line":9,"column":4},"end":{"line":11,"column":44}},"3":{"start":{"line":16,"column":19},"end":{"line":21,"column":1}},"4":{"start":{"line":23,"column":15},"end":{"line":47,"column":2}},"5":{"start":{"line":49,"column":0},"end":{"line":49,"column":24}}},"fnMap":{"0":{"name":"(anonymous_0)","decl":{"start":{"line":8,"column":24},"end":{"line":8,"column":25}},"loc":{"start":{"line":8,"column":66},"end":{"line":12,"column":3}},"line":8}},"branchMap":{"0":{"loc":{"start":{"line":9,"column":11},"end":{"line":11,"column":43}},"type":"cond-expr","locations":[{"start":{"line":10,"column":8},"end":{"line":10,"column":53}},{"start":{"line":11,"column":8},"end":{"line":11,"column":43}}],"line":9},"1":{"loc":{"start":{"line":25,"column":9},"end":{"line":25,"column":92}},"type":"binary-expr","locations":[{"start":{"line":25,"column":9},"end":{"line":25,"column":30}},{"start":{"line":25,"column":35},"end":{"line":25,"column":91}}],"line":25},"2":{"loc":{"start":{"line":25,"column":35},"end":{"line":25,"column":91}},"type":"cond-expr","locations":[{"start":{"line":25,"column":75},"end":{"line":25,"column":81}},{"start":{"line":25,"column":84},"end":{"line":25,"column":91}}],"line":25},"3":{"loc":{"start":{"line":26,"column":10},"end":{"line":26,"column":72}},"type":"cond-expr","locations":[{"start":{"line":26,"column":50},"end":{"line":26,"column":60}},{"start":{"line":26,"column":63},"end":{"line":26,"column":72}}],"line":26},"4":{"loc":{"start":{"line":31,"column":8},"end":{"line":45,"column":10}},"type":"cond-expr","locations":[{"start":{"line":32,"column":8},"end":{"line":44,"column":9}},{"start":{"line":45,"column":8},"end":{"line":45,"column":10}}],"line":31}},"s":{"0":2,"1":2,"2":4,"3":2,"4":2,"5":2},"f":{"0":4},"b":{"0":[0,4],"1":[2,2],"2":[0,2],"3":[0,2],"4":[0,2]},"_coverageSchema":"1a1c01bbd47fc00a2c39e90264f33305004495a9","hash":"7045ff566040bace5fe335103e10c0975bfb90c0"}
,"D:\\QUAN TRỌNG\\e-commerce website\\backend\\src\\validators\\admin.js": {"path":"D:\\QUAN TRỌNG\\e-commerce website\\backend\\src\\validators\\admin.js","statementMap":{"0":{"start":{"line":1,"column":31},"end":{"line":1,"column":59}},"1":{"start":{"line":3,"column":32},"end":{"line":59,"column":1}},"2":{"start":{"line":61,"column":32},"end":{"line":124,"column":1}},"3":{"start":{"line":126,"column":29},"end":{"line":155,"column":1}},"4":{"start":{"line":157,"column":36},"end":{"line":174,"column":1}},"5":{"start":{"line":176,"column":29},"end":{"line":193,"column":1}},"6":{"start":{"line":195,"column":24},"end":{"line":210,"column":1}},"7":{"start":{"line":212,"column":25},"end":{"line":212,"column":77}},"8":{"start":{"line":214,"column":26},"end":{"line":214,"column":78}},"9":{"start":{"line":216,"column":0},"end":{"line":225,"column":2}}},"fnMap":{},"branchMap":{},"s":{"0":1,"1":1,"2":1,"3":1,"4":1,"5":1,"6":1,"7":1,"8":1,"9":1},"f":{},"b":{},"_coverageSchema":"1a1c01bbd47fc00a2c39e90264f33305004495a9","hash":"5bfd78a3749969e14bdbce38aa9c59683e3cf246"}
,"D:\\QUAN TRỌNG\\e-commerce website\\backend\\src\\validators\\cart.js": {"path":"D:\\QUAN TRỌNG\\e-commerce website\\backend\\src\\validators\\cart.js","statementMap":{"0":{"start":{"line":1,"column":12},"end":{"line":1,"column":26}},"1":{"start":{"line":4,"column":24},"end":{"line":15,"column":2}},"2":{"start":{"line":18,"column":29},"end":{"line":25,"column":2}},"3":{"start":{"line":28,"column":23},"end":{"line":44,"column":2}},"4":{"start":{"line":47,"column":23},"end":{"line":52,"column":2}},"5":{"start":{"line":54,"column":0},"end":{"line":58,"column":2}}},"fnMap":{},"branchMap":{},"s":{"0":2,"1":2,"2":2,"3":2,"4":2,"5":2},"f":{},"b":{},"_coverageSchema":"1a1c01bbd47fc00a2c39e90264f33305004495a9","hash":"4d38c37f22f20feaee4b4e7ae5f657121a3a9a92"}
,"D:\\QUAN TRỌNG\\e-commerce website\\backend\\src\\validators\\chat.js": {"path":"D:\\QUAN TRỌNG\\e-commerce website\\backend\\src\\validators\\chat.js","statementMap":{"0":{"start":{"line":1,"column":12},"end":{"line":1,"column":26}},"1":{"start":{"line":4,"column":26},"end":{"line":20,"column":2}},"2":{"start":{"line":22,"column":0},"end":{"line":22,"column":39}}},"fnMap":{},"branchMap":{},"s":{"0":2,"1":2,"2":2},"f":{},"b":{},"_coverageSchema":"1a1c01bbd47fc00a2c39e90264f33305004495a9","hash":"24290eec26a62585111dd3b52d8630cd671e243f"}
,"D:\\QUAN TRỌNG\\e-commerce website\\backend\\src\\validators\\contact.js": {"path":"D:\\QUAN TRỌNG\\e-commerce website\\backend\\src\\validators\\contact.js","statementMap":{"0":{"start":{"line":1,"column":12},"end":{"line":1,"column":26}},"1":{"start":{"line":4,"column":25},"end":{"line":13,"column":2}},"2":{"start":{"line":16,"column":23},"end":{"line":41,"column":2}},"3":{"start":{"line":43,"column":0},"end":{"line":43,"column":54}}},"fnMap":{},"branchMap":{},"s":{"0":1,"1":1,"2":1,"3":1},"f":{},"b":{},"_coverageSchema":"1a1c01bbd47fc00a2c39e90264f33305004495a9","hash":"65f04c1477f66340243fa8adb91aaece339fc317"}
,"D:\\QUAN TRỌNG\\e-commerce website\\backend\\src\\validators\\discountCode.js": {"path":"D:\\QUAN TRỌNG\\e-commerce website\\backend\\src\\validators\\discountCode.js","statementMap":{"0":{"start":{"line":1,"column":31},"end":{"line":1,"column":59}},"1":{"start":{"line":3,"column":37},"end":{"line":37,"column":1}},"2":{"start":{"line":39,"column":37},"end":{"line":42,"column":1}},"3":{"start":{"line":41,"column":43},"end":{"line":41,"column":55}},"4":{"start":{"line":44,"column":36},"end":{"line":49,"column":1}},"5":{"start":{"line":51,"column":0},"end":{"line":55,"column":2}}},"fnMap":{"0":{"name":"(anonymous_0)","decl":{"start":{"line":41,"column":38},"end":{"line":41,"column":39}},"loc":{"start":{"line":41,"column":43},"end":{"line":41,"column":55}},"line":41}},"branchMap":{},"s":{"0":1,"1":1,"2":1,"3":9,"4":1,"5":1},"f":{"0":9},"b":{},"_coverageSchema":"1a1c01bbd47fc00a2c39e90264f33305004495a9","hash":"58eb321fa4a0e679a4874b2efef2a75d27c9495d"}
,"D:\\QUAN TRỌNG\\e-commerce website\\backend\\src\\validators\\loyalty.js": {"path":"D:\\QUAN TRỌNG\\e-commerce website\\backend\\src\\validators\\loyalty.js","statementMap":{"0":{"start":{"line":1,"column":12},"end":{"line":1,"column":26}},"1":{"start":{"line":5,"column":27},"end":{"line":16,"column":2}},"2":{"start":{"line":18,"column":0},"end":{"line":18,"column":40}}},"fnMap":{},"branchMap":{},"s":{"0":1,"1":1,"2":1},"f":{},"b":{},"_coverageSchema":"1a1c01bbd47fc00a2c39e90264f33305004495a9","hash":"61c662ef12565fbe17a6f9382e996220bfbee547"}
,"D:\\QUAN TRỌNG\\e-commerce website\\backend\\src\\validators\\order.js": {"path":"D:\\QUAN TRỌNG\\e-commerce website\\backend\\src\\validators\\order.js","statementMap":{"0":{"start":{"line":1,"column":12},"end":{"line":1,"column":26}},"1":{"start":{"line":4,"column":26},"end":{"line":62,"column":2}},"2":{"start":{"line":65,"column":32},"end":{"line":73,"column":2}},"3":{"start":{"line":75,"column":0},"end":{"line":78,"column":2}}},"fnMap":{},"branchMap":{},"s":{"0":3,"1":3,"2":3,"3":3},"f":{},"b":{},"_coverageSchema":"1a1c01bbd47fc00a2c39e90264f33305004495a9","hash":"e8e00809bc907d7489d326b9fbecd5f9a0cea69f"}
,"D:\\QUAN TRỌNG\\e-commerce website\\backend\\src\\validators\\product.js": {"path":"D:\\QUAN TRỌNG\\e-commerce website\\backend\\src\\validators\\product.js","statementMap":{"0":{"start":{"line":1,"column":12},"end":{"line":1,"column":26}},"1":{"start":{"line":4,"column":22},"end":{"line":70,"column":2}},"2":{"start":{"line":72,"column":0},"end":{"line":74,"column":2}}},"fnMap":{},"branchMap":{},"s":{"0":1,"1":1,"2":1},"f":{},"b":{},"_coverageSchema":"1a1c01bbd47fc00a2c39e90264f33305004495a9","hash":"22aec133d922c153c3a813b6ec2711c7008fed1a"}
,"D:\\QUAN TRỌNG\\e-commerce website\\backend\\src\\validators\\searchHistory.js": {"path":"D:\\QUAN TRỌNG\\e-commerce website\\backend\\src\\validators\\searchHistory.js","statementMap":{"0":{"start":{"line":1,"column":12},"end":{"line":1,"column":26}},"1":{"start":{"line":4,"column":25},"end":{"line":18,"column":2}},"2":{"start":{"line":20,"column":0},"end":{"line":20,"column":38}}},"fnMap":{},"branchMap":{},"s":{"0":1,"1":1,"2":1},"f":{},"b":{},"_coverageSchema":"1a1c01bbd47fc00a2c39e90264f33305004495a9","hash":"aefcbf361a80aa830c7c28a649f10d1242f469a7"}
,"D:\\QUAN TRỌNG\\e-commerce website\\backend\\src\\validators\\user.js": {"path":"D:\\QUAN TRỌNG\\e-commerce website\\backend\\src\\validators\\user.js","statementMap":{"0":{"start":{"line":1,"column":12},"end":{"line":1,"column":26}},"1":{"start":{"line":4,"column":23},"end":{"line":24,"column":2}},"2":{"start":{"line":27,"column":20},"end":{"line":37,"column":2}},"3":{"start":{"line":40,"column":25},"end":{"line":49,"column":2}},"4":{"start":{"line":52,"column":29},"end":{"line":70,"column":2}},"5":{"start":{"line":73,"column":29},"end":{"line":79,"column":2}},"6":{"start":{"line":82,"column":28},"end":{"line":92,"column":2}},"7":{"start":{"line":95,"column":20},"end":{"line":101,"column":2}},"8":{"start":{"line":104,"column":26},"end":{"line":109,"column":2}},"9":{"start":{"line":111,"column":0},"end":{"line":120,"column":2}}},"fnMap":{},"branchMap":{},"s":{"0":2,"1":2,"2":2,"3":2,"4":2,"5":2,"6":2,"7":2,"8":2,"9":2},"f":{},"b":{},"_coverageSchema":"1a1c01bbd47fc00a2c39e90264f33305004495a9","hash":"ea646d12364aaa7bcdc53a87bac14d6da178771a"}
}
