TN:
SF:src\config\database.js
FNF:0
FNH:0
DA:1,1
DA:3,1
LF:2
LH:2
BRDA:28,0,0,1
BRDA:28,0,1,1
BRDA:61,1,0,0
BRDA:61,1,1,1
BRF:4
BRH:3
end_of_record
TN:
SF:src\config\sequelize.js
FNF:0
FNH:0
DA:1,1
DA:2,1
DA:4,1
DA:5,1
DA:7,1
DA:27,1
LF:6
LH:6
BRDA:4,0,0,1
BRDA:4,0,1,0
BRF:2
BRH:1
end_of_record
TN:
SF:src\constants\index.js
FNF:0
FNH:0
DA:2,3
LF:1
LH:1
BRF:0
BRH:0
end_of_record
TN:
SF:src\controllers\admin.js
FN:41,deepParseJSON
FN:65,deepParseJSONArray
FN:87,(anonymous_2)
FN:213,(anonymous_3)
FN:238,(anonymous_4)
FN:241,(anonymous_5)
FN:257,(anonymous_6)
FN:341,(anonymous_7)
FN:346,(anonymous_8)
FN:357,(anonymous_9)
FN:418,(anonymous_10)
FN:457,(anonymous_11)
FN:480,(anonymous_12)
FN:511,(anonymous_13)
FN:554,(anonymous_14)
FN:564,(anonymous_15)
FN:584,(anonymous_16)
FN:688,(anonymous_17)
FN:690,(anonymous_18)
FN:708,(anonymous_19)
FN:724,(anonymous_20)
FN:731,(anonymous_21)
FN:732,(anonymous_22)
FN:769,(anonymous_23)
FN:842,(anonymous_24)
FN:874,(anonymous_25)
FN:913,(anonymous_26)
FN:994,(anonymous_27)
FN:1067,(anonymous_28)
FN:1122,(anonymous_29)
FN:1127,(anonymous_30)
FN:1137,(anonymous_31)
FN:1140,(anonymous_32)
FN:1176,(anonymous_33)
FN:1182,(anonymous_34)
FN:1182,(anonymous_35)
FN:1193,(anonymous_36)
FN:1206,(anonymous_37)
FN:1253,(anonymous_38)
FN:1258,(anonymous_39)
FN:1268,(anonymous_40)
FN:1297,(anonymous_41)
FN:1335,(anonymous_42)
FN:1356,(anonymous_43)
FN:1410,(anonymous_44)
FN:1528,(anonymous_45)
FN:1532,(anonymous_46)
FN:1540,(anonymous_47)
FN:1569,(anonymous_48)
FN:1627,(anonymous_49)
FN:1646,(anonymous_50)
FN:1715,(anonymous_51)
FN:1718,(anonymous_52)
FN:1722,(anonymous_53)
FN:1753,(anonymous_54)
FN:1784,(anonymous_55)
FN:1850,(anonymous_56)
FN:1859,(anonymous_57)
FN:1871,(anonymous_58)
FN:1892,(anonymous_59)
FN:1907,(anonymous_60)
FN:1940,(anonymous_61)
FN:1975,(anonymous_62)
FNF:63
FNH:1
FNDA:0,deepParseJSON
FNDA:0,deepParseJSONArray
FNDA:1,(anonymous_2)
FNDA:0,(anonymous_3)
FNDA:0,(anonymous_4)
FNDA:0,(anonymous_5)
FNDA:0,(anonymous_6)
FNDA:0,(anonymous_7)
FNDA:0,(anonymous_8)
FNDA:0,(anonymous_9)
FNDA:0,(anonymous_10)
FNDA:0,(anonymous_11)
FNDA:0,(anonymous_12)
FNDA:0,(anonymous_13)
FNDA:0,(anonymous_14)
FNDA:0,(anonymous_15)
FNDA:0,(anonymous_16)
FNDA:0,(anonymous_17)
FNDA:0,(anonymous_18)
FNDA:0,(anonymous_19)
FNDA:0,(anonymous_20)
FNDA:0,(anonymous_21)
FNDA:0,(anonymous_22)
FNDA:0,(anonymous_23)
FNDA:0,(anonymous_24)
FNDA:0,(anonymous_25)
FNDA:0,(anonymous_26)
FNDA:0,(anonymous_27)
FNDA:0,(anonymous_28)
FNDA:0,(anonymous_29)
FNDA:0,(anonymous_30)
FNDA:0,(anonymous_31)
FNDA:0,(anonymous_32)
FNDA:0,(anonymous_33)
FNDA:0,(anonymous_34)
FNDA:0,(anonymous_35)
FNDA:0,(anonymous_36)
FNDA:0,(anonymous_37)
FNDA:0,(anonymous_38)
FNDA:0,(anonymous_39)
FNDA:0,(anonymous_40)
FNDA:0,(anonymous_41)
FNDA:0,(anonymous_42)
FNDA:0,(anonymous_43)
FNDA:0,(anonymous_44)
FNDA:0,(anonymous_45)
FNDA:0,(anonymous_46)
FNDA:0,(anonymous_47)
FNDA:0,(anonymous_48)
FNDA:0,(anonymous_49)
FNDA:0,(anonymous_50)
FNDA:0,(anonymous_51)
FNDA:0,(anonymous_52)
FNDA:0,(anonymous_53)
FNDA:0,(anonymous_54)
FNDA:0,(anonymous_55)
FNDA:0,(anonymous_56)
FNDA:0,(anonymous_57)
FNDA:0,(anonymous_58)
FNDA:0,(anonymous_59)
FNDA:0,(anonymous_60)
FNDA:0,(anonymous_61)
FNDA:0,(anonymous_62)
DA:23,1
DA:24,1
DA:25,1
DA:26,1
DA:27,1
DA:28,1
DA:34,1
DA:35,1
DA:42,0
DA:43,0
DA:44,0
DA:46,0
DA:47,0
DA:48,0
DA:49,0
DA:50,0
DA:52,0
DA:56,0
DA:57,0
DA:59,0
DA:66,0
DA:67,0
DA:68,0
DA:70,0
DA:71,0
DA:72,0
DA:73,0
DA:74,0
DA:76,0
DA:80,0
DA:81,0
DA:87,1
DA:88,1
DA:89,1
DA:90,1
DA:91,1
DA:96,1
DA:99,1
DA:100,1
DA:101,1
DA:102,1
DA:103,1
DA:104,1
DA:105,1
DA:108,1
DA:111,1
DA:118,1
DA:122,1
DA:131,1
DA:141,1
DA:150,1
DA:162,1
DA:165,1
DA:168,1
DA:173,1
DA:174,1
DA:175,1
DA:176,1
DA:200,1
DA:202,0
DA:207,1
DA:213,1
DA:214,0
DA:215,0
DA:218,1
DA:239,0
DA:240,0
DA:241,0
DA:242,0
DA:244,0
DA:257,1
DA:258,0
DA:260,0
DA:261,0
DA:264,0
DA:265,0
DA:269,0
DA:271,0
DA:272,0
DA:274,0
DA:275,0
DA:277,0
DA:278,0
DA:280,0
DA:281,0
DA:283,0
DA:287,0
DA:313,0
DA:338,0
DA:341,0
DA:346,0
DA:357,1
DA:365,0
DA:366,0
DA:368,0
DA:369,0
DA:372,0
DA:373,0
DA:382,0
DA:383,0
DA:387,0
DA:388,0
DA:391,0
DA:401,0
DA:418,1
DA:419,0
DA:421,0
DA:423,0
DA:424,0
DA:425,0
DA:429,0
DA:430,0
DA:434,0
DA:435,0
DA:438,0
DA:448,0
DA:457,1
DA:458,0
DA:460,0
DA:461,0
DA:464,0
DA:465,0
DA:466,0
DA:469,0
DA:471,0
DA:480,1
DA:481,0
DA:483,0
DA:498,0
DA:499,0
DA:502,0
DA:511,1
DA:512,0
DA:514,0
DA:545,0
DA:546,0
DA:550,0
DA:553,0
DA:554,0
DA:563,0
DA:564,0
DA:571,0
DA:572,0
DA:575,0
DA:584,1
DA:585,0
DA:616,0
DA:620,0
DA:623,0
DA:624,0
DA:625,0
DA:626,0
DA:640,0
DA:664,0
DA:665,0
DA:666,0
DA:678,0
DA:682,0
DA:683,0
DA:688,0
DA:690,0
DA:693,0
DA:696,0
DA:704,0
DA:707,0
DA:708,0
DA:711,0
DA:712,0
DA:715,0
DA:721,0
DA:722,0
DA:723,0
DA:724,0
DA:726,0
DA:727,0
DA:729,0
DA:731,0
DA:732,0
DA:733,0
DA:734,0
DA:735,0
DA:737,0
DA:740,0
DA:745,0
DA:751,0
DA:753,0
DA:754,0
DA:759,0
DA:760,0
DA:761,0
DA:762,0
DA:765,0
DA:769,0
DA:771,0
DA:773,0
DA:781,0
DA:785,0
DA:788,0
DA:795,0
DA:797,0
DA:801,0
DA:807,0
DA:822,0
DA:825,0
DA:826,0
DA:834,0
DA:835,0
DA:840,0
DA:841,0
DA:842,0
DA:843,0
DA:844,0
DA:852,0
DA:860,0
DA:861,0
DA:863,0
DA:868,0
DA:873,0
DA:874,0
DA:882,0
DA:883,0
DA:887,0
DA:893,0
DA:898,0
DA:899,0
DA:902,0
DA:906,0
DA:909,0
DA:911,0
DA:912,0
DA:914,0
DA:922,0
DA:923,0
DA:928,0
DA:934,0
DA:966,0
DA:967,0
DA:968,0
DA:969,0
DA:970,0
DA:973,0
DA:977,0
DA:978,0
DA:985,0
DA:994,1
DA:995,0
DA:1022,0
DA:1025,0
DA:1027,0
DA:1028,0
DA:1029,0
DA:1030,0
DA:1031,0
DA:1035,0
DA:1036,0
DA:1037,0
DA:1040,0
DA:1041,0
DA:1042,0
DA:1043,0
DA:1044,0
DA:1045,0
DA:1046,0
DA:1047,0
DA:1048,0
DA:1049,0
DA:1050,0
DA:1051,0
DA:1052,0
DA:1053,0
DA:1054,0
DA:1055,0
DA:1056,0
DA:1059,0
DA:1062,0
DA:1064,0
DA:1066,0
DA:1067,0
DA:1068,0
DA:1069,0
DA:1077,0
DA:1085,0
DA:1087,0
DA:1091,0
DA:1095,0
DA:1096,0
DA:1110,0
DA:1111,0
DA:1115,0
DA:1116,0
DA:1120,0
DA:1121,0
DA:1122,0
DA:1123,0
DA:1124,0
DA:1127,0
DA:1130,0
DA:1131,0
DA:1132,0
DA:1137,0
DA:1138,0
DA:1139,0
DA:1140,0
DA:1141,0
DA:1142,0
DA:1143,0
DA:1144,0
DA:1145,0
DA:1146,0
DA:1149,0
DA:1151,0
DA:1153,0
DA:1160,0
DA:1169,0
DA:1170,0
DA:1174,0
DA:1175,0
DA:1176,0
DA:1177,0
DA:1178,0
DA:1182,0
DA:1185,0
DA:1186,0
DA:1187,0
DA:1192,0
DA:1193,0
DA:1194,0
DA:1196,0
DA:1198,0
DA:1206,0
DA:1212,0
DA:1214,0
DA:1215,0
DA:1216,0
DA:1219,0
DA:1225,0
DA:1226,0
DA:1230,0
DA:1231,0
DA:1234,0
DA:1235,0
DA:1239,0
DA:1241,0
DA:1251,0
DA:1252,0
DA:1253,0
DA:1254,0
DA:1255,0
DA:1258,0
DA:1261,0
DA:1262,0
DA:1263,0
DA:1268,0
DA:1269,0
DA:1276,0
DA:1277,0
DA:1279,0
DA:1285,0
DA:1286,0
DA:1290,0
DA:1291,0
DA:1292,0
DA:1293,0
DA:1297,0
DA:1298,0
DA:1304,0
DA:1308,0
DA:1311,0
DA:1314,0
DA:1330,0
DA:1331,0
DA:1332,0
DA:1333,0
DA:1334,0
DA:1335,0
DA:1337,0
DA:1339,0
DA:1342,0
DA:1347,0
DA:1348,0
DA:1349,0
DA:1356,1
DA:1357,0
DA:1359,0
DA:1360,0
DA:1361,0
DA:1365,0
DA:1367,0
DA:1369,0
DA:1376,0
DA:1379,0
DA:1382,0
DA:1385,0
DA:1388,0
DA:1391,0
DA:1394,0
DA:1396,0
DA:1402,0
DA:1403,0
DA:1410,1
DA:1422,0
DA:1423,0
DA:1425,0
DA:1426,0
DA:1429,0
DA:1430,0
DA:1439,0
DA:1440,0
DA:1444,0
DA:1445,0
DA:1450,0
DA:1451,0
DA:1458,0
DA:1459,0
DA:1464,0
DA:1465,0
DA:1471,0
DA:1511,0
DA:1512,0
DA:1515,0
DA:1516,0
DA:1517,0
DA:1525,0
DA:1528,0
DA:1529,0
DA:1532,0
DA:1535,0
DA:1538,0
DA:1539,0
DA:1540,0
DA:1541,0
DA:1545,0
DA:1548,0
DA:1561,0
DA:1562,0
DA:1569,1
DA:1576,0
DA:1577,0
DA:1579,0
DA:1580,0
DA:1583,0
DA:1584,0
DA:1588,0
DA:1589,0
DA:1592,0
DA:1610,0
DA:1627,1
DA:1628,0
DA:1630,0
DA:1631,0
DA:1632,0
DA:1635,0
DA:1637,0
DA:1646,1
DA:1655,0
DA:1656,0
DA:1658,0
DA:1659,0
DA:1662,0
DA:1663,0
DA:1667,0
DA:1668,0
DA:1674,0
DA:1675,0
DA:1678,0
DA:1703,0
DA:1704,0
DA:1705,0
DA:1712,0
DA:1715,0
DA:1716,0
DA:1717,0
DA:1718,0
DA:1719,0
DA:1721,0
DA:1722,0
DA:1724,0
DA:1726,0
DA:1729,0
DA:1732,0
DA:1745,0
DA:1746,0
DA:1753,1
DA:1754,0
DA:1755,0
DA:1757,0
DA:1758,0
DA:1759,0
DA:1762,0
DA:1769,0
DA:1770,0
DA:1773,0
DA:1775,0
DA:1784,1
DA:1785,0
DA:1788,0
DA:1802,0
DA:1803,0
DA:1807,0
DA:1808,0
DA:1809,0
DA:1810,0
DA:1811,0
DA:1812,0
DA:1813,0
DA:1814,0
DA:1815,0
DA:1817,0
DA:1822,0
DA:1825,0
DA:1827,0
DA:1829,0
DA:1830,0
DA:1831,0
DA:1832,0
DA:1833,0
DA:1834,0
DA:1835,0
DA:1836,0
DA:1837,0
DA:1838,0
DA:1840,0
DA:1841,0
DA:1842,0
DA:1844,0
DA:1849,0
DA:1850,0
DA:1854,0
DA:1858,0
DA:1859,0
DA:1860,0
DA:1861,0
DA:1862,0
DA:1863,0
DA:1864,0
DA:1866,0
DA:1870,0
DA:1871,0
DA:1872,0
DA:1873,0
DA:1874,0
DA:1875,0
DA:1878,0
DA:1881,0
DA:1882,0
DA:1884,0
DA:1888,0
DA:1892,0
DA:1893,0
DA:1894,0
DA:1895,0
DA:1896,0
DA:1897,0
DA:1899,0
DA:1903,0
DA:1907,0
DA:1912,0
DA:1915,0
DA:1918,0
DA:1926,0
DA:1931,0
DA:1932,0
DA:1933,0
DA:1940,1
DA:1941,0
DA:1942,0
DA:1944,0
DA:1945,0
DA:1946,0
DA:1949,0
DA:1950,0
DA:1951,0
DA:1955,0
DA:1957,0
DA:1960,0
DA:1968,0
DA:1975,1
DA:1976,0
DA:1977,0
DA:1978,0
DA:1980,0
DA:1981,0
DA:1984,0
DA:1985,0
DA:1989,0
DA:1991,0
DA:1992,0
DA:1994,0
DA:1995,0
DA:1996,0
DA:1999,0
DA:2000,0
DA:2003,0
DA:2004,0
DA:2005,0
DA:2009,0
DA:2020,0
DA:2032,1
LF:598
LH:57
BRDA:42,0,0,0
BRDA:42,0,1,0
BRDA:42,1,0,0
BRDA:42,1,1,0
BRDA:43,2,0,0
BRDA:43,2,1,0
BRDA:43,3,0,0
BRDA:43,3,1,0
BRDA:44,4,0,0
BRDA:44,4,1,0
BRDA:48,5,0,0
BRDA:48,5,1,0
BRDA:56,6,0,0
BRDA:56,6,1,0
BRDA:56,7,0,0
BRDA:56,7,1,0
BRDA:56,7,2,0
BRDA:66,8,0,0
BRDA:66,8,1,0
BRDA:66,9,0,0
BRDA:66,9,1,0
BRDA:67,10,0,0
BRDA:67,10,1,0
BRDA:68,11,0,0
BRDA:68,11,1,0
BRDA:72,12,0,0
BRDA:72,12,1,0
BRDA:80,13,0,0
BRDA:80,13,1,0
BRDA:162,14,0,0
BRDA:162,14,1,1
BRDA:165,15,0,0
BRDA:165,15,1,1
BRDA:168,16,0,0
BRDA:168,16,1,1
BRDA:225,17,0,1
BRDA:225,17,1,1
BRDA:231,18,0,1
BRDA:231,18,1,1
BRDA:239,19,0,0
BRDA:239,19,1,0
BRDA:240,20,0,0
BRDA:240,20,1,0
BRDA:258,21,0,0
BRDA:260,22,0,0
BRDA:260,22,1,0
BRDA:260,23,0,0
BRDA:260,23,1,0
BRDA:269,24,0,0
BRDA:269,24,1,0
BRDA:269,24,2,0
BRDA:269,24,3,0
BRDA:269,24,4,0
BRDA:344,25,0,0
BRDA:344,25,1,0
BRDA:359,26,0,0
BRDA:360,27,0,0
BRDA:361,28,0,0
BRDA:362,29,0,0
BRDA:363,30,0,0
BRDA:366,31,0,0
BRDA:366,31,1,0
BRDA:372,32,0,0
BRDA:372,32,1,0
BRDA:382,33,0,0
BRDA:382,33,1,0
BRDA:387,34,0,0
BRDA:387,34,1,0
BRDA:424,35,0,0
BRDA:424,35,1,0
BRDA:429,36,0,0
BRDA:429,36,1,0
BRDA:429,37,0,0
BRDA:429,37,1,0
BRDA:429,37,2,0
BRDA:434,38,0,0
BRDA:434,38,1,0
BRDA:434,39,0,0
BRDA:434,39,1,0
BRDA:439,40,0,0
BRDA:439,40,1,0
BRDA:440,41,0,0
BRDA:440,41,1,0
BRDA:441,42,0,0
BRDA:441,42,1,0
BRDA:442,43,0,0
BRDA:442,43,1,0
BRDA:444,44,0,0
BRDA:444,44,1,0
BRDA:445,45,0,0
BRDA:445,45,1,0
BRDA:460,46,0,0
BRDA:460,46,1,0
BRDA:465,47,0,0
BRDA:465,47,1,0
BRDA:498,48,0,0
BRDA:498,48,1,0
BRDA:545,49,0,0
BRDA:545,49,1,0
BRDA:553,50,0,0
BRDA:553,50,1,0
BRDA:553,51,0,0
BRDA:553,51,1,0
BRDA:557,52,0,0
BRDA:557,52,1,0
BRDA:563,53,0,0
BRDA:563,53,1,0
BRDA:563,54,0,0
BRDA:563,54,1,0
BRDA:571,55,0,0
BRDA:571,55,1,0
BRDA:571,56,0,0
BRDA:571,56,1,0
BRDA:598,57,0,0
BRDA:601,58,0,0
BRDA:602,59,0,0
BRDA:603,60,0,0
BRDA:604,61,0,0
BRDA:607,62,0,0
BRDA:608,63,0,0
BRDA:609,64,0,0
BRDA:610,65,0,0
BRDA:612,66,0,0
BRDA:613,67,0,0
BRDA:614,68,0,0
BRDA:615,69,0,0
BRDA:620,70,0,0
BRDA:620,70,1,0
BRDA:623,71,0,0
BRDA:623,71,1,0
BRDA:625,72,0,0
BRDA:625,72,1,0
BRDA:642,73,0,0
BRDA:642,73,1,0
BRDA:644,74,0,0
BRDA:644,74,1,0
BRDA:649,75,0,0
BRDA:649,75,1,0
BRDA:649,75,2,0
BRDA:653,76,0,0
BRDA:653,76,1,0
BRDA:654,77,0,0
BRDA:654,77,1,0
BRDA:655,78,0,0
BRDA:655,78,1,0
BRDA:656,79,0,0
BRDA:656,79,1,0
BRDA:659,80,0,0
BRDA:659,80,1,0
BRDA:660,81,0,0
BRDA:660,81,1,0
BRDA:665,82,0,0
BRDA:665,82,1,0
BRDA:682,83,0,0
BRDA:682,83,1,0
BRDA:682,84,0,0
BRDA:682,84,1,0
BRDA:693,85,0,0
BRDA:693,85,1,0
BRDA:693,86,0,0
BRDA:693,86,1,0
BRDA:704,87,0,0
BRDA:704,87,1,0
BRDA:711,88,0,0
BRDA:711,88,1,0
BRDA:721,89,0,0
BRDA:721,89,1,0
BRDA:721,90,0,0
BRDA:721,90,1,0
BRDA:727,91,0,0
BRDA:727,91,1,0
BRDA:733,92,0,0
BRDA:733,92,1,0
BRDA:735,93,0,0
BRDA:735,93,1,0
BRDA:748,94,0,0
BRDA:748,94,1,0
BRDA:760,95,0,0
BRDA:760,95,1,0
BRDA:760,96,0,0
BRDA:760,96,1,0
BRDA:781,97,0,0
BRDA:781,97,1,0
BRDA:782,98,0,0
BRDA:782,98,1,0
BRDA:795,99,0,0
BRDA:795,99,1,0
BRDA:801,100,0,0
BRDA:801,100,1,0
BRDA:802,101,0,0
BRDA:802,101,1,0
BRDA:802,102,0,0
BRDA:802,102,1,0
BRDA:812,103,0,0
BRDA:812,103,1,0
BRDA:813,104,0,0
BRDA:813,104,1,0
BRDA:814,105,0,0
BRDA:814,105,1,0
BRDA:816,106,0,0
BRDA:816,106,1,0
BRDA:817,107,0,0
BRDA:817,107,1,0
BRDA:840,108,0,0
BRDA:840,108,1,0
BRDA:840,109,0,0
BRDA:840,109,1,0
BRDA:840,109,2,0
BRDA:843,110,0,0
BRDA:843,110,1,0
BRDA:854,111,0,0
BRDA:854,111,1,0
BRDA:855,112,0,0
BRDA:855,112,1,0
BRDA:856,113,0,0
BRDA:856,113,1,0
BRDA:857,114,0,0
BRDA:857,114,1,0
BRDA:868,115,0,0
BRDA:868,115,1,0
BRDA:869,116,0,0
BRDA:869,116,1,0
BRDA:869,116,2,0
BRDA:878,117,0,0
BRDA:878,117,1,0
BRDA:879,118,0,0
BRDA:879,118,1,0
BRDA:893,119,0,0
BRDA:893,119,1,0
BRDA:894,120,0,0
BRDA:894,120,1,0
BRDA:894,120,2,0
BRDA:911,121,0,0
BRDA:911,121,1,0
BRDA:968,122,0,0
BRDA:968,122,1,0
BRDA:968,123,0,0
BRDA:968,123,1,0
BRDA:1016,124,0,0
BRDA:1017,125,0,0
BRDA:1018,126,0,0
BRDA:1019,127,0,0
BRDA:1020,128,0,0
BRDA:1029,129,0,0
BRDA:1029,129,1,0
BRDA:1036,130,0,0
BRDA:1036,130,1,0
BRDA:1036,131,0,0
BRDA:1036,131,1,0
BRDA:1037,132,0,0
BRDA:1037,132,1,0
BRDA:1037,133,0,0
BRDA:1037,133,1,0
BRDA:1041,134,0,0
BRDA:1041,134,1,0
BRDA:1042,135,0,0
BRDA:1042,135,1,0
BRDA:1042,136,0,0
BRDA:1042,136,1,0
BRDA:1043,137,0,0
BRDA:1043,137,1,0
BRDA:1044,138,0,0
BRDA:1044,138,1,0
BRDA:1045,139,0,0
BRDA:1045,139,1,0
BRDA:1045,140,0,0
BRDA:1045,140,1,0
BRDA:1046,141,0,0
BRDA:1046,141,1,0
BRDA:1047,142,0,0
BRDA:1047,142,1,0
BRDA:1047,143,0,0
BRDA:1047,143,1,0
BRDA:1048,144,0,0
BRDA:1048,144,1,0
BRDA:1049,145,0,0
BRDA:1049,145,1,0
BRDA:1050,146,0,0
BRDA:1050,146,1,0
BRDA:1051,147,0,0
BRDA:1051,147,1,0
BRDA:1052,148,0,0
BRDA:1052,148,1,0
BRDA:1053,149,0,0
BRDA:1053,149,1,0
BRDA:1054,150,0,0
BRDA:1054,150,1,0
BRDA:1055,151,0,0
BRDA:1055,151,1,0
BRDA:1056,152,0,0
BRDA:1056,152,1,0
BRDA:1062,153,0,0
BRDA:1062,153,1,0
BRDA:1062,154,0,0
BRDA:1062,154,1,0
BRDA:1066,155,0,0
BRDA:1066,155,1,0
BRDA:1068,156,0,0
BRDA:1068,156,1,0
BRDA:1079,157,0,0
BRDA:1079,157,1,0
BRDA:1080,158,0,0
BRDA:1080,158,1,0
BRDA:1081,159,0,0
BRDA:1081,159,1,0
BRDA:1082,160,0,0
BRDA:1082,160,1,0
BRDA:1091,161,0,0
BRDA:1091,161,1,0
BRDA:1093,162,0,0
BRDA:1093,162,1,0
BRDA:1095,163,0,0
BRDA:1095,163,1,0
BRDA:1095,164,0,0
BRDA:1095,164,1,0
BRDA:1100,165,0,0
BRDA:1100,165,1,0
BRDA:1110,166,0,0
BRDA:1110,166,1,0
BRDA:1110,167,0,0
BRDA:1110,167,1,0
BRDA:1120,168,0,0
BRDA:1120,168,1,0
BRDA:1120,169,0,0
BRDA:1120,169,1,0
BRDA:1131,170,0,0
BRDA:1131,170,1,0
BRDA:1139,171,0,0
BRDA:1139,171,1,0
BRDA:1141,172,0,0
BRDA:1141,172,1,0
BRDA:1143,173,0,0
BRDA:1143,173,1,0
BRDA:1145,174,0,0
BRDA:1145,174,1,0
BRDA:1149,175,0,0
BRDA:1149,175,1,0
BRDA:1151,176,0,0
BRDA:1151,176,1,0
BRDA:1155,177,0,0
BRDA:1155,177,1,0
BRDA:1155,177,2,0
BRDA:1156,178,0,0
BRDA:1156,178,1,0
BRDA:1164,179,0,0
BRDA:1164,179,1,0
BRDA:1165,180,0,0
BRDA:1165,180,1,0
BRDA:1174,181,0,0
BRDA:1174,181,1,0
BRDA:1174,182,0,0
BRDA:1174,182,1,0
BRDA:1182,183,0,0
BRDA:1182,183,1,0
BRDA:1186,184,0,0
BRDA:1186,184,1,0
BRDA:1194,185,0,0
BRDA:1194,185,1,0
BRDA:1196,186,0,0
BRDA:1196,186,1,0
BRDA:1196,187,0,0
BRDA:1196,187,1,0
BRDA:1196,187,2,0
BRDA:1203,188,0,0
BRDA:1203,188,1,0
BRDA:1204,189,0,0
BRDA:1204,189,1,0
BRDA:1204,190,0,0
BRDA:1204,190,1,0
BRDA:1204,190,2,0
BRDA:1205,191,0,0
BRDA:1205,191,1,0
BRDA:1206,192,0,0
BRDA:1206,192,1,0
BRDA:1206,192,2,0
BRDA:1208,193,0,0
BRDA:1208,193,1,0
BRDA:1209,194,0,0
BRDA:1209,194,1,0
BRDA:1209,194,2,0
BRDA:1212,195,0,0
BRDA:1212,195,1,0
BRDA:1212,196,0,0
BRDA:1212,196,1,0
BRDA:1223,197,0,0
BRDA:1223,197,1,0
BRDA:1223,198,0,0
BRDA:1223,198,1,0
BRDA:1239,199,0,0
BRDA:1239,199,1,0
BRDA:1243,200,0,0
BRDA:1243,200,1,0
BRDA:1244,201,0,0
BRDA:1244,201,1,0
BRDA:1251,202,0,0
BRDA:1251,202,1,0
BRDA:1251,203,0,0
BRDA:1251,203,1,0
BRDA:1262,204,0,0
BRDA:1262,204,1,0
BRDA:1272,205,0,0
BRDA:1272,205,1,0
BRDA:1273,206,0,0
BRDA:1273,206,1,0
BRDA:1276,207,0,0
BRDA:1276,207,1,0
BRDA:1290,208,0,0
BRDA:1290,208,1,0
BRDA:1290,209,0,0
BRDA:1290,209,1,0
BRDA:1292,210,0,0
BRDA:1292,210,1,0
BRDA:1311,211,0,0
BRDA:1311,211,1,0
BRDA:1332,212,0,0
BRDA:1332,212,1,0
BRDA:1332,213,0,0
BRDA:1332,213,1,0
BRDA:1332,213,2,0
BRDA:1334,214,0,0
BRDA:1334,214,1,0
BRDA:1347,215,0,0
BRDA:1347,215,1,0
BRDA:1360,216,0,0
BRDA:1360,216,1,0
BRDA:1412,217,0,0
BRDA:1413,218,0,0
BRDA:1414,219,0,0
BRDA:1415,220,0,0
BRDA:1416,221,0,0
BRDA:1417,222,0,0
BRDA:1423,223,0,0
BRDA:1423,223,1,0
BRDA:1429,224,0,0
BRDA:1429,224,1,0
BRDA:1439,225,0,0
BRDA:1439,225,1,0
BRDA:1444,226,0,0
BRDA:1444,226,1,0
BRDA:1450,227,0,0
BRDA:1450,227,1,0
BRDA:1458,228,0,0
BRDA:1458,228,1,0
BRDA:1464,229,0,0
BRDA:1464,229,1,0
BRDA:1511,230,0,0
BRDA:1511,230,1,0
BRDA:1522,231,0,0
BRDA:1522,231,1,0
BRDA:1532,232,0,0
BRDA:1532,232,1,0
BRDA:1538,233,0,0
BRDA:1538,233,1,0
BRDA:1539,234,0,0
BRDA:1539,234,1,0
BRDA:1540,235,0,0
BRDA:1540,235,1,0
BRDA:1571,236,0,0
BRDA:1572,237,0,0
BRDA:1573,238,0,0
BRDA:1574,239,0,0
BRDA:1575,240,0,0
BRDA:1577,241,0,0
BRDA:1577,241,1,0
BRDA:1583,242,0,0
BRDA:1583,242,1,0
BRDA:1588,243,0,0
BRDA:1588,243,1,0
BRDA:1631,244,0,0
BRDA:1631,244,1,0
BRDA:1648,245,0,0
BRDA:1649,246,0,0
BRDA:1650,247,0,0
BRDA:1651,248,0,0
BRDA:1652,249,0,0
BRDA:1656,250,0,0
BRDA:1656,250,1,0
BRDA:1662,251,0,0
BRDA:1662,251,1,0
BRDA:1667,252,0,0
BRDA:1667,252,1,0
BRDA:1667,253,0,0
BRDA:1667,253,1,0
BRDA:1674,254,0,0
BRDA:1674,254,1,0
BRDA:1717,255,0,0
BRDA:1717,255,1,0
BRDA:1719,256,0,0
BRDA:1719,256,1,0
BRDA:1722,257,0,0
BRDA:1722,257,1,0
BRDA:1758,258,0,0
BRDA:1758,258,1,0
BRDA:1763,259,0,0
BRDA:1763,259,1,0
BRDA:1764,260,0,0
BRDA:1764,260,1,0
BRDA:1765,261,0,0
BRDA:1765,261,1,0
BRDA:1765,262,0,0
BRDA:1765,262,1,0
BRDA:1769,263,0,0
BRDA:1769,263,1,0
BRDA:1769,264,0,0
BRDA:1769,264,1,0
BRDA:1802,265,0,0
BRDA:1802,265,1,0
BRDA:1813,266,0,0
BRDA:1813,266,1,0
BRDA:1849,267,0,0
BRDA:1849,267,1,0
BRDA:1849,268,0,0
BRDA:1849,268,1,0
BRDA:1858,269,0,0
BRDA:1858,269,1,0
BRDA:1858,270,0,0
BRDA:1858,270,1,0
BRDA:1870,271,0,0
BRDA:1870,271,1,0
BRDA:1870,272,0,0
BRDA:1870,272,1,0
BRDA:1878,273,0,0
BRDA:1878,273,1,0
BRDA:1888,274,0,0
BRDA:1888,274,1,0
BRDA:1889,275,0,0
BRDA:1889,275,1,0
BRDA:1903,276,0,0
BRDA:1903,276,1,0
BRDA:1904,277,0,0
BRDA:1904,277,1,0
BRDA:1910,278,0,0
BRDA:1910,278,1,0
BRDA:1945,279,0,0
BRDA:1945,279,1,0
BRDA:1950,280,0,0
BRDA:1950,280,1,0
BRDA:1950,281,0,0
BRDA:1950,281,1,0
BRDA:1955,282,0,0
BRDA:1955,282,1,0
BRDA:1955,283,0,0
BRDA:1955,283,1,0
BRDA:1980,284,0,0
BRDA:1980,284,1,0
BRDA:1980,285,0,0
BRDA:1980,285,1,0
BRDA:1985,286,0,0
BRDA:1985,286,1,0
BRDA:1989,287,0,0
BRDA:1989,287,1,0
BRDA:1992,288,0,0
BRDA:1992,288,1,0
BRDA:2000,289,0,0
BRDA:2000,289,1,0
BRDA:2000,290,0,0
BRDA:2000,290,1,0
BRDA:2011,291,0,0
BRDA:2011,291,1,0
BRDA:2016,292,0,0
BRDA:2016,292,1,0
BRDA:2023,293,0,0
BRDA:2023,293,1,0
BRF:563
BRH:7
end_of_record
TN:
SF:src\controllers\auth.js
FN:15,(anonymous_0)
FN:57,(anonymous_1)
FN:120,(anonymous_2)
FN:210,(anonymous_3)
FN:237,(anonymous_4)
FN:281,(anonymous_5)
FN:321,(anonymous_6)
FN:371,(anonymous_7)
FN:407,(anonymous_8)
FN:440,(anonymous_9)
FNF:10
FNH:4
FNDA:2,(anonymous_0)
FNDA:7,(anonymous_1)
FNDA:0,(anonymous_2)
FNDA:0,(anonymous_3)
FNDA:0,(anonymous_4)
FNDA:0,(anonymous_5)
FNDA:0,(anonymous_6)
FNDA:3,(anonymous_7)
FNDA:2,(anonymous_8)
FNDA:0,(anonymous_9)
DA:1,3
DA:2,3
DA:3,3
DA:4,3
DA:5,3
DA:6,3
DA:7,3
DA:8,3
DA:9,3
DA:10,3
DA:11,3
DA:12,3
DA:15,3
DA:16,2
DA:17,2
DA:20,2
DA:21,2
DA:22,0
DA:26,2
DA:27,2
DA:30,2
DA:41,2
DA:42,2
DA:44,1
DA:47,2
DA:52,0
DA:57,3
DA:58,7
DA:59,7
DA:62,7
DA:63,7
DA:64,1
DA:68,6
DA:69,6
DA:70,1
DA:74,5
DA:75,1
DA:79,4
DA:80,0
DA:87,4
DA:94,4
DA:101,4
DA:104,4
DA:105,0
DA:108,4
DA:115,3
DA:120,3
DA:121,0
DA:122,0
DA:126,0
DA:127,0
DA:131,0
DA:133,0
DA:134,0
DA:135,0
DA:137,0
DA:141,0
DA:142,0
DA:145,0
DA:148,0
DA:154,0
DA:156,0
DA:166,0
DA:167,0
DA:168,0
DA:169,0
DA:171,0
DA:172,0
DA:177,0
DA:178,0
DA:185,0
DA:192,0
DA:198,0
DA:205,0
DA:210,3
DA:211,0
DA:212,0
DA:213,0
DA:214,0
DA:215,0
DA:216,0
DA:217,0
DA:218,0
DA:219,0
DA:220,0
DA:221,0
DA:222,0
DA:230,0
DA:232,0
DA:237,3
DA:238,0
DA:239,0
DA:241,0
DA:242,0
DA:246,0
DA:247,0
DA:248,0
DA:251,0
DA:252,0
DA:256,0
DA:257,0
DA:261,0
DA:262,0
DA:266,0
DA:267,0
DA:268,0
DA:269,0
DA:271,0
DA:276,0
DA:281,3
DA:282,0
DA:283,0
DA:286,0
DA:287,0
DA:288,0
DA:291,0
DA:292,0
DA:296,0
DA:297,0
DA:300,0
DA:301,0
DA:302,0
DA:305,0
DA:306,0
DA:308,0
DA:311,0
DA:316,0
DA:321,3
DA:322,0
DA:323,0
DA:325,0
DA:326,0
DA:330,0
DA:333,0
DA:334,0
DA:335,0
DA:338,0
DA:339,0
DA:346,0
DA:352,0
DA:357,0
DA:361,0
DA:365,0
DA:371,3
DA:372,3
DA:373,3
DA:376,3
DA:377,3
DA:379,2
DA:380,2
DA:383,2
DA:384,2
DA:385,2
DA:388,2
DA:389,2
DA:391,1
DA:396,3
DA:401,0
DA:407,3
DA:408,2
DA:409,2
DA:412,2
DA:419,2
DA:420,1
DA:424,1
DA:425,1
DA:426,1
DA:427,1
DA:429,1
DA:435,1
DA:440,3
DA:441,0
DA:442,0
DA:451,0
DA:452,0
DA:455,0
DA:460,0
DA:464,3
LF:178
LH:75
BRDA:21,0,0,0
BRDA:21,0,1,2
BRDA:63,1,0,1
BRDA:63,1,1,6
BRDA:69,2,0,1
BRDA:69,2,1,5
BRDA:74,3,0,1
BRDA:74,3,1,4
BRDA:79,4,0,0
BRDA:79,4,1,4
BRDA:104,5,0,0
BRDA:104,5,1,4
BRDA:141,6,0,0
BRDA:141,6,1,0
BRDA:154,7,0,0
BRDA:154,7,1,0
BRDA:159,8,0,0
BRDA:159,8,1,0
BRDA:160,9,0,0
BRDA:160,9,1,0
BRDA:167,10,0,0
BRDA:167,10,1,0
BRDA:168,11,0,0
BRDA:168,11,1,0
BRDA:169,12,0,0
BRDA:169,12,1,0
BRDA:171,13,0,0
BRDA:171,13,1,0
BRDA:177,14,0,0
BRDA:177,14,1,0
BRDA:213,15,0,0
BRDA:213,15,1,0
BRDA:213,16,0,0
BRDA:213,16,1,0
BRDA:217,17,0,0
BRDA:217,17,1,0
BRDA:217,18,0,0
BRDA:217,18,1,0
BRDA:219,19,0,0
BRDA:219,19,1,0
BRDA:221,20,0,0
BRDA:221,20,1,0
BRDA:241,21,0,0
BRDA:241,21,1,0
BRDA:241,22,0,0
BRDA:241,22,1,0
BRDA:247,23,0,0
BRDA:247,23,1,0
BRDA:251,24,0,0
BRDA:251,24,1,0
BRDA:256,25,0,0
BRDA:256,25,1,0
BRDA:256,26,0,0
BRDA:256,26,1,0
BRDA:261,27,0,0
BRDA:261,27,1,0
BRDA:261,28,0,0
BRDA:261,28,1,0
BRDA:287,29,0,0
BRDA:287,29,1,0
BRDA:291,30,0,0
BRDA:291,30,1,0
BRDA:325,31,0,0
BRDA:325,31,1,0
BRDA:334,32,0,0
BRDA:334,32,1,0
BRDA:338,33,0,0
BRDA:338,33,1,0
BRDA:357,34,0,0
BRDA:357,34,1,0
BRDA:358,35,0,0
BRDA:358,35,1,0
BRDA:377,36,0,2
BRDA:377,36,1,1
BRDA:419,37,0,1
BRDA:419,37,1,1
BRDA:451,38,0,0
BRDA:451,38,1,0
BRF:78
BRH:13
end_of_record
TN:
SF:src\controllers\brand.js
FN:6,(anonymous_0)
FN:31,(anonymous_1)
FN:31,(anonymous_2)
FN:50,(anonymous_3)
FN:71,(anonymous_4)
FN:89,(anonymous_5)
FN:110,(anonymous_6)
FN:137,(anonymous_7)
FNF:8
FNH:0
FNDA:0,(anonymous_0)
FNDA:0,(anonymous_1)
FNDA:0,(anonymous_2)
FNDA:0,(anonymous_3)
FNDA:0,(anonymous_4)
FNDA:0,(anonymous_5)
FNDA:0,(anonymous_6)
FNDA:0,(anonymous_7)
DA:1,1
DA:2,1
DA:3,1
DA:6,1
DA:7,0
DA:8,0
DA:9,0
DA:12,0
DA:14,0
DA:15,0
DA:17,0
DA:19,0
DA:20,0
DA:21,0
DA:25,0
DA:31,0
DA:32,0
DA:35,0
DA:40,0
DA:45,0
DA:50,1
DA:51,0
DA:52,0
DA:53,0
DA:57,0
DA:58,0
DA:61,0
DA:66,0
DA:71,1
DA:72,0
DA:73,0
DA:74,0
DA:79,0
DA:84,0
DA:89,1
DA:90,0
DA:91,0
DA:92,0
DA:94,0
DA:95,0
DA:98,0
DA:100,0
DA:105,0
DA:110,1
DA:111,0
DA:112,0
DA:113,0
DA:115,0
DA:116,0
DA:120,0
DA:121,0
DA:122,0
DA:125,0
DA:127,0
DA:132,0
DA:137,1
DA:138,0
DA:139,0
DA:140,0
DA:142,0
DA:143,0
DA:144,0
DA:147,0
DA:154,0
DA:164,0
DA:168,1
LF:66
LH:10
BRDA:12,0,0,0
BRDA:12,0,1,0
BRDA:14,1,0,0
BRDA:14,1,1,0
BRDA:17,2,0,0
BRDA:17,2,1,0
BRDA:21,3,0,0
BRDA:21,3,1,0
BRDA:57,4,0,0
BRDA:57,4,1,0
BRDA:94,5,0,0
BRDA:94,5,1,0
BRDA:115,6,0,0
BRDA:115,6,1,0
BRDA:121,7,0,0
BRDA:121,7,1,0
BRDA:140,8,0,0
BRDA:140,9,0,0
BRDA:140,10,0,0
BRDA:140,11,0,0
BRDA:143,12,0,0
BRDA:143,12,1,0
BRF:22
BRH:0
end_of_record
TN:
SF:src\controllers\cart.js
FN:14,(anonymous_0)
FN:125,(anonymous_1)
FN:136,(anonymous_2)
FN:137,(anonymous_3)
FN:170,(anonymous_4)
FN:171,(anonymous_5)
FN:179,(anonymous_6)
FN:203,(anonymous_7)
FN:261,(anonymous_8)
FN:358,(anonymous_9)
FN:420,(anonymous_10)
FN:461,(anonymous_11)
FN:531,(anonymous_12)
FN:590,(anonymous_13)
FN:682,(anonymous_14)
FN:795,(anonymous_15)
FN:825,(anonymous_16)
FN:863,(anonymous_17)
FNF:18
FNH:13
FNDA:10,(anonymous_0)
FNDA:1,(anonymous_1)
FNDA:0,(anonymous_2)
FNDA:0,(anonymous_3)
FNDA:1,(anonymous_4)
FNDA:1,(anonymous_5)
FNDA:0,(anonymous_6)
FNDA:5,(anonymous_7)
FNDA:0,(anonymous_8)
FNDA:3,(anonymous_9)
FNDA:3,(anonymous_10)
FNDA:2,(anonymous_11)
FNDA:2,(anonymous_12)
FNDA:4,(anonymous_13)
FNDA:0,(anonymous_14)
FNDA:4,(anonymous_15)
FNDA:3,(anonymous_16)
FNDA:3,(anonymous_17)
DA:8,2
DA:9,2
DA:10,2
DA:11,2
DA:14,2
DA:15,10
DA:18,10
DA:20,10
DA:22,10
DA:33,10
DA:34,0
DA:43,0
DA:44,0
DA:45,0
DA:47,0
DA:55,0
DA:56,0
DA:59,0
DA:61,0
DA:65,0
DA:70,0
DA:71,0
DA:82,0
DA:94,10
DA:124,10
DA:126,1
DA:129,1
DA:130,1
DA:131,1
DA:132,1
DA:134,1
DA:136,0
DA:137,0
DA:138,0
DA:140,1
DA:144,1
DA:146,1
DA:147,1
DA:150,1
DA:154,0
DA:161,0
DA:163,1
DA:165,1
DA:170,10
DA:171,10
DA:172,1
DA:177,1
DA:179,0
DA:184,1
DA:187,10
DA:197,0
DA:198,0
DA:203,2
DA:204,5
DA:206,5
DA:212,5
DA:215,5
DA:218,5
DA:219,1
DA:222,4
DA:223,4
DA:225,4
DA:226,1
DA:230,3
DA:231,3
DA:232,0
DA:236,0
DA:237,0
DA:240,0
DA:241,0
DA:243,3
DA:244,1
DA:248,2
DA:249,2
DA:250,0
DA:257,0
DA:258,0
DA:261,0
DA:267,2
DA:269,2
DA:284,0
DA:286,0
DA:287,0
DA:288,0
DA:295,0
DA:308,2
DA:318,2
DA:320,1
DA:323,1
DA:324,0
DA:325,0
DA:327,1
DA:328,0
DA:331,1
DA:334,1
DA:347,2
DA:350,2
DA:352,3
DA:353,3
DA:358,2
DA:359,3
DA:360,3
DA:361,3
DA:364,3
DA:382,3
DA:383,1
DA:387,2
DA:388,2
DA:389,0
DA:392,0
DA:393,0
DA:394,0
DA:399,2
DA:401,2
DA:402,0
DA:403,0
DA:405,2
DA:406,1
DA:410,1
DA:413,1
DA:415,2
DA:420,2
DA:421,3
DA:422,3
DA:425,3
DA:434,3
DA:435,1
DA:439,2
DA:440,2
DA:441,1
DA:444,0
DA:445,0
DA:446,0
DA:451,1
DA:454,1
DA:456,2
DA:461,2
DA:462,2
DA:465,2
DA:467,2
DA:474,2
DA:475,1
DA:481,1
DA:484,0
DA:486,0
DA:487,0
DA:493,0
DA:500,0
DA:501,0
DA:507,0
DA:511,1
DA:515,1
DA:526,0
DA:531,2
DA:532,2
DA:535,2
DA:537,2
DA:545,0
DA:547,0
DA:548,0
DA:556,0
DA:564,2
DA:565,1
DA:574,1
DA:578,1
DA:585,0
DA:590,2
DA:591,4
DA:593,4
DA:594,4
DA:596,4
DA:597,0
DA:601,4
DA:613,4
DA:619,4
DA:620,3
DA:623,3
DA:624,3
DA:626,3
DA:627,1
DA:631,2
DA:632,1
DA:636,1
DA:637,0
DA:641,1
DA:642,1
DA:643,1
DA:656,1
DA:657,1
DA:658,1
DA:671,4
DA:674,4
DA:676,0
DA:677,0
DA:682,2
DA:683,0
DA:685,0
DA:686,0
DA:687,0
DA:690,0
DA:691,0
DA:693,0
DA:697,0
DA:704,0
DA:706,0
DA:710,0
DA:722,0
DA:739,0
DA:741,0
DA:751,0
DA:755,0
DA:757,0
DA:758,0
DA:759,0
DA:763,0
DA:765,0
DA:771,0
DA:774,0
DA:779,0
DA:781,0
DA:784,0
DA:787,0
DA:789,0
DA:790,0
DA:795,2
DA:796,4
DA:799,4
DA:800,4
DA:802,0
DA:803,0
DA:804,0
DA:806,0
DA:809,4
DA:810,1
DA:813,3
DA:825,3
DA:826,3
DA:827,0
DA:837,3
DA:838,3
DA:839,3
DA:842,3
DA:843,3
DA:844,3
DA:845,3
DA:847,3
DA:863,3
DA:865,3
DA:870,0
DA:874,2
LF:250
LH:151
BRDA:20,0,0,10
BRDA:20,0,1,0
BRDA:33,1,0,0
BRDA:33,1,1,10
BRDA:43,2,0,0
BRDA:43,2,1,0
BRDA:43,3,0,0
BRDA:43,3,1,0
BRDA:55,4,0,0
BRDA:55,4,1,0
BRDA:70,5,0,0
BRDA:70,5,1,0
BRDA:129,6,0,1
BRDA:129,6,1,0
BRDA:131,7,0,1
BRDA:131,7,1,0
BRDA:134,8,0,0
BRDA:134,8,1,1
BRDA:134,9,0,1
BRDA:134,9,1,1
BRDA:136,10,0,0
BRDA:136,10,1,0
BRDA:136,11,0,0
BRDA:136,11,1,0
BRDA:137,12,0,0
BRDA:137,12,1,0
BRDA:137,12,2,0
BRDA:137,13,0,0
BRDA:137,13,1,0
BRDA:140,14,0,1
BRDA:140,14,1,1
BRDA:150,15,0,0
BRDA:150,15,1,1
BRDA:151,16,0,1
BRDA:151,16,1,1
BRDA:172,17,0,0
BRDA:172,17,1,1
BRDA:174,18,0,1
BRDA:174,18,1,0
BRDA:177,19,0,1
BRDA:177,19,1,0
BRDA:210,20,0,0
BRDA:211,21,0,5
BRDA:218,22,0,1
BRDA:218,22,1,4
BRDA:222,23,0,4
BRDA:222,23,1,0
BRDA:225,24,0,1
BRDA:225,24,1,3
BRDA:225,25,0,4
BRDA:225,25,1,1
BRDA:231,26,0,0
BRDA:231,26,1,3
BRDA:236,27,0,0
BRDA:236,27,1,0
BRDA:240,28,0,0
BRDA:240,28,1,0
BRDA:243,29,0,1
BRDA:243,29,1,2
BRDA:249,30,0,0
BRDA:249,30,1,2
BRDA:249,31,0,2
BRDA:249,31,1,2
BRDA:257,32,0,0
BRDA:257,32,1,0
BRDA:267,33,0,2
BRDA:267,33,1,0
BRDA:286,34,0,0
BRDA:286,34,1,0
BRDA:312,35,0,2
BRDA:312,35,1,2
BRDA:318,36,0,1
BRDA:318,36,1,1
BRDA:323,37,0,0
BRDA:323,37,1,1
BRDA:324,38,0,0
BRDA:324,38,1,0
BRDA:327,39,0,0
BRDA:327,39,1,1
BRDA:338,40,0,1
BRDA:338,40,1,1
BRDA:340,41,0,0
BRDA:340,41,1,1
BRDA:382,42,0,1
BRDA:382,42,1,2
BRDA:387,43,0,2
BRDA:387,43,1,0
BRDA:388,44,0,0
BRDA:388,44,1,2
BRDA:393,45,0,0
BRDA:393,45,1,0
BRDA:393,46,0,0
BRDA:393,46,1,0
BRDA:399,47,0,2
BRDA:399,47,1,0
BRDA:401,48,0,0
BRDA:401,48,1,2
BRDA:402,49,0,0
BRDA:402,49,1,0
BRDA:405,50,0,1
BRDA:405,50,1,1
BRDA:434,51,0,1
BRDA:434,51,1,2
BRDA:439,52,0,2
BRDA:439,52,1,0
BRDA:440,53,0,1
BRDA:440,53,1,1
BRDA:445,54,0,0
BRDA:445,54,1,0
BRDA:445,55,0,0
BRDA:445,55,1,0
BRDA:465,56,0,2
BRDA:465,56,1,0
BRDA:474,57,0,1
BRDA:474,57,1,1
BRDA:486,58,0,0
BRDA:486,58,1,0
BRDA:500,59,0,0
BRDA:500,59,1,0
BRDA:535,60,0,2
BRDA:535,60,1,0
BRDA:547,61,0,0
BRDA:547,61,1,0
BRDA:564,62,0,1
BRDA:564,62,1,1
BRDA:581,63,0,1
BRDA:581,63,1,0
BRDA:596,64,0,0
BRDA:596,64,1,4
BRDA:624,65,0,2
BRDA:624,65,1,1
BRDA:624,66,0,3
BRDA:624,66,1,2
BRDA:626,67,0,1
BRDA:626,67,1,2
BRDA:626,68,0,3
BRDA:626,68,1,2
BRDA:626,68,2,1
BRDA:631,69,0,1
BRDA:631,69,1,1
BRDA:636,70,0,0
BRDA:636,70,1,1
BRDA:642,71,0,1
BRDA:642,71,1,0
BRDA:657,72,0,1
BRDA:657,72,1,0
BRDA:663,73,0,1
BRDA:663,73,1,0
BRDA:686,74,0,0
BRDA:686,74,1,0
BRDA:691,75,0,0
BRDA:691,75,1,0
BRDA:704,76,0,0
BRDA:704,76,1,0
BRDA:745,77,0,0
BRDA:745,77,1,0
BRDA:751,78,0,0
BRDA:751,78,1,0
BRDA:755,79,0,0
BRDA:755,79,1,0
BRDA:758,80,0,0
BRDA:758,80,1,0
BRDA:759,81,0,0
BRDA:759,81,1,0
BRDA:799,82,0,4
BRDA:799,82,1,0
BRDA:803,83,0,0
BRDA:803,83,1,0
BRDA:809,84,0,1
BRDA:809,84,1,3
BRDA:826,85,0,0
BRDA:826,85,1,3
BRDA:837,86,0,0
BRDA:837,86,1,3
BRDA:838,87,0,3
BRDA:838,87,1,0
BRDA:839,88,0,0
BRDA:839,88,1,3
BRDA:845,89,0,3
BRDA:845,89,1,2
BRDA:851,90,0,0
BRDA:851,90,1,3
BRDA:859,91,0,3
BRDA:859,91,1,2
BRDA:859,91,2,1
BRF:185
BRH:88
end_of_record
TN:
SF:src\controllers\chat.js
FN:5,(anonymous_0)
FN:33,(anonymous_1)
FN:34,(anonymous_2)
FN:75,(anonymous_3)
FN:97,(anonymous_4)
FN:143,(anonymous_5)
FN:171,(anonymous_6)
FNF:7
FNH:3
FNDA:0,(anonymous_0)
FNDA:0,(anonymous_1)
FNDA:0,(anonymous_2)
FNDA:5,(anonymous_3)
FNDA:5,(anonymous_4)
FNDA:5,(anonymous_5)
FNDA:0,(anonymous_6)
DA:1,2
DA:2,2
DA:5,2
DA:6,0
DA:7,0
DA:9,0
DA:10,0
DA:13,0
DA:24,0
DA:26,0
DA:27,0
DA:31,0
DA:33,0
DA:34,0
DA:35,0
DA:36,0
DA:41,0
DA:42,0
DA:53,0
DA:65,0
DA:70,0
DA:75,2
DA:76,5
DA:79,5
DA:96,5
DA:98,5
DA:103,5
DA:114,5
DA:115,5
DA:116,1
DA:121,5
DA:132,5
DA:137,0
DA:143,2
DA:144,5
DA:145,5
DA:146,5
DA:149,5
DA:150,1
DA:153,4
DA:161,4
DA:166,1
DA:171,2
DA:172,0
DA:173,0
DA:175,0
DA:177,0
DA:178,0
DA:189,0
DA:201,0
DA:206,0
DA:210,2
LF:52
LH:25
BRDA:9,0,0,0
BRDA:9,0,1,0
BRDA:24,1,0,0
BRDA:24,1,1,0
BRDA:26,2,0,0
BRDA:26,2,1,0
BRDA:31,3,0,0
BRDA:31,3,1,0
BRDA:32,4,0,0
BRDA:32,4,1,0
BRDA:34,5,0,0
BRDA:34,5,1,0
BRDA:35,6,0,0
BRDA:35,6,1,0
BRDA:41,7,0,0
BRDA:41,7,1,0
BRDA:99,8,0,5
BRDA:99,8,1,0
BRDA:106,9,0,5
BRDA:106,9,1,0
BRDA:115,10,0,1
BRDA:115,10,1,4
BRDA:122,11,0,5
BRDA:122,11,1,0
BRDA:125,12,0,5
BRDA:125,12,1,0
BRDA:146,13,0,5
BRDA:146,13,1,2
BRDA:149,14,0,1
BRDA:149,14,1,4
BRDA:149,15,0,5
BRDA:149,15,1,2
BRDA:155,16,0,4
BRDA:155,16,1,3
BRDA:177,17,0,0
BRDA:177,17,1,0
BRF:36
BRH:14
end_of_record
TN:
SF:src\controllers\chatbot.js
FN:21,(anonymous_0)
FN:66,(anonymous_1)
FN:81,(anonymous_2)
FN:129,(anonymous_3)
FN:161,(anonymous_4)
FN:207,(anonymous_5)
FN:232,(anonymous_6)
FN:257,(anonymous_7)
FN:298,(anonymous_8)
FN:332,(anonymous_9)
FN:361,(anonymous_10)
FN:391,(anonymous_11)
FN:450,(anonymous_12)
FN:484,(anonymous_13)
FN:492,(anonymous_14)
FN:529,(anonymous_15)
FN:548,(anonymous_16)
FN:561,(anonymous_17)
FN:576,(anonymous_18)
FNF:19
FNH:3
FNDA:4,(anonymous_0)
FNDA:0,(anonymous_1)
FNDA:0,(anonymous_2)
FNDA:0,(anonymous_3)
FNDA:0,(anonymous_4)
FNDA:0,(anonymous_5)
FNDA:0,(anonymous_6)
FNDA:0,(anonymous_7)
FNDA:0,(anonymous_8)
FNDA:0,(anonymous_9)
FNDA:1,(anonymous_10)
FNDA:5,(anonymous_11)
FNDA:0,(anonymous_12)
FNDA:0,(anonymous_13)
FNDA:0,(anonymous_14)
FNDA:0,(anonymous_15)
FNDA:0,(anonymous_16)
FNDA:0,(anonymous_17)
FNDA:0,(anonymous_18)
DA:10,1
DA:11,1
DA:12,1
DA:13,1
DA:14,1
DA:22,4
DA:23,4
DA:24,4
DA:26,4
DA:27,1
DA:34,3
DA:35,1
DA:42,2
DA:44,2
DA:49,0
DA:50,0
DA:51,0
DA:67,0
DA:69,0
DA:72,0
DA:75,0
DA:81,0
DA:100,0
DA:121,0
DA:122,0
DA:130,0
DA:132,0
DA:137,0
DA:142,0
DA:153,0
DA:154,0
DA:162,0
DA:164,0
DA:165,0
DA:168,0
DA:176,0
DA:199,0
DA:200,0
DA:208,0
DA:209,0
DA:214,0
DA:224,0
DA:225,0
DA:233,0
DA:234,0
DA:239,0
DA:249,0
DA:250,0
DA:258,0
DA:260,0
DA:266,0
DA:267,0
DA:274,0
DA:277,0
DA:288,0
DA:290,0
DA:291,0
DA:299,0
DA:300,0
DA:302,0
DA:303,0
DA:309,0
DA:310,0
DA:312,0
DA:321,0
DA:322,0
DA:333,0
DA:334,0
DA:337,0
DA:342,0
DA:350,0
DA:351,0
DA:362,1
DA:363,1
DA:365,1
DA:375,1
DA:380,0
DA:381,0
DA:392,5
DA:393,5
DA:394,5
DA:397,5
DA:398,5
DA:399,1
DA:403,5
DA:404,5
DA:405,1
DA:410,4
DA:411,2
DA:418,2
DA:426,2
DA:435,2
DA:441,0
DA:442,0
DA:451,0
DA:457,0
DA:459,0
DA:480,0
DA:481,0
DA:484,0
DA:485,0
DA:486,0
DA:491,0
DA:492,0
DA:493,0
DA:499,0
DA:502,0
DA:503,0
DA:505,0
DA:506,0
DA:509,0
DA:514,0
DA:515,0
DA:516,0
DA:519,0
DA:526,0
DA:530,0
DA:550,0
DA:562,0
DA:564,0
DA:565,0
DA:569,0
DA:571,0
DA:572,0
DA:577,0
DA:582,0
DA:587,1
LF:127
LH:33
BRDA:23,0,0,4
BRDA:26,1,0,1
BRDA:26,1,1,3
BRDA:34,2,0,1
BRDA:34,2,1,2
BRDA:42,3,0,2
BRDA:42,3,1,2
BRDA:42,4,0,2
BRDA:42,4,1,2
BRDA:90,5,0,0
BRDA:90,5,1,0
BRDA:91,6,0,0
BRDA:91,6,1,0
BRDA:110,7,0,0
BRDA:110,7,1,0
BRDA:266,8,0,0
BRDA:266,8,1,0
BRDA:300,9,0,0
BRDA:302,10,0,0
BRDA:302,10,1,0
BRDA:334,11,0,0
BRDA:334,12,0,0
BRDA:393,13,0,0
BRDA:398,14,0,1
BRDA:398,14,1,4
BRDA:404,15,0,1
BRDA:404,15,1,4
BRDA:410,16,0,2
BRDA:410,16,1,2
BRDA:410,17,0,4
BRDA:410,17,1,3
BRDA:457,18,0,0
BRDA:457,18,1,0
BRDA:485,19,0,0
BRDA:485,19,1,0
BRDA:502,20,0,0
BRDA:502,20,1,0
BRDA:505,21,0,0
BRDA:505,21,1,0
BRDA:514,22,0,0
BRDA:514,22,1,0
BRDA:522,23,0,0
BRDA:522,23,1,0
BRDA:561,24,0,0
BRDA:564,25,0,0
BRDA:564,25,1,0
BRDA:569,26,0,0
BRDA:569,26,1,0
BRDA:571,27,0,0
BRDA:571,27,1,0
BRF:50
BRH:17
end_of_record
TN:
SF:src\controllers\collection.js
FN:6,(anonymous_0)
FN:29,(anonymous_1)
FN:50,(anonymous_2)
FN:61,(anonymous_3)
FN:78,(anonymous_4)
FN:96,(anonymous_5)
FN:114,(anonymous_6)
FN:136,(anonymous_7)
FNF:8
FNH:0
FNDA:0,(anonymous_0)
FNDA:0,(anonymous_1)
FNDA:0,(anonymous_2)
FNDA:0,(anonymous_3)
FNDA:0,(anonymous_4)
FNDA:0,(anonymous_5)
FNDA:0,(anonymous_6)
FNDA:0,(anonymous_7)
DA:1,1
DA:2,1
DA:3,1
DA:6,1
DA:7,0
DA:8,0
DA:9,0
DA:10,0
DA:11,0
DA:14,0
DA:19,0
DA:24,0
DA:29,1
DA:30,0
DA:31,0
DA:32,0
DA:36,0
DA:37,0
DA:40,0
DA:45,0
DA:50,1
DA:51,0
DA:52,0
DA:53,0
DA:60,0
DA:61,0
DA:65,0
DA:68,0
DA:73,0
DA:78,1
DA:79,0
DA:80,0
DA:81,0
DA:82,0
DA:84,0
DA:85,0
DA:88,0
DA:90,0
DA:92,0
DA:95,0
DA:96,0
DA:100,0
DA:104,0
DA:109,0
DA:114,1
DA:115,0
DA:116,0
DA:117,0
DA:119,0
DA:120,0
DA:123,0
DA:124,0
DA:126,0
DA:131,0
DA:136,1
DA:137,0
DA:138,0
DA:139,0
DA:141,0
DA:142,0
DA:143,0
DA:146,0
DA:161,0
DA:171,0
DA:175,1
LF:65
LH:10
BRDA:10,0,0,0
BRDA:10,0,1,0
BRDA:36,1,0,0
BRDA:36,1,1,0
BRDA:60,2,0,0
BRDA:60,2,1,0
BRDA:60,3,0,0
BRDA:60,3,1,0
BRDA:84,4,0,0
BRDA:84,4,1,0
BRDA:90,5,0,0
BRDA:90,5,1,0
BRDA:95,6,0,0
BRDA:95,6,1,0
BRDA:119,7,0,0
BRDA:119,7,1,0
BRDA:139,8,0,0
BRDA:139,9,0,0
BRDA:139,10,0,0
BRDA:139,11,0,0
BRDA:142,12,0,0
BRDA:142,12,1,0
BRF:22
BRH:0
end_of_record
TN:
SF:src\controllers\contact.js
FN:9,(anonymous_0)
FN:36,(anonymous_1)
FN:49,(anonymous_2)
FNF:3
FNH:2
FNDA:2,(anonymous_0)
FNDA:0,(anonymous_1)
FNDA:1,(anonymous_2)
DA:1,1
DA:2,1
DA:3,1
DA:4,1
DA:9,1
DA:10,2
DA:12,2
DA:13,0
DA:17,2
DA:22,2
DA:23,1
DA:29,1
DA:30,0
DA:31,0
DA:35,1
DA:36,1
DA:37,0
DA:40,1
DA:49,1
DA:50,1
DA:52,1
DA:53,0
DA:56,1
DA:65,1
DA:72,1
LF:25
LH:20
BRDA:12,0,0,0
BRDA:12,0,1,2
BRDA:22,1,0,1
BRDA:22,1,1,1
BRDA:22,2,0,2
BRDA:22,2,1,1
BRDA:29,3,0,0
BRDA:29,3,1,1
BRDA:52,4,0,0
BRDA:52,4,1,1
BRDA:52,5,0,1
BRDA:52,5,1,1
BRDA:52,5,2,1
BRDA:52,5,3,1
BRF:14
BRH:11
end_of_record
TN:
SF:src\controllers\discountCode.js
FN:10,(anonymous_0)
FN:55,(anonymous_1)
FN:72,(anonymous_2)
FN:118,(anonymous_3)
FN:174,(anonymous_4)
FN:196,(anonymous_5)
FNF:6
FNH:0
FNDA:0,(anonymous_0)
FNDA:0,(anonymous_1)
FNDA:0,(anonymous_2)
FNDA:0,(anonymous_3)
FNDA:0,(anonymous_4)
FNDA:0,(anonymous_5)
DA:1,1
DA:2,1
DA:3,1
DA:4,1
DA:5,1
DA:10,1
DA:18,0
DA:20,0
DA:21,0
DA:23,0
DA:24,0
DA:27,0
DA:28,0
DA:31,0
DA:38,0
DA:55,1
DA:56,0
DA:57,0
DA:59,0
DA:60,0
DA:63,0
DA:72,1
DA:84,0
DA:87,0
DA:88,0
DA:89,0
DA:92,0
DA:106,0
DA:108,0
DA:118,1
DA:119,0
DA:131,0
DA:133,0
DA:134,0
DA:135,0
DA:138,0
DA:139,0
DA:140,0
DA:141,0
DA:145,0
DA:147,0
DA:161,0
DA:162,0
DA:164,0
DA:174,1
DA:175,0
DA:177,0
DA:178,0
DA:179,0
DA:182,0
DA:185,0
DA:187,0
DA:196,1
DA:197,0
DA:199,0
DA:200,0
DA:201,0
DA:204,0
DA:205,0
DA:206,0
DA:209,0
DA:210,0
DA:213,0
DA:214,0
DA:217,0
DA:218,0
DA:221,0
DA:222,0
DA:224,0
DA:225,0
DA:226,0
DA:227,0
DA:230,0
DA:233,0
DA:234,0
DA:237,0
DA:248,1
LF:77
LH:12
BRDA:12,0,0,0
BRDA:13,1,0,0
BRDA:14,2,0,0
BRDA:16,3,0,0
BRDA:17,4,0,0
BRDA:23,5,0,0
BRDA:23,5,1,0
BRDA:27,6,0,0
BRDA:27,6,1,0
BRDA:59,7,0,0
BRDA:59,7,1,0
BRDA:88,8,0,0
BRDA:88,8,1,0
BRDA:96,9,0,0
BRDA:96,9,1,0
BRDA:101,10,0,0
BRDA:101,10,1,0
BRDA:134,11,0,0
BRDA:134,11,1,0
BRDA:138,12,0,0
BRDA:138,12,1,0
BRDA:138,13,0,0
BRDA:138,13,1,0
BRDA:140,14,0,0
BRDA:140,14,1,0
BRDA:148,15,0,0
BRDA:148,15,1,0
BRDA:149,16,0,0
BRDA:149,16,1,0
BRDA:150,17,0,0
BRDA:150,17,1,0
BRDA:151,18,0,0
BRDA:151,18,1,0
BRDA:152,19,0,0
BRDA:152,19,1,0
BRDA:153,20,0,0
BRDA:153,20,1,0
BRDA:154,21,0,0
BRDA:154,21,1,0
BRDA:155,22,0,0
BRDA:155,22,1,0
BRDA:156,23,0,0
BRDA:156,23,1,0
BRDA:157,24,0,0
BRDA:157,24,1,0
BRDA:161,25,0,0
BRDA:161,25,1,0
BRDA:161,26,0,0
BRDA:161,26,1,0
BRDA:178,27,0,0
BRDA:178,27,1,0
BRDA:200,28,0,0
BRDA:200,28,1,0
BRDA:205,29,0,0
BRDA:205,29,1,0
BRDA:205,30,0,0
BRDA:205,30,1,0
BRDA:209,31,0,0
BRDA:209,31,1,0
BRDA:209,32,0,0
BRDA:209,32,1,0
BRDA:213,33,0,0
BRDA:213,33,1,0
BRDA:213,34,0,0
BRDA:213,34,1,0
BRDA:217,35,0,0
BRDA:217,35,1,0
BRDA:224,36,0,0
BRDA:224,36,1,0
BRDA:226,37,0,0
BRDA:226,37,1,0
BRDA:226,38,0,0
BRDA:226,38,1,0
BRDA:233,39,0,0
BRDA:233,39,1,0
BRF:75
BRH:0
end_of_record
TN:
SF:src\controllers\loyalty.js
FN:5,(anonymous_0)
FN:44,(anonymous_1)
FN:50,(anonymous_2)
FNF:3
FNH:2
FNDA:0,(anonymous_0)
FNDA:2,(anonymous_1)
FNDA:2,(anonymous_2)
DA:1,1
DA:2,1
DA:5,1
DA:6,0
DA:7,0
DA:8,0
DA:10,0
DA:14,0
DA:15,0
DA:18,0
DA:25,0
DA:38,0
DA:44,1
DA:45,2
DA:46,2
DA:47,2
DA:50,2
DA:51,2
DA:57,2
DA:58,0
DA:61,2
DA:62,1
DA:69,1
DA:72,1
DA:83,1
DA:85,1
DA:95,1
DA:99,1
LF:28
LH:18
BRDA:8,0,0,0
BRDA:8,1,0,0
BRDA:14,2,0,0
BRDA:14,2,1,0
BRDA:57,3,0,0
BRDA:57,3,1,2
BRDA:61,4,0,1
BRDA:61,4,1,1
BRF:8
BRH:3
end_of_record
TN:
SF:src\controllers\order.js
FN:37,calculateShippingCost
FN:56,clearUserCart
FN:88,(anonymous_2)
FN:356,(anonymous_3)
FN:533,(anonymous_4)
FN:552,(anonymous_5)
FN:584,(anonymous_6)
FN:599,(anonymous_7)
FN:621,(anonymous_8)
FN:668,(anonymous_9)
FN:720,(anonymous_10)
FN:764,(anonymous_11)
FN:864,(anonymous_12)
FN:882,(anonymous_13)
FN:919,(anonymous_14)
FN:996,(anonymous_15)
FN:1049,(anonymous_16)
FN:1135,(anonymous_17)
FNF:18
FNH:12
FNDA:6,calculateShippingCost
FNDA:3,clearUserCart
FNDA:11,(anonymous_2)
FNDA:0,(anonymous_3)
FNDA:0,(anonymous_4)
FNDA:3,(anonymous_5)
FNDA:3,(anonymous_6)
FNDA:0,(anonymous_7)
FNDA:2,(anonymous_8)
FNDA:3,(anonymous_9)
FNDA:2,(anonymous_10)
FNDA:3,(anonymous_11)
FNDA:0,(anonymous_12)
FNDA:1,(anonymous_13)
FNDA:1,(anonymous_14)
FNDA:0,(anonymous_15)
FNDA:0,(anonymous_16)
FNDA:3,(anonymous_17)
DA:14,3
DA:15,3
DA:16,3
DA:17,3
DA:18,3
DA:27,3
DA:28,3
DA:39,6
DA:41,4
DA:44,4
DA:45,0
DA:46,0
DA:49,4
DA:57,3
DA:58,0
DA:59,0
DA:62,3
DA:64,3
DA:68,3
DA:69,1
DA:71,1
DA:74,1
DA:77,1
DA:80,2
DA:83,0
DA:88,3
DA:89,11
DA:91,11
DA:92,11
DA:120,11
DA:122,11
DA:124,11
DA:126,8
DA:127,8
DA:132,8
DA:133,1
DA:136,7
DA:137,7
DA:138,7
DA:141,7
DA:142,0
DA:146,7
DA:157,3
DA:160,3
DA:167,3
DA:168,0
DA:178,0
DA:179,0
DA:180,0
DA:181,0
DA:190,0
DA:191,0
DA:195,0
DA:197,0
DA:200,0
DA:203,0
DA:224,0
DA:246,3
DA:267,3
DA:268,0
DA:270,3
DA:271,1
DA:273,2
DA:277,9
DA:278,9
DA:279,9
DA:280,9
DA:281,9
DA:283,9
DA:285,9
DA:286,9
DA:289,9
DA:290,0
DA:294,9
DA:295,9
DA:299,9
DA:300,2
DA:305,7
DA:306,7
DA:308,7
DA:317,0
DA:321,0
DA:322,0
DA:327,0
DA:328,0
DA:330,0
DA:341,7
DA:342,7
DA:343,7
DA:346,7
DA:347,7
DA:350,7
DA:351,0
DA:356,0
DA:357,0
DA:358,0
DA:359,0
DA:361,7
DA:366,7
DA:367,7
DA:368,4
DA:369,4
DA:374,4
DA:375,1
DA:378,3
DA:379,3
DA:380,0
DA:382,3
DA:383,1
DA:385,2
DA:386,1
DA:388,1
DA:389,1
DA:392,0
DA:393,0
DA:394,0
DA:395,0
DA:398,0
DA:401,0
DA:402,0
DA:404,0
DA:409,0
DA:410,0
DA:411,0
DA:416,3
DA:417,3
DA:418,3
DA:419,0
DA:420,0
DA:421,0
DA:423,0
DA:424,0
DA:425,0
DA:431,3
DA:434,3
DA:437,3
DA:438,3
DA:439,3
DA:440,3
DA:441,3
DA:444,3
DA:456,3
DA:457,0
DA:458,0
DA:463,0
DA:472,3
DA:513,3
DA:514,3
DA:515,3
DA:516,3
DA:517,3
DA:518,3
DA:520,3
DA:533,0
DA:544,3
DA:550,3
DA:551,3
DA:552,3
DA:561,3
DA:562,3
DA:563,3
DA:564,3
DA:568,3
DA:569,0
DA:576,3
DA:580,3
DA:584,3
DA:599,0
DA:601,3
DA:614,8
DA:615,8
DA:616,8
DA:621,3
DA:622,2
DA:623,2
DA:624,2
DA:625,2
DA:627,2
DA:655,2
DA:663,0
DA:668,3
DA:669,3
DA:670,3
DA:671,3
DA:672,3
DA:674,3
DA:702,3
DA:703,1
DA:706,2
DA:707,1
DA:710,1
DA:715,2
DA:720,3
DA:721,2
DA:722,2
DA:723,2
DA:725,2
DA:750,2
DA:751,1
DA:754,1
DA:759,1
DA:764,3
DA:765,3
DA:767,3
DA:768,3
DA:769,3
DA:771,3
DA:788,3
DA:789,1
DA:793,2
DA:794,1
DA:798,1
DA:806,1
DA:807,0
DA:808,0
DA:809,0
DA:816,0
DA:817,0
DA:827,1
DA:828,0
DA:829,0
DA:833,0
DA:843,1
DA:844,0
DA:845,0
DA:849,0
DA:858,1
DA:861,1
DA:864,0
DA:866,1
DA:876,2
DA:877,2
DA:882,3
DA:883,1
DA:884,1
DA:885,1
DA:886,1
DA:888,1
DA:889,1
DA:890,0
DA:893,1
DA:906,1
DA:914,0
DA:919,3
DA:920,1
DA:921,1
DA:922,1
DA:924,1
DA:933,1
DA:934,0
DA:938,1
DA:939,1
DA:942,1
DA:943,0
DA:946,1
DA:949,1
DA:950,1
DA:951,1
DA:952,1
DA:953,1
DA:954,1
DA:958,1
DA:967,1
DA:973,1
DA:979,1
DA:989,0
DA:996,3
DA:997,0
DA:998,0
DA:999,0
DA:1002,0
DA:1006,0
DA:1007,0
DA:1011,0
DA:1016,0
DA:1020,0
DA:1026,0
DA:1030,0
DA:1032,0
DA:1045,0
DA:1049,3
DA:1050,0
DA:1051,0
DA:1052,0
DA:1054,0
DA:1058,0
DA:1059,0
DA:1062,0
DA:1063,0
DA:1070,0
DA:1071,0
DA:1074,0
DA:1075,0
DA:1078,0
DA:1079,0
DA:1082,0
DA:1083,0
DA:1085,0
DA:1086,0
DA:1089,0
DA:1090,0
DA:1091,0
DA:1093,0
DA:1094,0
DA:1095,0
DA:1096,0
DA:1100,0
DA:1108,0
DA:1109,0
DA:1111,0
DA:1113,0
DA:1114,0
DA:1118,0
DA:1130,0
DA:1135,3
DA:1136,3
DA:1137,3
DA:1138,3
DA:1139,3
DA:1142,3
LF:320
LH:201
BRDA:39,0,0,2
BRDA:39,0,1,4
BRDA:44,1,0,0
BRDA:44,1,1,4
BRDA:57,2,0,0
BRDA:57,2,1,3
BRDA:68,3,0,1
BRDA:68,3,1,2
BRDA:68,4,0,3
BRDA:68,4,1,3
BRDA:118,5,0,11
BRDA:124,6,0,8
BRDA:124,6,1,3
BRDA:124,7,0,11
BRDA:124,7,1,8
BRDA:132,8,0,1
BRDA:132,8,1,7
BRDA:137,9,0,7
BRDA:137,9,1,0
BRDA:141,10,0,0
BRDA:141,10,1,7
BRDA:148,11,0,7
BRDA:148,11,1,0
BRDA:152,12,0,7
BRDA:152,12,1,7
BRDA:167,13,0,0
BRDA:167,13,1,3
BRDA:178,14,0,0
BRDA:178,14,1,0
BRDA:178,15,0,0
BRDA:178,15,1,0
BRDA:178,15,2,0
BRDA:190,16,0,0
BRDA:190,16,1,0
BRDA:267,17,0,0
BRDA:267,17,1,3
BRDA:270,18,0,1
BRDA:270,18,1,2
BRDA:289,19,0,0
BRDA:289,19,1,9
BRDA:294,20,0,9
BRDA:294,20,1,0
BRDA:299,21,0,2
BRDA:299,21,1,7
BRDA:299,22,0,9
BRDA:299,22,1,9
BRDA:301,23,0,2
BRDA:301,23,1,0
BRDA:321,24,0,0
BRDA:321,24,1,0
BRDA:321,25,0,0
BRDA:321,25,1,0
BRDA:323,26,0,0
BRDA:323,26,1,0
BRDA:342,27,0,7
BRDA:342,27,1,0
BRDA:346,28,0,7
BRDA:346,28,1,7
BRDA:350,29,0,0
BRDA:350,29,1,7
BRDA:350,30,0,7
BRDA:350,30,1,7
BRDA:367,31,0,4
BRDA:367,31,1,3
BRDA:374,32,0,1
BRDA:374,32,1,3
BRDA:379,33,0,0
BRDA:379,33,1,3
BRDA:379,34,0,3
BRDA:379,34,1,0
BRDA:382,35,0,1
BRDA:382,35,1,2
BRDA:382,36,0,3
BRDA:382,36,1,1
BRDA:385,37,0,1
BRDA:385,37,1,1
BRDA:385,38,0,2
BRDA:385,38,1,1
BRDA:388,39,0,1
BRDA:388,39,1,0
BRDA:392,40,0,0
BRDA:392,40,1,0
BRDA:394,41,0,0
BRDA:394,41,1,0
BRDA:394,42,0,0
BRDA:394,42,1,0
BRDA:401,43,0,0
BRDA:401,43,1,0
BRDA:410,44,0,0
BRDA:410,44,1,0
BRDA:417,45,0,3
BRDA:417,45,1,3
BRDA:418,46,0,0
BRDA:418,46,1,3
BRDA:420,47,0,0
BRDA:420,47,1,0
BRDA:424,48,0,0
BRDA:424,48,1,0
BRDA:456,49,0,0
BRDA:456,49,1,3
BRDA:517,50,0,3
BRDA:517,50,1,0
BRDA:524,51,0,3
BRDA:524,51,1,0
BRDA:526,52,0,3
BRDA:526,52,1,0
BRDA:532,53,0,3
BRDA:532,53,1,0
BRDA:533,54,0,0
BRDA:533,54,1,3
BRDA:539,55,0,3
BRDA:539,55,1,0
BRDA:550,56,0,3
BRDA:550,56,1,0
BRDA:562,57,0,3
BRDA:562,57,1,0
BRDA:568,58,0,0
BRDA:568,58,1,3
BRDA:615,59,0,8
BRDA:615,59,1,0
BRDA:624,60,0,2
BRDA:624,60,1,1
BRDA:625,61,0,2
BRDA:625,61,1,1
BRDA:702,62,0,1
BRDA:702,62,1,2
BRDA:706,63,0,1
BRDA:706,63,1,1
BRDA:706,64,0,2
BRDA:706,64,1,1
BRDA:750,65,0,1
BRDA:750,65,1,1
BRDA:788,66,0,1
BRDA:788,66,1,2
BRDA:793,67,0,1
BRDA:793,67,1,1
BRDA:793,68,0,2
BRDA:793,68,1,1
BRDA:807,69,0,0
BRDA:807,69,1,0
BRDA:827,70,0,0
BRDA:827,70,1,1
BRDA:843,71,0,0
BRDA:843,71,1,1
BRDA:884,72,0,1
BRDA:884,72,1,1
BRDA:885,73,0,1
BRDA:885,73,1,1
BRDA:889,74,0,0
BRDA:889,74,1,1
BRDA:933,75,0,0
BRDA:933,75,1,1
BRDA:942,76,0,0
BRDA:942,76,1,1
BRDA:942,77,0,1
BRDA:942,77,1,1
BRDA:949,78,0,1
BRDA:949,78,1,0
BRDA:949,79,0,1
BRDA:949,79,1,1
BRDA:951,80,0,1
BRDA:951,80,1,0
BRDA:953,81,0,1
BRDA:953,81,1,0
BRDA:1006,82,0,0
BRDA:1006,82,1,0
BRDA:1011,83,0,0
BRDA:1011,83,1,0
BRDA:1012,84,0,0
BRDA:1012,84,1,0
BRDA:1012,84,2,0
BRDA:1026,85,0,0
BRDA:1026,85,1,0
BRDA:1058,86,0,0
BRDA:1058,86,1,0
BRDA:1062,87,0,0
BRDA:1062,87,1,0
BRDA:1062,88,0,0
BRDA:1062,88,1,0
BRDA:1070,89,0,0
BRDA:1070,89,1,0
BRDA:1070,90,0,0
BRDA:1070,90,1,0
BRDA:1070,90,2,0
BRDA:1078,91,0,0
BRDA:1078,91,1,0
BRDA:1085,92,0,0
BRDA:1085,92,1,0
BRDA:1089,93,0,0
BRDA:1089,93,1,0
BRDA:1093,94,0,0
BRDA:1093,94,1,0
BRDA:1095,95,0,0
BRDA:1095,95,1,0
BRDA:1111,96,0,0
BRDA:1111,96,1,0
BRDA:1121,97,0,0
BRDA:1121,97,1,0
BRDA:1136,98,0,3
BRDA:1136,98,1,1
BRDA:1137,99,0,3
BRDA:1137,99,1,1
BRF:202
BRH:104
end_of_record
TN:
SF:src\controllers\payment.js
FN:13,(anonymous_0)
FN:31,(anonymous_1)
FN:66,incrementDiscountCodeUsage
FN:80,(anonymous_3)
FN:119,(anonymous_4)
FN:206,(anonymous_5)
FN:246,(anonymous_6)
FN:272,(anonymous_7)
FN:305,(anonymous_8)
FN:344,(anonymous_9)
FN:360,(anonymous_10)
FN:395,(anonymous_11)
FN:415,(anonymous_12)
FN:445,(anonymous_13)
FN:504,(anonymous_14)
FN:550,(anonymous_15)
FN:892,(anonymous_16)
FN:918,(anonymous_17)
FN:955,(anonymous_18)
FN:996,(anonymous_19)
FN:1026,(anonymous_20)
FN:1066,(anonymous_21)
FNF:22
FNH:12
FNDA:2,(anonymous_0)
FNDA:0,(anonymous_1)
FNDA:2,incrementDiscountCodeUsage
FNDA:2,(anonymous_3)
FNDA:4,(anonymous_4)
FNDA:3,(anonymous_5)
FNDA:2,(anonymous_6)
FNDA:2,(anonymous_7)
FNDA:11,(anonymous_8)
FNDA:4,(anonymous_9)
FNDA:1,(anonymous_10)
FNDA:1,(anonymous_11)
FNDA:2,(anonymous_12)
FNDA:0,(anonymous_13)
FNDA:0,(anonymous_14)
FNDA:0,(anonymous_15)
FNDA:0,(anonymous_16)
FNDA:0,(anonymous_17)
FNDA:0,(anonymous_18)
FNDA:0,(anonymous_19)
FNDA:0,(anonymous_20)
FNDA:0,(anonymous_21)
DA:1,3
DA:2,3
DA:3,3
DA:4,3
DA:5,3
DA:6,3
DA:7,3
DA:8,3
DA:9,3
DA:10,3
DA:13,3
DA:14,2
DA:15,2
DA:29,2
DA:31,1
DA:38,1
DA:57,0
DA:67,2
DA:68,2
DA:72,2
DA:73,0
DA:80,3
DA:81,2
DA:82,2
DA:83,2
DA:85,2
DA:86,1
DA:90,1
DA:95,1
DA:104,1
DA:109,1
DA:114,1
DA:119,3
DA:120,4
DA:121,4
DA:123,4
DA:124,1
DA:128,3
DA:130,3
DA:137,3
DA:138,2
DA:139,2
DA:142,2
DA:145,2
DA:156,2
DA:159,1
DA:171,1
DA:173,1
DA:174,1
DA:176,1
DA:177,1
DA:178,0
DA:180,1
DA:183,1
DA:186,3
DA:201,1
DA:206,3
DA:207,3
DA:208,3
DA:209,3
DA:211,3
DA:212,1
DA:216,2
DA:217,1
DA:218,1
DA:225,1
DA:234,1
DA:236,1
DA:241,1
DA:246,3
DA:247,2
DA:248,2
DA:249,2
DA:251,2
DA:252,1
DA:258,1
DA:262,1
DA:267,0
DA:272,3
DA:273,2
DA:274,2
DA:275,2
DA:277,2
DA:278,1
DA:282,1
DA:283,1
DA:284,0
DA:289,0
DA:290,0
DA:293,1
DA:295,1
DA:300,1
DA:305,3
DA:306,11
DA:308,11
DA:309,4
DA:310,4
DA:313,7
DA:314,7
DA:315,7
DA:318,7
DA:323,7
DA:325,4
DA:326,4
DA:328,1
DA:329,1
DA:331,2
DA:332,2
DA:334,0
DA:337,7
DA:339,0
DA:344,3
DA:345,4
DA:346,4
DA:347,4
DA:349,4
DA:350,4
DA:353,3
DA:354,2
DA:355,2
DA:360,1
DA:361,1
DA:366,1
DA:368,1
DA:379,1
DA:382,1
DA:384,1
DA:385,1
DA:387,0
DA:395,3
DA:396,1
DA:397,1
DA:398,1
DA:400,1
DA:408,1
DA:410,0
DA:415,3
DA:416,2
DA:417,0
DA:418,0
DA:421,2
DA:423,2
DA:427,1
DA:428,0
DA:429,0
DA:431,0
DA:434,0
DA:437,1
DA:440,1
DA:445,3
DA:446,0
DA:447,0
DA:449,0
DA:450,0
DA:453,0
DA:454,0
DA:455,0
DA:458,0
DA:459,0
DA:463,0
DA:464,0
DA:469,0
DA:471,0
DA:476,0
DA:483,0
DA:490,0
DA:494,0
DA:499,0
DA:504,3
DA:506,0
DA:508,0
DA:509,0
DA:510,0
DA:514,0
DA:515,0
DA:516,0
DA:520,0
DA:521,0
DA:523,0
DA:524,0
DA:526,0
DA:531,0
DA:532,0
DA:533,0
DA:535,0
DA:536,0
DA:537,0
DA:538,0
DA:541,0
DA:542,0
DA:543,0
DA:546,0
DA:550,3
DA:551,0
DA:553,0
DA:554,0
DA:555,0
DA:571,0
DA:573,0
DA:576,0
DA:577,0
DA:578,0
DA:582,0
DA:583,0
DA:584,0
DA:587,0
DA:588,0
DA:589,0
DA:593,0
DA:594,0
DA:595,0
DA:599,0
DA:600,0
DA:601,0
DA:605,0
DA:606,0
DA:607,0
DA:611,0
DA:612,0
DA:613,0
DA:614,0
DA:620,0
DA:623,0
DA:631,0
DA:642,0
DA:643,0
DA:644,0
DA:646,0
DA:647,0
DA:648,0
DA:649,0
DA:656,0
DA:657,0
DA:668,0
DA:669,0
DA:670,0
DA:671,0
DA:672,0
DA:673,0
DA:674,0
DA:681,0
DA:682,0
DA:693,0
DA:694,0
DA:695,0
DA:696,0
DA:697,0
DA:698,0
DA:699,0
DA:705,0
DA:706,0
DA:707,0
DA:713,0
DA:716,0
DA:719,0
DA:721,0
DA:729,0
DA:732,0
DA:733,0
DA:734,0
DA:743,0
DA:744,0
DA:745,0
DA:752,0
DA:753,0
DA:754,0
DA:764,0
DA:765,0
DA:766,0
DA:768,0
DA:777,0
DA:779,0
DA:788,0
DA:789,0
DA:792,0
DA:793,0
DA:794,0
DA:802,0
DA:803,0
DA:805,0
DA:813,0
DA:814,0
DA:817,0
DA:824,0
DA:825,0
DA:826,0
DA:833,0
DA:835,0
DA:846,0
DA:856,0
DA:859,0
DA:861,0
DA:864,0
DA:870,0
DA:876,0
DA:885,0
DA:886,0
DA:892,3
DA:893,0
DA:894,0
DA:896,0
DA:897,0
DA:898,0
DA:901,0
DA:908,0
DA:913,0
DA:918,3
DA:919,0
DA:920,0
DA:923,0
DA:924,0
DA:926,0
DA:927,0
DA:928,0
DA:929,0
DA:931,0
DA:938,0
DA:939,0
DA:941,0
DA:944,0
DA:946,0
DA:949,0
DA:950,0
DA:955,3
DA:956,0
DA:957,0
DA:958,0
DA:960,0
DA:961,0
DA:964,0
DA:965,0
DA:966,0
DA:968,0
DA:969,0
DA:970,0
DA:972,0
DA:979,0
DA:981,0
DA:985,0
DA:987,0
DA:988,0
DA:996,3
DA:997,0
DA:998,0
DA:999,0
DA:1004,0
DA:1005,0
DA:1006,0
DA:1009,0
DA:1016,0
DA:1021,0
DA:1026,3
DA:1027,0
DA:1028,0
DA:1029,0
DA:1031,0
DA:1032,0
DA:1035,0
DA:1036,0
DA:1038,0
DA:1039,0
DA:1040,0
DA:1042,0
DA:1050,0
DA:1051,0
DA:1053,0
DA:1055,0
DA:1057,0
DA:1060,0
DA:1061,0
DA:1066,3
DA:1067,0
DA:1068,0
DA:1069,0
DA:1071,0
DA:1072,0
DA:1075,0
DA:1076,0
DA:1077,0
DA:1079,0
DA:1081,0
DA:1082,0
DA:1085,0
DA:1086,0
DA:1089,0
DA:1090,0
DA:1093,0
DA:1095,0
DA:1103,0
DA:1104,0
DA:1106,0
DA:1107,0
DA:1110,0
DA:1114,0
DA:1117,0
DA:1118,0
DA:1122,3
LF:397
LH:142
BRDA:29,0,0,1
BRDA:29,0,1,1
BRDA:29,1,0,2
BRDA:29,1,1,2
BRDA:31,2,0,1
BRDA:31,2,1,0
BRDA:67,3,0,1
BRDA:67,3,1,1
BRDA:72,4,0,2
BRDA:72,4,1,0
BRDA:72,5,0,2
BRDA:72,5,1,2
BRDA:82,6,0,0
BRDA:85,7,0,1
BRDA:85,7,1,1
BRDA:85,8,0,2
BRDA:85,8,1,1
BRDA:92,9,0,1
BRDA:92,9,1,0
BRDA:100,10,0,1
BRDA:100,10,1,0
BRDA:123,11,0,1
BRDA:123,11,1,3
BRDA:137,12,0,2
BRDA:137,12,1,1
BRDA:147,13,0,2
BRDA:147,13,1,0
BRDA:156,14,0,1
BRDA:156,14,1,1
BRDA:156,15,0,2
BRDA:156,15,1,2
BRDA:177,16,0,0
BRDA:177,16,1,1
BRDA:193,17,0,3
BRDA:193,17,1,0
BRDA:211,18,0,1
BRDA:211,18,1,2
BRDA:216,19,0,1
BRDA:216,19,1,1
BRDA:251,20,0,1
BRDA:251,20,1,1
BRDA:251,21,0,2
BRDA:251,21,1,2
BRDA:277,22,0,1
BRDA:277,22,1,1
BRDA:283,23,0,0
BRDA:283,23,1,1
BRDA:308,24,0,4
BRDA:308,24,1,7
BRDA:323,25,0,4
BRDA:323,25,1,1
BRDA:323,25,2,2
BRDA:323,25,3,0
BRDA:347,26,0,0
BRDA:347,26,1,4
BRDA:350,27,0,1
BRDA:350,27,1,3
BRDA:353,28,0,2
BRDA:353,28,1,1
BRDA:366,29,0,0
BRDA:366,29,1,1
BRDA:366,30,0,1
BRDA:366,30,1,1
BRDA:398,31,0,0
BRDA:398,31,1,1
BRDA:416,32,0,0
BRDA:416,32,1,2
BRDA:427,33,0,0
BRDA:427,33,1,1
BRDA:427,34,0,1
BRDA:427,34,1,1
BRDA:449,35,0,0
BRDA:449,35,1,0
BRDA:454,36,0,0
BRDA:454,36,1,0
BRDA:458,37,0,0
BRDA:458,37,1,0
BRDA:463,38,0,0
BRDA:463,38,1,0
BRDA:469,39,0,0
BRDA:469,39,1,0
BRDA:471,40,0,0
BRDA:471,40,1,0
BRDA:471,40,2,0
BRDA:471,40,3,0
BRDA:478,41,0,0
BRDA:478,41,1,0
BRDA:508,42,0,0
BRDA:508,42,1,0
BRDA:514,43,0,0
BRDA:514,43,1,0
BRDA:523,44,0,0
BRDA:523,44,1,0
BRDA:526,45,0,0
BRDA:526,45,1,0
BRDA:536,46,0,0
BRDA:536,46,1,0
BRDA:537,47,0,0
BRDA:537,47,1,0
BRDA:541,48,0,0
BRDA:541,48,1,0
BRDA:553,49,0,0
BRDA:553,49,1,0
BRDA:576,50,0,0
BRDA:576,50,1,0
BRDA:576,51,0,0
BRDA:576,51,1,0
BRDA:576,51,2,0
BRDA:576,51,3,0
BRDA:582,52,0,0
BRDA:582,52,1,0
BRDA:582,53,0,0
BRDA:582,53,1,0
BRDA:587,54,0,0
BRDA:587,54,1,0
BRDA:587,55,0,0
BRDA:587,55,1,0
BRDA:593,56,0,0
BRDA:593,56,1,0
BRDA:599,57,0,0
BRDA:599,57,1,0
BRDA:605,58,0,0
BRDA:605,58,1,0
BRDA:612,59,0,0
BRDA:612,59,1,0
BRDA:623,60,0,0
BRDA:623,60,1,0
BRDA:644,61,0,0
BRDA:644,61,1,0
BRDA:647,62,0,0
BRDA:647,62,1,0
BRDA:656,63,0,0
BRDA:656,63,1,0
BRDA:656,64,0,0
BRDA:656,64,1,0
BRDA:670,65,0,0
BRDA:670,65,1,0
BRDA:672,66,0,0
BRDA:672,66,1,0
BRDA:681,67,0,0
BRDA:681,67,1,0
BRDA:681,68,0,0
BRDA:681,68,1,0
BRDA:695,69,0,0
BRDA:695,69,1,0
BRDA:697,70,0,0
BRDA:697,70,1,0
BRDA:705,71,0,0
BRDA:705,71,1,0
BRDA:729,72,0,0
BRDA:729,72,1,0
BRDA:732,73,0,0
BRDA:732,73,1,0
BRDA:732,74,0,0
BRDA:732,74,1,0
BRDA:743,75,0,0
BRDA:743,75,1,0
BRDA:743,76,0,0
BRDA:743,76,1,0
BRDA:752,77,0,0
BRDA:752,77,1,0
BRDA:764,78,0,0
BRDA:764,78,1,0
BRDA:766,79,0,0
BRDA:766,79,1,0
BRDA:777,80,0,0
BRDA:777,80,1,0
BRDA:792,81,0,0
BRDA:792,81,1,0
BRDA:813,82,0,0
BRDA:813,82,1,0
BRDA:824,83,0,0
BRDA:824,83,1,0
BRDA:824,84,0,0
BRDA:824,84,1,0
BRDA:833,85,0,0
BRDA:833,85,1,0
BRDA:833,86,0,0
BRDA:833,86,1,0
BRDA:897,87,0,0
BRDA:897,87,1,0
BRDA:924,88,0,0
BRDA:924,88,1,0
BRDA:926,89,0,0
BRDA:926,89,1,0
BRDA:927,90,0,0
BRDA:927,90,1,0
BRDA:929,91,0,0
BRDA:929,91,1,0
BRDA:929,92,0,0
BRDA:929,92,1,0
BRDA:960,93,0,0
BRDA:960,93,1,0
BRDA:966,94,0,0
BRDA:966,94,1,0
BRDA:968,95,0,0
BRDA:968,95,1,0
BRDA:968,96,0,0
BRDA:968,96,1,0
BRDA:970,97,0,0
BRDA:970,97,1,0
BRDA:970,98,0,0
BRDA:970,98,1,0
BRDA:999,99,0,0
BRDA:999,99,1,0
BRDA:999,99,2,0
BRDA:999,99,3,0
BRDA:1005,100,0,0
BRDA:1005,100,1,0
BRDA:1031,101,0,0
BRDA:1031,101,1,0
BRDA:1038,102,0,0
BRDA:1038,102,1,0
BRDA:1040,103,0,0
BRDA:1040,103,1,0
BRDA:1040,104,0,0
BRDA:1040,104,1,0
BRDA:1071,105,0,0
BRDA:1071,105,1,0
BRDA:1081,106,0,0
BRDA:1081,106,1,0
BRDA:1085,107,0,0
BRDA:1085,107,1,0
BRDA:1089,108,0,0
BRDA:1089,108,1,0
BRDA:1093,109,0,0
BRDA:1093,109,1,0
BRF:227
BRH:56
end_of_record
TN:
SF:src\controllers\product.js
FN:22,clearProductCache
FN:26,(anonymous_1)
FN:37,(anonymous_2)
FN:134,(anonymous_3)
FN:135,(anonymous_4)
FN:158,(anonymous_5)
FN:159,(anonymous_6)
FN:221,(anonymous_7)
FN:227,(anonymous_8)
FN:233,(anonymous_9)
FN:242,(anonymous_10)
FN:257,(anonymous_11)
FN:273,(anonymous_12)
FN:304,(anonymous_13)
FN:324,(anonymous_14)
FN:425,(anonymous_15)
FN:434,(anonymous_16)
FN:449,(anonymous_17)
FN:452,(anonymous_18)
FN:478,(anonymous_19)
FN:483,(anonymous_20)
FN:491,(anonymous_21)
FN:510,(anonymous_22)
FN:514,(anonymous_23)
FN:520,(anonymous_24)
FN:557,(anonymous_25)
FN:597,(anonymous_26)
FN:620,(anonymous_27)
FN:629,(anonymous_28)
FN:638,(anonymous_29)
FN:656,(anonymous_30)
FN:661,(anonymous_31)
FN:669,(anonymous_32)
FN:687,(anonymous_33)
FN:691,(anonymous_34)
FN:696,(anonymous_35)
FN:735,(anonymous_36)
FN:772,(anonymous_37)
FN:842,(anonymous_38)
FN:857,(anonymous_39)
FN:873,(anonymous_40)
FN:883,(anonymous_41)
FN:964,(anonymous_42)
FN:1058,(anonymous_43)
FN:1077,(anonymous_44)
FN:1099,(anonymous_45)
FN:1161,(anonymous_46)
FN:1188,(anonymous_47)
FN:1221,(anonymous_48)
FN:1226,(anonymous_49)
FN:1234,(anonymous_50)
FN:1249,(anonymous_51)
FN:1265,(anonymous_52)
FN:1291,(anonymous_53)
FN:1357,(anonymous_54)
FN:1361,(anonymous_55)
FN:1370,(anonymous_56)
FN:1385,(anonymous_57)
FN:1413,(anonymous_58)
FN:1446,(anonymous_59)
FN:1450,(anonymous_60)
FN:1453,(anonymous_61)
FN:1476,(anonymous_62)
FN:1492,(anonymous_63)
FN:1497,(anonymous_64)
FN:1506,(anonymous_65)
FN:1521,(anonymous_66)
FN:1549,(anonymous_67)
FN:1604,(anonymous_68)
FN:1605,(anonymous_69)
FN:1605,(anonymous_70)
FN:1619,(anonymous_71)
FN:1626,(anonymous_72)
FN:1630,(anonymous_73)
FN:1633,(anonymous_74)
FN:1653,(anonymous_75)
FN:1695,(anonymous_76)
FN:1702,(anonymous_77)
FN:1710,(anonymous_78)
FN:1714,(anonymous_79)
FN:1736,(anonymous_80)
FN:1763,(anonymous_81)
FN:1783,(anonymous_82)
FN:1795,(anonymous_83)
FN:1813,(anonymous_84)
FN:1938,(anonymous_85)
FN:1940,(anonymous_86)
FN:1945,(anonymous_87)
FN:1947,(anonymous_88)
FN:1952,(anonymous_89)
FN:1954,(anonymous_90)
FN:1968,(anonymous_91)
FN:1980,(anonymous_92)
FN:2007,(anonymous_93)
FN:2012,(anonymous_94)
FN:2020,(anonymous_95)
FN:2035,(anonymous_96)
FN:2063,(anonymous_97)
FN:2088,(anonymous_98)
FN:2090,(anonymous_99)
FNF:100
FNH:5
FNDA:0,clearProductCache
FNDA:0,(anonymous_1)
FNDA:8,(anonymous_2)
FNDA:0,(anonymous_3)
FNDA:0,(anonymous_4)
FNDA:0,(anonymous_5)
FNDA:0,(anonymous_6)
FNDA:9,(anonymous_7)
FNDA:0,(anonymous_8)
FNDA:0,(anonymous_9)
FNDA:0,(anonymous_10)
FNDA:0,(anonymous_11)
FNDA:0,(anonymous_12)
FNDA:0,(anonymous_13)
FNDA:0,(anonymous_14)
FNDA:0,(anonymous_15)
FNDA:0,(anonymous_16)
FNDA:0,(anonymous_17)
FNDA:0,(anonymous_18)
FNDA:0,(anonymous_19)
FNDA:0,(anonymous_20)
FNDA:0,(anonymous_21)
FNDA:0,(anonymous_22)
FNDA:0,(anonymous_23)
FNDA:0,(anonymous_24)
FNDA:0,(anonymous_25)
FNDA:0,(anonymous_26)
FNDA:0,(anonymous_27)
FNDA:0,(anonymous_28)
FNDA:0,(anonymous_29)
FNDA:0,(anonymous_30)
FNDA:0,(anonymous_31)
FNDA:0,(anonymous_32)
FNDA:0,(anonymous_33)
FNDA:0,(anonymous_34)
FNDA:0,(anonymous_35)
FNDA:0,(anonymous_36)
FNDA:0,(anonymous_37)
FNDA:0,(anonymous_38)
FNDA:0,(anonymous_39)
FNDA:0,(anonymous_40)
FNDA:0,(anonymous_41)
FNDA:0,(anonymous_42)
FNDA:0,(anonymous_43)
FNDA:0,(anonymous_44)
FNDA:0,(anonymous_45)
FNDA:0,(anonymous_46)
FNDA:0,(anonymous_47)
FNDA:0,(anonymous_48)
FNDA:0,(anonymous_49)
FNDA:0,(anonymous_50)
FNDA:0,(anonymous_51)
FNDA:0,(anonymous_52)
FNDA:0,(anonymous_53)
FNDA:0,(anonymous_54)
FNDA:0,(anonymous_55)
FNDA:0,(anonymous_56)
FNDA:0,(anonymous_57)
FNDA:0,(anonymous_58)
FNDA:0,(anonymous_59)
FNDA:0,(anonymous_60)
FNDA:0,(anonymous_61)
FNDA:0,(anonymous_62)
FNDA:0,(anonymous_63)
FNDA:0,(anonymous_64)
FNDA:0,(anonymous_65)
FNDA:0,(anonymous_66)
FNDA:0,(anonymous_67)
FNDA:0,(anonymous_68)
FNDA:0,(anonymous_69)
FNDA:0,(anonymous_70)
FNDA:0,(anonymous_71)
FNDA:0,(anonymous_72)
FNDA:0,(anonymous_73)
FNDA:0,(anonymous_74)
FNDA:0,(anonymous_75)
FNDA:0,(anonymous_76)
FNDA:0,(anonymous_77)
FNDA:0,(anonymous_78)
FNDA:0,(anonymous_79)
FNDA:0,(anonymous_80)
FNDA:0,(anonymous_81)
FNDA:0,(anonymous_82)
FNDA:0,(anonymous_83)
FNDA:0,(anonymous_84)
FNDA:0,(anonymous_85)
FNDA:0,(anonymous_86)
FNDA:0,(anonymous_87)
FNDA:0,(anonymous_88)
FNDA:0,(anonymous_89)
FNDA:0,(anonymous_90)
FNDA:0,(anonymous_91)
FNDA:0,(anonymous_92)
FNDA:0,(anonymous_93)
FNDA:0,(anonymous_94)
FNDA:0,(anonymous_95)
FNDA:0,(anonymous_96)
FNDA:7,(anonymous_97)
FNDA:4,(anonymous_98)
FNDA:2,(anonymous_99)
DA:11,2
DA:12,2
DA:13,2
DA:14,2
DA:15,2
DA:17,2
DA:18,2
DA:23,0
DA:24,0
DA:25,0
DA:26,0
DA:27,0
DA:28,0
DA:29,0
DA:32,0
DA:37,2
DA:38,8
DA:39,8
DA:40,8
DA:41,8
DA:42,8
DA:43,0
DA:59,8
DA:61,8
DA:64,8
DA:65,8
DA:68,8
DA:69,0
DA:70,0
DA:78,8
DA:79,0
DA:85,8
DA:86,0
DA:93,8
DA:94,0
DA:98,8
DA:99,0
DA:103,8
DA:104,0
DA:106,0
DA:108,0
DA:111,0
DA:112,0
DA:113,0
DA:115,0
DA:121,8
DA:125,8
DA:132,8
DA:133,0
DA:134,0
DA:135,0
DA:137,0
DA:138,0
DA:141,0
DA:142,0
DA:149,8
DA:156,8
DA:157,0
DA:158,0
DA:159,0
DA:161,0
DA:163,0
DA:168,0
DA:169,0
DA:178,8
DA:184,8
DA:188,8
DA:194,8
DA:202,8
DA:203,0
DA:204,8
DA:205,0
DA:207,8
DA:211,8
DA:221,8
DA:222,9
DA:223,9
DA:226,9
DA:227,9
DA:228,0
DA:232,9
DA:233,0
DA:242,0
DA:243,0
DA:245,9
DA:246,9
DA:250,9
DA:255,9
DA:256,0
DA:257,0
DA:260,0
DA:263,0
DA:267,9
DA:268,9
DA:270,9
DA:272,0
DA:273,0
DA:275,0
DA:279,9
DA:281,9
DA:289,8
DA:296,8
DA:297,8
DA:299,0
DA:304,2
DA:305,0
DA:306,0
DA:307,0
DA:310,0
DA:311,0
DA:313,0
DA:314,0
DA:315,0
DA:316,0
DA:318,0
DA:319,0
DA:321,0
DA:322,0
DA:324,0
DA:327,0
DA:331,0
DA:373,0
DA:374,0
DA:417,0
DA:418,0
DA:422,0
DA:424,0
DA:425,0
DA:434,0
DA:435,0
DA:437,0
DA:438,0
DA:442,0
DA:448,0
DA:449,0
DA:450,0
DA:451,0
DA:452,0
DA:455,0
DA:458,0
DA:463,0
DA:468,0
DA:474,0
DA:475,0
DA:477,0
DA:478,0
DA:482,0
DA:483,0
DA:484,0
DA:485,0
DA:486,0
DA:490,0
DA:491,0
DA:494,0
DA:495,0
DA:496,0
DA:499,0
DA:500,0
DA:503,0
DA:506,0
DA:509,0
DA:510,0
DA:511,0
DA:512,0
DA:513,0
DA:514,0
DA:515,0
DA:518,0
DA:520,0
DA:521,0
DA:523,0
DA:524,0
DA:528,0
DA:529,0
DA:530,0
DA:532,0
DA:536,0
DA:557,0
DA:572,0
DA:573,0
DA:574,0
DA:580,0
DA:584,0
DA:585,0
DA:586,0
DA:587,0
DA:590,0
DA:592,0
DA:597,2
DA:598,0
DA:599,0
DA:600,0
DA:601,0
DA:602,0
DA:604,0
DA:614,0
DA:615,0
DA:618,0
DA:619,0
DA:620,0
DA:629,0
DA:630,0
DA:632,0
DA:633,0
DA:636,0
DA:637,0
DA:638,0
DA:639,0
DA:640,0
DA:643,0
DA:650,0
DA:652,0
DA:653,0
DA:655,0
DA:656,0
DA:660,0
DA:661,0
DA:662,0
DA:663,0
DA:664,0
DA:668,0
DA:669,0
DA:672,0
DA:673,0
DA:674,0
DA:677,0
DA:678,0
DA:681,0
DA:684,0
DA:686,0
DA:687,0
DA:688,0
DA:689,0
DA:690,0
DA:691,0
DA:692,0
DA:695,0
DA:696,0
DA:697,0
DA:699,0
DA:700,0
DA:704,0
DA:706,0
DA:707,0
DA:708,0
DA:710,0
DA:714,0
DA:735,0
DA:750,0
DA:751,0
DA:752,0
DA:758,0
DA:762,0
DA:767,0
DA:772,2
DA:773,0
DA:775,0
DA:798,0
DA:801,0
DA:804,0
DA:828,0
DA:829,0
DA:833,0
DA:834,0
DA:837,0
DA:841,0
DA:842,0
DA:850,0
DA:856,0
DA:857,0
DA:866,0
DA:872,0
DA:873,0
DA:878,0
DA:882,0
DA:883,0
DA:902,0
DA:906,0
DA:908,0
DA:912,0
DA:913,0
DA:916,0
DA:919,0
DA:922,0
DA:951,0
DA:953,0
DA:958,0
DA:959,0
DA:964,2
DA:965,0
DA:967,0
DA:968,0
DA:988,0
DA:991,0
DA:998,0
DA:999,0
DA:1000,0
DA:1003,0
DA:1006,0
DA:1009,0
DA:1010,0
DA:1011,0
DA:1012,0
DA:1013,0
DA:1014,0
DA:1015,0
DA:1016,0
DA:1018,0
DA:1019,0
DA:1020,0
DA:1021,0
DA:1022,0
DA:1023,0
DA:1024,0
DA:1025,0
DA:1026,0
DA:1027,0
DA:1028,0
DA:1029,0
DA:1030,0
DA:1033,0
DA:1036,0
DA:1037,0
DA:1041,0
DA:1042,0
DA:1045,0
DA:1049,0
DA:1051,0
DA:1057,0
DA:1058,0
DA:1063,0
DA:1068,0
DA:1070,0
DA:1076,0
DA:1077,0
DA:1082,0
DA:1087,0
DA:1088,0
DA:1090,0
DA:1093,0
DA:1097,0
DA:1099,0
DA:1101,0
DA:1103,0
DA:1104,0
DA:1105,0
DA:1108,0
DA:1109,0
DA:1112,0
DA:1113,0
DA:1116,0
DA:1119,0
DA:1122,0
DA:1148,0
DA:1150,0
DA:1155,0
DA:1156,0
DA:1161,2
DA:1162,0
DA:1163,0
DA:1166,0
DA:1167,0
DA:1168,0
DA:1172,0
DA:1175,0
DA:1176,0
DA:1178,0
DA:1183,0
DA:1188,2
DA:1189,0
DA:1190,0
DA:1192,0
DA:1221,0
DA:1222,0
DA:1223,0
DA:1225,0
DA:1226,0
DA:1234,0
DA:1235,0
DA:1237,0
DA:1238,0
DA:1242,0
DA:1247,0
DA:1248,0
DA:1249,0
DA:1252,0
DA:1255,0
DA:1259,0
DA:1260,0
DA:1262,0
DA:1264,0
DA:1265,0
DA:1267,0
DA:1271,0
DA:1273,0
DA:1281,0
DA:1286,0
DA:1291,2
DA:1292,0
DA:1293,0
DA:1294,0
DA:1297,0
DA:1305,0
DA:1306,0
DA:1310,0
DA:1312,0
DA:1315,0
DA:1316,0
DA:1333,0
DA:1334,0
DA:1338,0
DA:1357,0
DA:1358,0
DA:1360,0
DA:1361,0
DA:1370,0
DA:1371,0
DA:1373,0
DA:1374,0
DA:1378,0
DA:1383,0
DA:1384,0
DA:1385,0
DA:1388,0
DA:1391,0
DA:1395,0
DA:1397,0
DA:1403,0
DA:1408,0
DA:1413,2
DA:1414,0
DA:1415,0
DA:1417,0
DA:1418,0
DA:1422,0
DA:1423,0
DA:1446,0
DA:1447,0
DA:1448,0
DA:1449,0
DA:1450,0
DA:1453,0
DA:1454,0
DA:1456,0
DA:1457,0
DA:1459,0
DA:1460,0
DA:1463,0
DA:1471,0
DA:1476,2
DA:1477,0
DA:1478,0
DA:1480,0
DA:1492,0
DA:1493,0
DA:1494,0
DA:1496,0
DA:1497,0
DA:1506,0
DA:1507,0
DA:1509,0
DA:1510,0
DA:1514,0
DA:1519,0
DA:1520,0
DA:1521,0
DA:1524,0
DA:1527,0
DA:1531,0
DA:1533,0
DA:1539,0
DA:1544,0
DA:1549,2
DA:1550,0
DA:1551,0
DA:1554,0
DA:1557,0
DA:1559,0
DA:1560,0
DA:1562,0
DA:1563,0
DA:1565,0
DA:1566,0
DA:1568,0
DA:1572,0
DA:1599,0
DA:1600,0
DA:1604,0
DA:1605,0
DA:1608,0
DA:1619,0
DA:1626,0
DA:1627,0
DA:1628,0
DA:1629,0
DA:1630,0
DA:1633,0
DA:1634,0
DA:1636,0
DA:1637,0
DA:1639,0
DA:1640,0
DA:1643,0
DA:1648,0
DA:1653,2
DA:1654,0
DA:1655,0
DA:1656,0
DA:1657,0
DA:1661,0
DA:1662,0
DA:1663,0
DA:1664,0
DA:1668,0
DA:1672,0
DA:1695,0
DA:1696,0
DA:1697,0
DA:1698,0
DA:1700,0
DA:1701,0
DA:1702,0
DA:1703,0
DA:1704,0
DA:1707,0
DA:1708,0
DA:1709,0
DA:1710,0
DA:1714,0
DA:1715,0
DA:1717,0
DA:1718,0
DA:1720,0
DA:1721,0
DA:1723,0
DA:1726,0
DA:1731,0
DA:1736,2
DA:1737,0
DA:1738,0
DA:1741,0
DA:1742,0
DA:1743,0
DA:1747,0
DA:1751,0
DA:1758,0
DA:1763,2
DA:1764,0
DA:1765,0
DA:1768,0
DA:1769,0
DA:1770,0
DA:1774,0
DA:1780,0
DA:1782,0
DA:1783,0
DA:1787,0
DA:1795,0
DA:1796,0
DA:1799,0
DA:1808,0
DA:1813,2
DA:1814,0
DA:1815,0
DA:1817,0
DA:1820,0
DA:1821,0
DA:1823,0
DA:1825,0
DA:1827,0
DA:1828,0
DA:1835,0
DA:1838,0
DA:1839,0
DA:1849,0
DA:1860,0
DA:1861,0
DA:1862,0
DA:1863,0
DA:1864,0
DA:1865,0
DA:1867,0
DA:1868,0
DA:1870,0
DA:1873,0
DA:1874,0
DA:1880,0
DA:1881,0
DA:1882,0
DA:1892,0
DA:1903,0
DA:1914,0
DA:1925,0
DA:1937,0
DA:1938,0
DA:1939,0
DA:1940,0
DA:1944,0
DA:1945,0
DA:1946,0
DA:1947,0
DA:1951,0
DA:1952,0
DA:1953,0
DA:1954,0
DA:1958,0
DA:1968,0
DA:1975,0
DA:1980,2
DA:1981,0
DA:1982,0
DA:1983,0
DA:1985,0
DA:2007,0
DA:2008,0
DA:2009,0
DA:2011,0
DA:2012,0
DA:2020,0
DA:2021,0
DA:2023,0
DA:2024,0
DA:2026,0
DA:2028,0
DA:2033,0
DA:2034,0
DA:2035,0
DA:2038,0
DA:2041,0
DA:2044,0
DA:2046,0
DA:2053,0
DA:2058,0
DA:2063,2
DA:2064,7
DA:2065,7
DA:2067,7
DA:2068,2
DA:2070,5
DA:2073,5
DA:2088,5
DA:2089,4
DA:2090,4
DA:2091,4
DA:2099,5
DA:2101,0
DA:2105,2
LF:647
LH:82
BRDA:27,0,0,0
BRDA:27,0,1,0
BRDA:28,1,0,0
BRDA:28,1,1,0
BRDA:42,2,0,0
BRDA:42,2,1,8
BRDA:47,3,0,4
BRDA:48,4,0,8
BRDA:49,5,0,8
BRDA:61,6,0,8
BRDA:61,6,1,2
BRDA:68,7,0,0
BRDA:68,7,1,8
BRDA:78,8,0,0
BRDA:78,8,1,8
BRDA:85,9,0,0
BRDA:85,9,1,8
BRDA:93,10,0,0
BRDA:93,10,1,8
BRDA:98,11,0,0
BRDA:98,11,1,8
BRDA:103,12,0,0
BRDA:103,12,1,8
BRDA:104,13,0,0
BRDA:104,13,1,0
BRDA:106,14,0,0
BRDA:106,14,1,0
BRDA:112,15,0,0
BRDA:112,15,1,0
BRDA:132,16,0,0
BRDA:132,16,1,8
BRDA:133,17,0,0
BRDA:133,17,1,0
BRDA:134,18,0,0
BRDA:134,18,1,0
BRDA:135,19,0,0
BRDA:135,19,1,0
BRDA:137,20,0,0
BRDA:137,20,1,0
BRDA:141,21,0,0
BRDA:141,21,1,0
BRDA:156,22,0,0
BRDA:156,22,1,8
BRDA:157,23,0,0
BRDA:157,23,1,0
BRDA:158,24,0,0
BRDA:158,24,1,0
BRDA:159,25,0,0
BRDA:159,25,1,0
BRDA:161,26,0,0
BRDA:161,26,1,0
BRDA:168,27,0,0
BRDA:168,27,1,0
BRDA:202,28,0,0
BRDA:202,28,1,8
BRDA:204,29,0,0
BRDA:204,29,1,8
BRDA:226,30,0,0
BRDA:226,30,1,9
BRDA:227,31,0,0
BRDA:227,31,1,9
BRDA:227,32,0,9
BRDA:227,32,1,0
BRDA:232,33,0,0
BRDA:232,33,1,9
BRDA:232,34,0,9
BRDA:232,34,1,9
BRDA:242,35,0,0
BRDA:242,35,1,0
BRDA:255,36,0,0
BRDA:255,36,1,9
BRDA:255,37,0,9
BRDA:255,37,1,9
BRDA:267,38,0,9
BRDA:267,38,1,0
BRDA:268,39,0,9
BRDA:268,39,1,9
BRDA:270,40,0,0
BRDA:270,40,1,9
BRDA:270,41,0,9
BRDA:270,41,1,9
BRDA:275,42,0,0
BRDA:275,42,1,0
BRDA:310,43,0,0
BRDA:310,43,1,0
BRDA:310,43,2,0
BRDA:311,44,0,0
BRDA:311,44,1,0
BRDA:313,45,0,0
BRDA:313,45,1,0
BRDA:316,46,0,0
BRDA:316,46,1,0
BRDA:319,47,0,0
BRDA:319,47,1,0
BRDA:322,48,0,0
BRDA:322,48,1,0
BRDA:373,49,0,0
BRDA:373,49,1,0
BRDA:417,50,0,0
BRDA:417,50,1,0
BRDA:424,51,0,0
BRDA:424,51,1,0
BRDA:424,52,0,0
BRDA:424,52,1,0
BRDA:434,53,0,0
BRDA:434,53,1,0
BRDA:445,54,0,0
BRDA:445,54,1,0
BRDA:448,55,0,0
BRDA:448,55,1,0
BRDA:448,56,0,0
BRDA:448,56,1,0
BRDA:450,57,0,0
BRDA:450,57,1,0
BRDA:468,58,0,0
BRDA:468,58,1,0
BRDA:469,59,0,0
BRDA:469,59,1,0
BRDA:469,59,2,0
BRDA:469,59,3,0
BRDA:475,60,0,0
BRDA:475,60,1,0
BRDA:477,61,0,0
BRDA:477,61,1,0
BRDA:482,62,0,0
BRDA:482,62,1,0
BRDA:482,63,0,0
BRDA:482,63,1,0
BRDA:484,64,0,0
BRDA:484,64,1,0
BRDA:485,65,0,0
BRDA:485,65,1,0
BRDA:485,65,2,0
BRDA:490,66,0,0
BRDA:490,66,1,0
BRDA:491,67,0,0
BRDA:491,67,1,0
BRDA:491,68,0,0
BRDA:491,68,1,0
BRDA:491,68,2,0
BRDA:491,68,3,0
BRDA:494,69,0,0
BRDA:494,69,1,0
BRDA:495,70,0,0
BRDA:495,70,1,0
BRDA:496,71,0,0
BRDA:496,71,1,0
BRDA:496,71,2,0
BRDA:499,72,0,0
BRDA:499,72,1,0
BRDA:499,73,0,0
BRDA:499,73,1,0
BRDA:506,74,0,0
BRDA:506,74,1,0
BRDA:509,75,0,0
BRDA:509,75,1,0
BRDA:509,76,0,0
BRDA:509,76,1,0
BRDA:511,77,0,0
BRDA:511,77,1,0
BRDA:513,78,0,0
BRDA:513,78,1,0
BRDA:518,79,0,0
BRDA:518,79,1,0
BRDA:523,80,0,0
BRDA:523,80,1,0
BRDA:528,81,0,0
BRDA:528,81,1,0
BRDA:530,82,0,0
BRDA:530,82,1,0
BRDA:532,83,0,0
BRDA:532,83,1,0
BRDA:532,84,0,0
BRDA:532,84,1,0
BRDA:541,85,0,0
BRDA:541,85,1,0
BRDA:542,86,0,0
BRDA:542,86,1,0
BRDA:545,87,0,0
BRDA:545,87,1,0
BRDA:546,88,0,0
BRDA:546,88,1,0
BRDA:552,89,0,0
BRDA:552,89,1,0
BRDA:553,90,0,0
BRDA:553,90,1,0
BRDA:554,91,0,0
BRDA:554,91,1,0
BRDA:555,92,0,0
BRDA:555,92,1,0
BRDA:559,93,0,0
BRDA:559,93,1,0
BRDA:560,94,0,0
BRDA:560,94,1,0
BRDA:561,95,0,0
BRDA:561,95,1,0
BRDA:572,96,0,0
BRDA:572,96,1,0
BRDA:585,97,0,0
BRDA:585,97,1,0
BRDA:614,98,0,0
BRDA:614,98,1,0
BRDA:619,99,0,0
BRDA:619,99,1,0
BRDA:619,100,0,0
BRDA:619,100,1,0
BRDA:629,101,0,0
BRDA:629,101,1,0
BRDA:637,102,0,0
BRDA:637,102,1,0
BRDA:637,103,0,0
BRDA:637,103,1,0
BRDA:650,104,0,0
BRDA:650,104,1,0
BRDA:650,105,0,0
BRDA:650,105,1,0
BRDA:653,106,0,0
BRDA:653,106,1,0
BRDA:655,107,0,0
BRDA:655,107,1,0
BRDA:660,108,0,0
BRDA:660,108,1,0
BRDA:660,109,0,0
BRDA:660,109,1,0
BRDA:662,110,0,0
BRDA:662,110,1,0
BRDA:663,111,0,0
BRDA:663,111,1,0
BRDA:663,111,2,0
BRDA:668,112,0,0
BRDA:668,112,1,0
BRDA:669,113,0,0
BRDA:669,113,1,0
BRDA:669,114,0,0
BRDA:669,114,1,0
BRDA:669,114,2,0
BRDA:669,114,3,0
BRDA:672,115,0,0
BRDA:672,115,1,0
BRDA:673,116,0,0
BRDA:673,116,1,0
BRDA:674,117,0,0
BRDA:674,117,1,0
BRDA:674,117,2,0
BRDA:677,118,0,0
BRDA:677,118,1,0
BRDA:677,119,0,0
BRDA:677,119,1,0
BRDA:684,120,0,0
BRDA:684,120,1,0
BRDA:686,121,0,0
BRDA:686,121,1,0
BRDA:686,122,0,0
BRDA:686,122,1,0
BRDA:688,123,0,0
BRDA:688,123,1,0
BRDA:690,124,0,0
BRDA:690,124,1,0
BRDA:695,125,0,0
BRDA:695,125,1,0
BRDA:699,126,0,0
BRDA:699,126,1,0
BRDA:706,127,0,0
BRDA:706,127,1,0
BRDA:708,128,0,0
BRDA:708,128,1,0
BRDA:710,129,0,0
BRDA:710,129,1,0
BRDA:710,130,0,0
BRDA:710,130,1,0
BRDA:719,131,0,0
BRDA:719,131,1,0
BRDA:720,132,0,0
BRDA:720,132,1,0
BRDA:723,133,0,0
BRDA:723,133,1,0
BRDA:724,134,0,0
BRDA:724,134,1,0
BRDA:730,135,0,0
BRDA:730,135,1,0
BRDA:731,136,0,0
BRDA:731,136,1,0
BRDA:732,137,0,0
BRDA:732,137,1,0
BRDA:733,138,0,0
BRDA:733,138,1,0
BRDA:737,139,0,0
BRDA:737,139,1,0
BRDA:738,140,0,0
BRDA:738,140,1,0
BRDA:739,141,0,0
BRDA:739,141,1,0
BRDA:750,142,0,0
BRDA:750,142,1,0
BRDA:801,143,0,0
BRDA:801,143,1,0
BRDA:807,144,0,0
BRDA:807,144,1,0
BRDA:810,145,0,0
BRDA:810,145,1,0
BRDA:811,146,0,0
BRDA:811,146,1,0
BRDA:812,147,0,0
BRDA:812,147,1,0
BRDA:815,148,0,0
BRDA:815,148,1,0
BRDA:817,149,0,0
BRDA:817,149,1,0
BRDA:820,150,0,0
BRDA:820,150,1,0
BRDA:822,151,0,0
BRDA:822,151,1,0
BRDA:828,152,0,0
BRDA:828,152,1,0
BRDA:828,153,0,0
BRDA:828,153,1,0
BRDA:833,154,0,0
BRDA:833,154,1,0
BRDA:841,155,0,0
BRDA:841,155,1,0
BRDA:841,156,0,0
BRDA:841,156,1,0
BRDA:846,157,0,0
BRDA:846,157,1,0
BRDA:856,158,0,0
BRDA:856,158,1,0
BRDA:856,159,0,0
BRDA:856,159,1,0
BRDA:872,160,0,0
BRDA:872,160,1,0
BRDA:872,161,0,0
BRDA:872,161,1,0
BRDA:882,162,0,0
BRDA:882,162,1,0
BRDA:882,163,0,0
BRDA:882,163,1,0
BRDA:885,164,0,0
BRDA:885,164,1,0
BRDA:886,165,0,0
BRDA:886,165,1,0
BRDA:886,165,2,0
BRDA:887,166,0,0
BRDA:887,166,1,0
BRDA:888,167,0,0
BRDA:888,167,1,0
BRDA:891,168,0,0
BRDA:891,168,1,0
BRDA:891,169,0,0
BRDA:891,169,1,0
BRDA:892,170,0,0
BRDA:892,170,1,0
BRDA:894,171,0,0
BRDA:894,171,1,0
BRDA:895,172,0,0
BRDA:895,172,1,0
BRDA:896,173,0,0
BRDA:896,173,1,0
BRDA:897,174,0,0
BRDA:897,174,1,0
BRDA:898,175,0,0
BRDA:898,175,1,0
BRDA:898,175,2,0
BRDA:899,176,0,0
BRDA:899,176,1,0
BRDA:906,177,0,0
BRDA:906,177,1,0
BRDA:906,178,0,0
BRDA:906,178,1,0
BRDA:912,179,0,0
BRDA:912,179,1,0
BRDA:999,180,0,0
BRDA:999,180,1,0
BRDA:1009,181,0,0
BRDA:1009,181,1,0
BRDA:1010,182,0,0
BRDA:1010,182,1,0
BRDA:1012,183,0,0
BRDA:1012,183,1,0
BRDA:1014,184,0,0
BRDA:1014,184,1,0
BRDA:1015,185,0,0
BRDA:1015,185,1,0
BRDA:1018,186,0,0
BRDA:1018,186,1,0
BRDA:1019,187,0,0
BRDA:1019,187,1,0
BRDA:1020,188,0,0
BRDA:1020,188,1,0
BRDA:1021,189,0,0
BRDA:1021,189,1,0
BRDA:1023,190,0,0
BRDA:1023,190,1,0
BRDA:1024,191,0,0
BRDA:1024,191,1,0
BRDA:1026,192,0,0
BRDA:1026,192,1,0
BRDA:1027,193,0,0
BRDA:1027,193,1,0
BRDA:1029,194,0,0
BRDA:1029,194,1,0
BRDA:1036,195,0,0
BRDA:1036,195,1,0
BRDA:1036,196,0,0
BRDA:1036,196,1,0
BRDA:1041,197,0,0
BRDA:1041,197,1,0
BRDA:1049,198,0,0
BRDA:1049,198,1,0
BRDA:1057,199,0,0
BRDA:1057,199,1,0
BRDA:1057,200,0,0
BRDA:1057,200,1,0
BRDA:1068,201,0,0
BRDA:1068,201,1,0
BRDA:1076,202,0,0
BRDA:1076,202,1,0
BRDA:1076,203,0,0
BRDA:1076,203,1,0
BRDA:1087,204,0,0
BRDA:1087,204,1,0
BRDA:1090,205,0,0
BRDA:1090,205,1,0
BRDA:1090,206,0,0
BRDA:1090,206,1,0
BRDA:1103,207,0,0
BRDA:1103,207,1,0
BRDA:1167,208,0,0
BRDA:1167,208,1,0
BRDA:1190,209,0,0
BRDA:1225,210,0,0
BRDA:1225,210,1,0
BRDA:1225,211,0,0
BRDA:1225,211,1,0
BRDA:1234,212,0,0
BRDA:1234,212,1,0
BRDA:1247,213,0,0
BRDA:1247,213,1,0
BRDA:1247,214,0,0
BRDA:1247,214,1,0
BRDA:1259,215,0,0
BRDA:1259,215,1,0
BRDA:1260,216,0,0
BRDA:1260,216,1,0
BRDA:1262,217,0,0
BRDA:1262,217,1,0
BRDA:1262,218,0,0
BRDA:1262,218,1,0
BRDA:1267,219,0,0
BRDA:1267,219,1,0
BRDA:1294,220,0,0
BRDA:1305,221,0,0
BRDA:1305,221,1,0
BRDA:1310,222,0,0
BRDA:1310,222,1,0
BRDA:1315,223,0,0
BRDA:1315,223,1,0
BRDA:1333,224,0,0
BRDA:1333,224,1,0
BRDA:1360,225,0,0
BRDA:1360,225,1,0
BRDA:1360,226,0,0
BRDA:1360,226,1,0
BRDA:1370,227,0,0
BRDA:1370,227,1,0
BRDA:1383,228,0,0
BRDA:1383,228,1,0
BRDA:1383,229,0,0
BRDA:1383,229,1,0
BRDA:1415,230,0,0
BRDA:1415,231,0,0
BRDA:1417,232,0,0
BRDA:1417,232,1,0
BRDA:1449,233,0,0
BRDA:1449,233,1,0
BRDA:1449,234,0,0
BRDA:1449,234,1,0
BRDA:1453,235,0,0
BRDA:1453,235,1,0
BRDA:1478,236,0,0
BRDA:1496,237,0,0
BRDA:1496,237,1,0
BRDA:1496,238,0,0
BRDA:1496,238,1,0
BRDA:1506,239,0,0
BRDA:1506,239,1,0
BRDA:1519,240,0,0
BRDA:1519,240,1,0
BRDA:1519,241,0,0
BRDA:1519,241,1,0
BRDA:1551,242,0,0
BRDA:1551,243,0,0
BRDA:1557,244,0,0
BRDA:1557,244,1,0
BRDA:1557,244,2,0
BRDA:1557,244,3,0
BRDA:1599,245,0,0
BRDA:1599,245,1,0
BRDA:1629,246,0,0
BRDA:1629,246,1,0
BRDA:1629,247,0,0
BRDA:1629,247,1,0
BRDA:1633,248,0,0
BRDA:1633,248,1,0
BRDA:1655,249,0,0
BRDA:1655,249,1,0
BRDA:1656,250,0,0
BRDA:1656,250,1,0
BRDA:1657,251,0,0
BRDA:1657,251,1,0
BRDA:1661,252,0,0
BRDA:1661,252,1,0
BRDA:1663,253,0,0
BRDA:1663,253,1,0
BRDA:1701,254,0,0
BRDA:1701,254,1,0
BRDA:1701,255,0,0
BRDA:1701,255,1,0
BRDA:1709,256,0,0
BRDA:1709,256,1,0
BRDA:1709,257,0,0
BRDA:1709,257,1,0
BRDA:1714,258,0,0
BRDA:1714,258,1,0
BRDA:1742,259,0,0
BRDA:1742,259,1,0
BRDA:1769,260,0,0
BRDA:1769,260,1,0
BRDA:1782,261,0,0
BRDA:1782,261,1,0
BRDA:1823,262,0,0
BRDA:1823,262,1,0
BRDA:1825,263,0,0
BRDA:1825,263,1,0
BRDA:1827,264,0,0
BRDA:1827,264,1,0
BRDA:1838,265,0,0
BRDA:1838,265,1,0
BRDA:1861,266,0,0
BRDA:1861,266,1,0
BRDA:1864,267,0,0
BRDA:1864,267,1,0
BRDA:1864,268,0,0
BRDA:1864,268,1,0
BRDA:1867,269,0,0
BRDA:1867,269,1,0
BRDA:1873,270,0,0
BRDA:1873,270,1,0
BRDA:1881,271,0,0
BRDA:1881,271,1,0
BRDA:1896,272,0,0
BRDA:1896,272,1,0
BRDA:1907,273,0,0
BRDA:1907,273,1,0
BRDA:1918,274,0,0
BRDA:1918,274,1,0
BRDA:1929,275,0,0
BRDA:1929,275,1,0
BRDA:1939,276,0,0
BRDA:1939,276,1,0
BRDA:1939,277,0,0
BRDA:1939,277,1,0
BRDA:1946,278,0,0
BRDA:1946,278,1,0
BRDA:1946,279,0,0
BRDA:1946,279,1,0
BRDA:1953,280,0,0
BRDA:1953,280,1,0
BRDA:1953,281,0,0
BRDA:1953,281,1,0
BRDA:1962,282,0,0
BRDA:1962,282,1,0
BRDA:1963,283,0,0
BRDA:1963,283,1,0
BRDA:1970,284,0,0
BRDA:1970,284,1,0
BRDA:1983,285,0,0
BRDA:2011,286,0,0
BRDA:2011,286,1,0
BRDA:2011,287,0,0
BRDA:2011,287,1,0
BRDA:2020,288,0,0
BRDA:2020,288,1,0
BRDA:2033,289,0,0
BRDA:2033,289,1,0
BRDA:2033,290,0,0
BRDA:2033,290,1,0
BRDA:2067,291,0,2
BRDA:2067,291,1,5
BRDA:2067,292,0,7
BRDA:2067,292,1,5
BRDA:2090,293,0,4
BRDA:2090,293,1,2
BRDA:2095,294,0,4
BRDA:2095,294,1,2
BRF:594
BRH:39
end_of_record
TN:
SF:src\controllers\searchHistory.js
FN:6,(anonymous_0)
FN:50,(anonymous_1)
FN:71,(anonymous_2)
FN:96,(anonymous_3)
FNF:4
FNH:1
FNDA:6,(anonymous_0)
FNDA:0,(anonymous_1)
FNDA:0,(anonymous_2)
FNDA:0,(anonymous_3)
DA:1,2
DA:2,2
DA:3,2
DA:6,2
DA:7,6
DA:8,6
DA:9,6
DA:11,6
DA:12,0
DA:16,6
DA:17,6
DA:21,6
DA:22,5
DA:23,1
DA:24,1
DA:27,6
DA:28,6
DA:30,1
DA:33,5
DA:40,5
DA:45,0
DA:50,2
DA:51,0
DA:52,0
DA:53,0
DA:55,0
DA:61,0
DA:66,0
DA:71,2
DA:72,0
DA:73,0
DA:74,0
DA:76,0
DA:80,0
DA:81,0
DA:84,0
DA:86,0
DA:91,0
DA:96,2
DA:97,0
DA:98,0
DA:99,0
DA:101,0
DA:106,0
DA:110,2
LF:45
LH:23
BRDA:9,0,0,5
BRDA:9,0,1,1
BRDA:11,1,0,0
BRDA:11,1,1,6
BRDA:21,2,0,5
BRDA:21,2,1,1
BRDA:23,3,0,1
BRDA:23,3,1,0
BRDA:28,4,0,1
BRDA:28,4,1,5
BRDA:53,5,0,0
BRDA:80,6,0,0
BRDA:80,6,1,0
BRF:13
BRH:8
end_of_record
TN:
SF:src\controllers\upload.js
FN:24,(anonymous_0)
FN:44,validateMagicBytes
FN:66,(anonymous_2)
FN:71,(anonymous_3)
FN:79,(anonymous_4)
FN:103,(anonymous_5)
FN:109,(anonymous_6)
FN:131,(anonymous_7)
FN:155,(anonymous_8)
FN:162,(anonymous_9)
FN:198,(anonymous_10)
FN:204,(anonymous_11)
FN:227,(anonymous_12)
FNF:13
FNH:8
FNDA:2,(anonymous_0)
FNDA:10,validateMagicBytes
FNDA:5,(anonymous_2)
FNDA:5,(anonymous_3)
FNDA:7,(anonymous_4)
FNDA:8,(anonymous_5)
FNDA:8,(anonymous_6)
FNDA:0,(anonymous_7)
FNDA:0,(anonymous_8)
FNDA:0,(anonymous_9)
FNDA:0,(anonymous_10)
FNDA:0,(anonymous_11)
FNDA:8,(anonymous_12)
DA:1,2
DA:2,2
DA:3,2
DA:4,2
DA:5,2
DA:6,2
DA:9,2
DA:24,2
DA:25,2
DA:26,20
DA:27,20
DA:36,2
DA:45,10
DA:46,10
DA:48,10
DA:49,10
DA:51,10
DA:52,10
DA:55,10
DA:58,10
DA:60,10
DA:65,2
DA:67,5
DA:68,5
DA:69,5
DA:72,5
DA:73,5
DA:74,5
DA:79,2
DA:80,7
DA:82,7
DA:83,5
DA:85,2
DA:93,2
DA:103,2
DA:104,8
DA:105,8
DA:107,8
DA:109,8
DA:110,8
DA:111,3
DA:112,1
DA:113,1
DA:117,0
DA:119,2
DA:122,5
DA:123,1
DA:128,4
DA:129,4
DA:131,1
DA:132,1
DA:135,3
DA:137,3
DA:150,0
DA:155,2
DA:156,0
DA:157,0
DA:158,0
DA:160,0
DA:162,0
DA:163,0
DA:164,0
DA:165,0
DA:166,0
DA:170,0
DA:171,0
DA:175,0
DA:177,0
DA:180,0
DA:181,0
DA:185,0
DA:186,0
DA:188,0
DA:189,0
DA:190,0
DA:191,0
DA:193,0
DA:198,0
DA:200,0
DA:201,0
DA:204,0
DA:211,0
DA:222,0
DA:227,2
DA:228,8
DA:229,8
DA:232,8
DA:233,2
DA:236,6
DA:237,2
DA:241,4
DA:242,4
DA:243,2
DA:246,2
DA:247,2
DA:250,2
DA:251,0
DA:255,2
DA:256,2
DA:258,1
DA:261,1
DA:263,1
DA:268,7
DA:272,2
LF:104
LH:73
BRDA:55,0,0,10
BRDA:55,0,1,2
BRDA:58,1,0,10
BRDA:58,1,1,8
BRDA:58,1,2,6
BRDA:67,2,0,5
BRDA:67,2,1,0
BRDA:68,3,0,5
BRDA:68,3,1,0
BRDA:82,4,0,5
BRDA:82,4,1,2
BRDA:105,5,0,8
BRDA:105,5,1,0
BRDA:110,6,0,3
BRDA:110,6,1,5
BRDA:111,7,0,1
BRDA:111,7,1,2
BRDA:112,8,0,1
BRDA:112,8,1,0
BRDA:122,9,0,1
BRDA:122,9,1,4
BRDA:129,10,0,1
BRDA:129,10,1,3
BRDA:157,11,0,0
BRDA:157,11,1,0
BRDA:158,12,0,0
BRDA:158,12,1,0
BRDA:163,13,0,0
BRDA:163,13,1,0
BRDA:164,14,0,0
BRDA:164,14,1,0
BRDA:165,15,0,0
BRDA:165,15,1,0
BRDA:170,16,0,0
BRDA:170,16,1,0
BRDA:180,17,0,0
BRDA:180,17,1,0
BRDA:180,18,0,0
BRDA:180,18,1,0
BRDA:190,19,0,0
BRDA:190,19,1,0
BRDA:200,20,0,0
BRDA:200,20,1,0
BRDA:232,21,0,2
BRDA:232,21,1,6
BRDA:232,22,0,8
BRDA:232,22,1,8
BRDA:236,23,0,2
BRDA:236,23,1,4
BRDA:242,24,0,2
BRDA:242,24,1,2
BRDA:250,25,0,0
BRDA:250,25,1,2
BRDA:250,26,0,2
BRDA:250,26,1,0
BRF:55
BRH:29
end_of_record
TN:
SF:src\middlewares\authenticate.js
FN:7,(anonymous_0)
FN:71,(anonymous_1)
FNF:2
FNH:1
FNDA:4,(anonymous_0)
FNDA:0,(anonymous_1)
DA:1,2
DA:2,2
DA:3,2
DA:4,2
DA:7,2
DA:8,4
DA:10,4
DA:11,4
DA:12,1
DA:15,3
DA:18,3
DA:21,2
DA:22,2
DA:23,2
DA:24,2
DA:25,2
DA:26,1
DA:32,1
DA:33,1
DA:34,0
DA:38,1
DA:39,0
DA:48,1
DA:49,0
DA:55,1
DA:56,1
DA:58,1
DA:62,1
DA:66,0
DA:71,2
DA:72,0
DA:74,0
DA:75,0
DA:76,0
DA:79,0
DA:82,0
DA:85,0
DA:86,0
DA:87,0
DA:91,0
DA:92,0
DA:101,0
DA:102,0
DA:108,0
DA:109,0
DA:111,0
DA:116,0
DA:118,0
DA:122,2
LF:49
LH:27
BRDA:11,0,0,1
BRDA:11,0,1,3
BRDA:11,1,0,4
BRDA:11,1,1,3
BRDA:21,2,0,2
BRDA:21,2,1,0
BRDA:23,3,0,2
BRDA:23,3,1,0
BRDA:25,4,0,1
BRDA:25,4,1,1
BRDA:33,5,0,0
BRDA:33,5,1,1
BRDA:38,6,0,0
BRDA:38,6,1,1
BRDA:48,7,0,0
BRDA:48,7,1,1
BRDA:58,8,0,1
BRDA:58,8,1,0
BRDA:59,9,0,1
BRDA:59,9,1,0
BRDA:75,10,0,0
BRDA:75,10,1,0
BRDA:75,11,0,0
BRDA:75,11,1,0
BRDA:86,12,0,0
BRDA:86,12,1,0
BRDA:91,13,0,0
BRDA:91,13,1,0
BRDA:101,14,0,0
BRDA:101,14,1,0
BRDA:111,15,0,0
BRDA:111,15,1,0
BRDA:112,16,0,0
BRDA:112,16,1,0
BRF:34
BRH:13
end_of_record
TN:
SF:src\middlewares\authorize.js
FN:4,(anonymous_0)
FN:5,(anonymous_1)
FNF:2
FNH:1
FNDA:1,(anonymous_0)
FNDA:0,(anonymous_1)
DA:1,1
DA:4,1
DA:5,1
DA:6,0
DA:7,0
DA:10,0
DA:11,0
DA:16,0
DA:20,1
LF:9
LH:4
BRDA:6,0,0,0
BRDA:6,0,1,0
BRDA:10,1,0,0
BRDA:10,1,1,0
BRF:4
BRH:0
end_of_record
TN:
SF:src\middlewares\errorHandler.js
FN:5,(anonymous_0)
FN:16,(anonymous_1)
FN:26,(anonymous_2)
FN:44,(anonymous_3)
FN:50,(anonymous_4)
FN:57,(anonymous_5)
FN:58,(anonymous_6)
FN:63,(anonymous_7)
FN:66,(anonymous_8)
FN:70,(anonymous_9)
FN:80,(anonymous_10)
FN:81,(anonymous_11)
FN:87,(anonymous_12)
FN:98,(anonymous_13)
FN:117,(anonymous_14)
FNF:15
FNH:10
FNDA:77,(anonymous_0)
FNDA:0,(anonymous_1)
FNDA:53,(anonymous_2)
FNDA:0,(anonymous_3)
FNDA:0,(anonymous_4)
FNDA:0,(anonymous_5)
FNDA:0,(anonymous_6)
FNDA:1,(anonymous_7)
FNDA:1,(anonymous_8)
FNDA:3,(anonymous_9)
FNDA:2,(anonymous_10)
FNDA:4,(anonymous_11)
FNDA:2,(anonymous_12)
FNDA:53,(anonymous_13)
FNDA:53,(anonymous_14)
DA:1,19
DA:6,77
DA:7,77
DA:8,77
DA:9,77
DA:11,77
DA:16,19
DA:17,0
DA:26,19
DA:28,53
DA:29,52
DA:35,1
DA:36,1
DA:44,19
DA:45,0
DA:46,0
DA:50,19
DA:51,0
DA:52,0
DA:53,0
DA:57,19
DA:58,0
DA:59,0
DA:60,0
DA:63,19
DA:64,1
DA:66,19
DA:67,1
DA:70,19
DA:71,3
DA:72,3
DA:73,3
DA:76,3
DA:80,19
DA:81,4
DA:82,2
DA:83,2
DA:87,19
DA:88,2
DA:89,1
DA:91,1
DA:92,1
DA:94,0
DA:98,19
DA:99,53
DA:100,53
DA:102,53
DA:104,53
DA:105,53
DA:106,53
DA:107,52
DA:108,51
DA:109,48
DA:111,46
DA:113,44
DA:117,19
DA:119,53
DA:120,53
DA:121,53
DA:123,53
DA:124,0
DA:127,53
DA:131,19
LF:63
LH:52
BRDA:8,0,0,77
BRDA:8,0,1,0
BRDA:28,1,0,52
BRDA:28,1,1,1
BRDA:71,2,0,3
BRDA:71,2,1,3
BRDA:72,3,0,3
BRDA:72,3,1,3
BRDA:73,4,0,3
BRDA:73,4,1,0
BRDA:81,5,0,2
BRDA:81,5,1,0
BRDA:88,6,0,1
BRDA:88,6,1,1
BRDA:91,7,0,1
BRDA:91,7,1,0
BRDA:102,8,0,0
[...]
DA:145,1
DA:155,1
DA:162,1
DA:172,1
DA:179,1
DA:186,1
DA:193,1
DA:200,1
DA:209,1
DA:210,1
DA:211,1
DA:212,1
DA:217,1
DA:218,1
DA:219,1
DA:220,1
DA:222,1
LF:45
LH:45
BRF:0
BRH:0
end_of_record
TN:
SF:src\routes\auth.js
FNF:0
FNH:0
DA:1,3
DA:2,3
DA:3,3
DA:4,3
DA:11,3
DA:12,3
DA:13,3
DA:60,3
DA:93,3
DA:116,3
DA:132,3
DA:163,3
DA:189,3
DA:218,3
DA:242,3
DA:276,3
DA:296,3
DA:298,3
LF:18
LH:18
BRF:0
BRH:0
end_of_record
TN:
SF:src\routes\cart.js
FNF:0
FNH:0
DA:1,2
DA:2,2
DA:3,2
DA:4,2
DA:9,2
DA:10,2
DA:75,2
DA:110,2
DA:137,2
DA:171,2
DA:218,2
DA:234,2
DA:273,2
DA:302,2
DA:316,2
DA:319,2
DA:321,2
LF:17
LH:17
BRF:0
BRH:0
end_of_record
TN:
SF:src\routes\chat.js
FNF:0
FNH:0
DA:1,2
DA:2,2
DA:3,2
DA:4,2
DA:5,2
DA:6,2
DA:7,2
DA:8,2
DA:11,2
DA:14,2
DA:23,2
DA:26,2
DA:28,2
LF:13
LH:13
BRF:0
BRH:0
end_of_record
TN:
SF:src\routes\chatbot.js
FN:75,(anonymous_0)
FN:108,(anonymous_1)
FN:141,(anonymous_2)
FN:175,(anonymous_3)
FN:209,(anonymous_4)
FNF:5
FNH:3
FNDA:4,(anonymous_0)
FNDA:0,(anonymous_1)
FNDA:0,(anonymous_2)
FNDA:1,(anonymous_3)
FNDA:5,(anonymous_4)
DA:1,1
DA:2,1
DA:3,1
DA:4,1
DA:5,1
DA:7,1
DA:75,1
DA:76,4
DA:108,1
DA:109,0
DA:141,1
DA:142,0
DA:175,1
DA:176,1
DA:209,1
DA:210,5
DA:213,1
LF:17
LH:15
BRF:0
BRH:0
end_of_record
TN:
SF:src\routes\contact.js
FNF:0
FNH:0
DA:1,1
DA:2,1
DA:3,1
DA:4,1
DA:5,1
DA:8,1
DA:11,1
DA:13,1
LF:8
LH:8
BRF:0
BRH:0
end_of_record
TN:
SF:src\routes\loyalty.js
FNF:0
FNH:0
DA:1,1
DA:2,1
DA:3,1
DA:4,1
DA:5,1
DA:6,1
DA:38,1
DA:41,1
DA:48,1
LF:9
LH:9
BRF:0
BRH:0
end_of_record
TN:
SF:src\routes\order.js
FNF:0
FNH:0
DA:1,3
DA:2,3
DA:3,3
DA:4,3
DA:8,3
DA:9,3
DA:10,3
DA:13,3
DA:14,3
DA:21,3
DA:22,3
DA:23,3
DA:24,3
DA:25,3
DA:26,3
DA:27,3
DA:30,3
DA:32,3
DA:39,3
LF:19
LH:19
BRF:0
BRH:0
end_of_record
TN:
SF:src\routes\payment.js
FNF:0
FNH:0
DA:1,3
DA:2,3
DA:3,3
DA:4,3
DA:5,3
DA:8,3
DA:15,3
DA:22,3
DA:23,3
DA:26,3
DA:27,3
DA:30,3
DA:33,3
DA:36,3
DA:39,3
DA:42,3
DA:45,3
DA:46,3
DA:47,3
DA:50,3
DA:52,3
LF:21
LH:21
BRF:0
BRH:0
end_of_record
TN:
SF:src\routes\product.js
FNF:0
FNH:0
DA:1,2
DA:2,2
DA:3,2
DA:4,2
DA:5,2
DA:6,2
DA:7,2
DA:164,2
DA:187,2
DA:206,2
DA:225,2
DA:251,2
DA:283,2
DA:301,2
DA:334,2
DA:337,2
DA:358,2
DA:385,2
DA:406,2
DA:427,2
DA:448,2
DA:507,2
DA:575,2
DA:608,2
DA:615,2
LF:25
LH:25
BRF:0
BRH:0
end_of_record
TN:
SF:src\routes\searchHistory.js
FN:9,(anonymous_0)
FN:11,(anonymous_1)
FNF:2
FNH:2
FNDA:6,(anonymous_0)
FNDA:6,(anonymous_1)
DA:1,2
DA:2,2
DA:3,2
DA:4,2
DA:5,2
DA:6,2
DA:9,2
DA:11,6
DA:12,6
DA:17,2
DA:18,2
DA:19,2
DA:21,2
LF:13
LH:13
BRF:0
BRH:0
end_of_record
TN:
SF:src\routes\upload.js
FNF:0
FNH:0
DA:1,1
DA:2,1
DA:3,1
DA:4,1
DA:80,1
DA:139,1
DA:171,1
DA:173,1
LF:8
LH:8
BRF:0
BRH:0
end_of_record
TN:
SF:src\services\ai\chatbot.js
FN:14,(anonymous_0)
FN:22,(anonymous_1)
FN:28,(anonymous_2)
FN:29,(anonymous_3)
FN:35,(anonymous_4)
FN:156,(anonymous_5)
FN:167,(anonymous_6)
FN:174,(anonymous_7)
FN:216,(anonymous_8)
FN:247,(anonymous_9)
FN:248,(anonymous_10)
FN:253,(anonymous_11)
FN:286,(anonymous_12)
FN:322,(anonymous_13)
FN:325,(anonymous_14)
FN:352,(anonymous_15)
FN:378,(anonymous_16)
FN:413,(anonymous_17)
FN:444,(anonymous_18)
FN:467,(anonymous_19)
FN:488,(anonymous_20)
FN:508,(anonymous_21)
FN:520,(anonymous_22)
FN:521,(anonymous_23)
FN:524,(anonymous_24)
FN:541,(anonymous_25)
FN:556,(anonymous_26)
FNF:27
FNH:3
FNDA:1,(anonymous_0)
FNDA:0,(anonymous_1)
FNDA:0,(anonymous_2)
FNDA:0,(anonymous_3)
FNDA:0,(anonymous_4)
FNDA:5,(anonymous_5)
FNDA:0,(anonymous_6)
FNDA:3,(anonymous_7)
FNDA:0,(anonymous_8)
FNDA:0,(anonymous_9)
FNDA:0,(anonymous_10)
FNDA:0,(anonymous_11)
FNDA:0,(anonymous_12)
FNDA:0,(anonymous_13)
FNDA:0,(anonymous_14)
FNDA:0,(anonymous_15)
FNDA:0,(anonymous_16)
FNDA:0,(anonymous_17)
FNDA:0,(anonymous_18)
FNDA:0,(anonymous_19)
FNDA:0,(anonymous_20)
FNDA:0,(anonymous_21)
FNDA:0,(anonymous_22)
FNDA:0,(anonymous_23)
FNDA:0,(anonymous_24)
FNDA:0,(anonymous_25)
FNDA:0,(anonymous_26)
DA:1,1
DA:2,1
DA:3,1
DA:7,1
DA:15,1
DA:16,1
DA:17,1
DA:23,0
DA:24,0
DA:28,0
DA:29,0
DA:30,0
DA:36,0
DA:37,0
DA:40,0
DA:55,0
DA:63,0
DA:77,0
DA:85,0
DA:99,0
DA:107,0
DA:118,0
DA:126,0
DA:139,0
DA:146,0
DA:157,5
DA:158,5
DA:162,5
DA:163,5
DA:164,0
DA:165,0
DA:166,0
DA:167,0
DA:171,5
DA:172,5
DA:173,5
DA:174,3
DA:175,3
DA:176,3
DA:177,0
DA:178,0
DA:179,0
DA:182,3
DA:183,2
DA:184,1
DA:185,1
DA:190,5
DA:191,5
DA:192,40
DA:193,0
DA:194,0
DA:199,5
DA:200,5
DA:201,0
DA:202,0
DA:203,0
DA:208,5
DA:210,5
DA:217,0
DA:218,0
DA:240,0
DA:243,0
DA:244,0
DA:245,0
DA:247,0
DA:248,0
DA:249,0
DA:250,0
DA:253,0
DA:254,0
DA:259,0
DA:260,0
DA:261,0
DA:262,0
DA:267,0
DA:278,0
DA:279,0
DA:287,0
DA:288,0
DA:289,0
DA:291,0
DA:293,0
DA:295,0
DA:297,0
DA:301,0
DA:321,0
DA:322,0
DA:324,0
DA:325,0
DA:331,0
DA:332,0
DA:348,0
DA:352,0
DA:370,0
DA:371,0
DA:385,0
DA:386,0
DA:387,0
DA:389,0
DA:390,0
DA:392,0
DA:394,0
DA:395,0
DA:396,0
DA:399,0
DA:403,0
DA:404,0
DA:407,0
DA:408,0
DA:411,0
DA:412,0
DA:413,0
DA:416,0
DA:417,0
DA:420,0
DA:426,0
DA:432,0
DA:433,0
DA:445,0
DA:448,0
DA:467,0
DA:468,0
DA:471,0
DA:472,0
DA:482,0
DA:489,0
DA:491,0
DA:501,0
DA:509,0
DA:511,0
DA:515,0
DA:521,0
DA:525,0
DA:542,0
DA:544,0
DA:545,0
DA:546,0
DA:547,0
DA:548,0
DA:549,0
DA:552,0
DA:553,0
DA:557,0
DA:564,1
LF:144
LH:29
BRDA:23,0,0,0
BRDA:23,0,1,0
BRDA:23,1,0,0
BRDA:23,1,1,0
BRDA:40,2,0,0
BRDA:40,2,1,0
BRDA:63,3,0,0
BRDA:63,3,1,0
BRDA:85,4,0,0
BRDA:85,4,1,0
BRDA:107,5,0,0
BRDA:107,5,1,0
BRDA:126,6,0,0
BRDA:126,6,1,0
BRDA:162,7,0,5
BRDA:162,7,1,0
BRDA:165,8,0,0
BRDA:165,8,1,0
BRDA:166,9,0,0
BRDA:166,9,1,0
BRDA:167,10,0,0
BRDA:167,10,1,0
BRDA:173,11,0,3
BRDA:173,11,1,2
BRDA:176,12,0,3
BRDA:176,12,1,0
BRDA:177,13,0,0
BRDA:177,13,1,0
BRDA:178,14,0,0
BRDA:178,14,1,0
BRDA:182,15,0,2
BRDA:182,15,1,1
BRDA:182,16,0,3
BRDA:182,16,1,1
BRDA:182,16,2,1
BRDA:184,17,0,1
BRDA:184,17,1,0
BRDA:184,18,0,1
BRDA:184,18,1,0
BRDA:184,18,2,0
BRDA:192,19,0,0
BRDA:192,19,1,40
BRDA:199,20,0,5
BRDA:199,20,1,0
BRDA:201,21,0,0
BRDA:201,21,1,0
BRDA:240,22,0,0
BRDA:240,22,1,0
BRDA:249,23,0,0
BRDA:249,23,1,0
BRDA:255,24,0,0
BRDA:255,24,1,0
BRDA:259,25,0,0
BRDA:259,25,1,0
BRDA:261,26,0,0
BRDA:261,26,1,0
BRDA:273,27,0,0
BRDA:273,27,1,0
BRDA:274,28,0,0
BRDA:274,28,1,0
BRDA:275,29,0,0
BRDA:275,29,1,0
BRDA:286,30,0,0
BRDA:288,31,0,0
BRDA:288,32,0,0
BRDA:291,33,0,0
BRDA:291,33,1,0
BRDA:291,34,0,0
BRDA:291,34,1,0
BRDA:295,35,0,0
BRDA:295,35,1,0
BRDA:331,36,0,0
BRDA:331,36,1,0
BRDA:361,37,0,0
BRDA:361,37,1,0
BRDA:392,38,0,0
BRDA:392,38,1,0
BRDA:392,38,2,0
BRDA:392,38,3,0
BRDA:392,38,4,0
BRDA:395,39,0,0
BRDA:395,39,1,0
BRDA:403,40,0,0
BRDA:403,40,1,0
BRDA:471,41,0,0
BRDA:471,41,1,0
BRDA:494,42,0,0
BRDA:494,42,1,0
BRDA:544,43,0,0
BRDA:544,43,1,0
BRDA:545,44,0,0
BRDA:545,44,1,0
BRDA:545,45,0,0
BRDA:545,45,1,0
BRDA:547,46,0,0
BRDA:547,46,1,0
BRDA:547,47,0,0
BRDA:547,47,1,0
BRDA:549,48,0,0
BRDA:549,48,1,0
BRF:100
BRH:13
end_of_record
TN:
SF:src\services\ai\embedding.js
FN:10,getFromCache
FN:22,saveToCache
FN:33,(anonymous_2)
FN:40,(anonymous_3)
FN:52,(anonymous_4)
FN:89,(anonymous_5)
FN:99,(anonymous_6)
FN:123,(anonymous_7)
FN:128,(anonymous_8)
FNF:9
FNH:2
FNDA:0,getFromCache
FNDA:0,saveToCache
FNDA:3,(anonymous_2)
FNDA:3,(anonymous_3)
FNDA:0,(anonymous_4)
FNDA:0,(anonymous_5)
FNDA:0,(anonymous_6)
FNDA:0,(anonymous_7)
FNDA:0,(anonymous_8)
DA:1,3
DA:2,3
DA:5,3
DA:6,3
DA:7,3
DA:11,0
DA:12,0
DA:13,0
DA:14,0
DA:15,0
DA:16,0
DA:18,0
DA:23,0
DA:24,0
DA:26,0
DA:27,0
DA:29,0
DA:34,3
DA:35,3
DA:36,3
DA:37,3
DA:41,3
DA:42,3
DA:43,0
DA:45,3
DA:48,0
DA:53,0
DA:54,0
DA:58,0
DA:59,0
DA:61,0
DA:62,0
DA:64,0
DA:65,0
DA:66,0
DA:79,0
DA:80,0
DA:83,0
DA:84,0
DA:86,0
DA:87,0
DA:88,0
DA:89,0
DA:91,0
DA:92,0
DA:100,0
DA:101,0
DA:104,0
DA:105,0
DA:107,0
DA:108,0
DA:110,0
DA:123,0
DA:125,0
DA:126,0
DA:127,0
DA:128,0
DA:130,0
DA:131,0
DA:138,3
LF:60
LH:13
BRDA:13,0,0,0
BRDA:13,0,1,0
BRDA:14,1,0,0
BRDA:14,1,1,0
BRDA:24,2,0,0
BRDA:24,2,1,0
BRDA:42,3,0,0
BRDA:42,3,1,3
BRDA:42,4,0,3
BRDA:42,4,1,3
BRDA:53,5,0,0
BRDA:53,5,1,0
BRDA:53,6,0,0
BRDA:53,6,1,0
BRDA:59,7,0,0
BRDA:59,7,1,0
BRDA:80,8,0,0
BRDA:80,8,1,0
BRDA:87,9,0,0
BRDA:87,9,1,0
BRDA:91,10,0,0
BRDA:91,10,1,0
BRDA:100,11,0,0
BRDA:100,11,1,0
BRDA:100,12,0,0
BRDA:100,12,1,0
BRDA:126,13,0,0
BRDA:126,13,1,0
BRDA:130,14,0,0
BRDA:130,14,1,0
BRF:30
BRH:3
end_of_record
TN:
SF:src\services\ai\geminiChatbot.js
FN:11,(anonymous_0)
FN:25,(anonymous_1)
FN:31,(anonymous_2)
FN:32,(anonymous_3)
FN:36,(anonymous_4)
FN:49,(anonymous_5)
FN:93,(anonymous_6)
FN:120,(anonymous_7)
FN:162,(anonymous_8)
FN:195,(anonymous_9)
FN:273,(anonymous_10)
FN:276,(anonymous_11)
FN:313,(anonymous_12)
FN:322,(anonymous_13)
FN:323,(anonymous_14)
FN:332,(anonymous_15)
FN:333,(anonymous_16)
FN:334,(anonymous_17)
FN:346,(anonymous_18)
FN:396,(anonymous_19)
FN:400,(anonymous_20)
FN:403,(anonymous_21)
FN:408,(anonymous_22)
FN:418,(anonymous_23)
FN:421,(anonymous_24)
FN:421,(anonymous_25)
FN:427,(anonymous_26)
FN:432,(anonymous_27)
FN:465,(anonymous_28)
FN:469,(anonymous_29)
FN:474,(anonymous_30)
FN:498,(anonymous_31)
FN:523,(anonymous_32)
FN:531,(anonymous_33)
FNF:34
FNH:14
FNDA:1,(anonymous_0)
FNDA:0,(anonymous_1)
FNDA:0,(anonymous_2)
FNDA:0,(anonymous_3)
FNDA:1,(anonymous_4)
FNDA:0,(anonymous_5)
FNDA:0,(anonymous_6)
FNDA:0,(anonymous_7)
FNDA:0,(anonymous_8)
FNDA:0,(anonymous_9)
FNDA:0,(anonymous_10)
FNDA:0,(anonymous_11)
FNDA:5,(anonymous_12)
FNDA:4,(anonymous_13)
FNDA:4,(anonymous_14)
FNDA:0,(anonymous_15)
FNDA:0,(anonymous_16)
FNDA:0,(anonymous_17)
FNDA:0,(anonymous_18)
FNDA:6,(anonymous_19)
FNDA:12,(anonymous_20)
FNDA:6,(anonymous_21)
FNDA:17,(anonymous_22)
FNDA:0,(anonymous_23)
FNDA:5,(anonymous_24)
FNDA:5,(anonymous_25)
FNDA:5,(anonymous_26)
FNDA:5,(anonymous_27)
FNDA:0,(anonymous_28)
FNDA:0,(anonymous_29)
FNDA:0,(anonymous_30)
FNDA:0,(anonymous_31)
FNDA:0,(anonymous_32)
FNDA:1,(anonymous_33)
DA:1,1
DA:2,1
DA:3,1
DA:4,1
DA:5,1
DA:8,1
DA:12,1
DA:13,1
DA:14,1
DA:15,1
DA:16,1
DA:17,1
DA:20,1
DA:21,1
DA:26,0
DA:27,0
DA:31,0
DA:32,0
DA:33,0
DA:37,1
DA:38,1
DA:39,0
DA:41,1
DA:44,0
DA:50,0
DA:51,0
DA:53,0
DA:54,0
DA:80,0
DA:81,0
DA:82,0
DA:83,0
DA:88,0
DA:89,0
DA:94,0
DA:95,0
DA:97,0
DA:98,0
DA:99,0
DA:101,0
DA:102,0
DA:106,0
DA:107,0
DA:108,0
DA:109,0
DA:113,0
DA:116,0
DA:117,0
DA:118,0
DA:119,0
DA:120,0
DA:122,0
DA:123,0
DA:124,0
DA:127,0
DA:128,0
DA:132,0
DA:140,0
DA:141,0
DA:147,0
DA:148,0
DA:151,0
DA:152,0
DA:154,0
DA:156,0
DA:157,0
DA:163,0
DA:164,0
DA:165,0
DA:190,0
DA:196,0
DA:197,0
DA:200,0
DA:201,0
DA:204,0
DA:211,0
DA:213,0
DA:223,0
DA:229,0
DA:230,0
DA:233,0
DA:254,0
DA:255,0
DA:256,0
DA:257,0
DA:260,0
DA:261,0
DA:265,0
DA:267,0
DA:268,0
DA:274,0
DA:278,0
DA:282,0
DA:314,5
DA:316,5
DA:317,5
DA:320,4
DA:321,4
DA:322,4
DA:323,4
DA:324,4
DA:325,4
DA:328,4
DA:331,0
DA:332,0
DA:333,0
DA:334,0
DA:335,0
DA:339,0
DA:340,0
DA:341,0
DA:344,0
DA:345,0
DA:346,0
DA:347,0
DA:348,0
DA:351,4
DA:353,4
DA:354,4
DA:355,4
DA:371,0
DA:376,4
DA:388,1
DA:392,1
DA:397,6
DA:398,6
DA:400,12
DA:401,6
DA:403,6
DA:404,6
DA:405,6
DA:406,6
DA:408,6
DA:409,17
DA:410,17
DA:413,6
DA:414,5
DA:418,6
DA:420,6
DA:421,5
DA:424,6
DA:425,5
DA:426,5
DA:427,5
DA:430,5
DA:433,5
DA:434,5
DA:435,5
DA:453,1
DA:459,0
DA:460,0
DA:464,0
DA:465,0
DA:468,0
DA:469,0
DA:472,0
DA:475,0
DA:476,0
DA:477,0
DA:494,1
DA:499,0
DA:500,0
DA:523,0
DA:525,0
DA:526,0
DA:532,1
DA:546,1
LF:167
LH:62
BRDA:26,0,0,0
BRDA:26,0,1,0
BRDA:26,1,0,0
BRDA:26,1,1,0
BRDA:38,2,0,0
BRDA:38,2,1,1
BRDA:38,3,0,1
BRDA:38,3,1,1
BRDA:44,4,0,0
BRDA:44,4,1,0
BRDA:50,5,0,0
BRDA:50,5,1,0
BRDA:50,6,0,0
BRDA:50,6,1,0
BRDA:81,7,0,0
BRDA:81,7,1,0
BRDA:84,8,0,0
BRDA:84,8,1,0
BRDA:85,9,0,0
BRDA:85,9,1,0
BRDA:93,10,0,0
BRDA:93,11,0,0
BRDA:93,12,0,0
BRDA:99,13,0,0
BRDA:99,13,1,0
BRDA:101,14,0,0
BRDA:101,14,1,0
BRDA:101,15,0,0
BRDA:101,15,1,0
BRDA:106,16,0,0
BRDA:106,16,1,0
BRDA:113,17,0,0
BRDA:113,17,1,0
BRDA:113,18,0,0
BRDA:113,18,1,0
BRDA:127,19,0,0
BRDA:127,19,1,0
BRDA:140,20,0,0
BRDA:140,20,1,0
BRDA:144,21,0,0
BRDA:144,21,1,0
BRDA:152,22,0,0
BRDA:152,22,1,0
BRDA:164,23,0,0
BRDA:164,23,1,0
BRDA:168,24,0,0
BRDA:168,24,1,0
BRDA:178,25,0,0
BRDA:178,25,1,0
BRDA:195,26,0,0
BRDA:196,27,0,0
BRDA:196,27,1,0
BRDA:196,28,0,0
BRDA:196,28,1,0
BRDA:220,29,0,0
BRDA:220,29,1,0
BRDA:220,30,0,0
BRDA:220,30,1,0
BRDA:229,31,0,0
BRDA:229,31,1,0
BRDA:255,32,0,0
BRDA:255,32,1,0
BRDA:260,33,0,0
BRDA:260,33,1,0
BRDA:267,34,0,0
BRDA:267,34,1,0
BRDA:278,35,0,0
BRDA:278,35,1,0
BRDA:278,35,2,0
BRDA:278,36,0,0
BRDA:278,36,1,0
BRDA:278,37,0,0
BRDA:278,37,1,0
BRDA:278,38,0,0
BRDA:278,38,1,0
BRDA:278,39,0,0
BRDA:278,39,1,0
BRDA:321,40,0,4
BRDA:321,40,1,0
BRDA:321,41,0,4
BRDA:321,41,1,4
BRDA:328,42,0,4
BRDA:328,42,1,0
BRDA:334,43,0,0
BRDA:334,43,1,0
BRDA:334,44,0,0
BRDA:334,44,1,0
BRDA:341,45,0,0
BRDA:341,45,1,0
BRDA:341,46,0,0
BRDA:341,46,1,0
BRDA:341,46,2,0
BRDA:346,47,0,0
BRDA:346,47,1,0
BRDA:348,48,0,0
BRDA:348,48,1,0
BRDA:351,49,0,4
BRDA:351,49,1,0
BRDA:353,50,0,4
BRDA:353,50,1,1
BRDA:362,51,0,4
BRDA:362,51,1,0
BRDA:365,52,0,2
BRDA:365,52,1,2
BRDA:365,53,0,4
BRDA:365,53,1,3
BRDA:377,54,0,4
BRDA:377,54,1,0
BRDA:379,55,0,4
BRDA:379,55,1,0
BRDA:385,56,0,4
BRDA:385,56,1,0
BRDA:405,57,0,6
BRDA:405,57,1,0
BRDA:406,58,0,6
BRDA:406,58,1,0
BRDA:409,59,0,11
BRDA:409,59,1,6
BRDA:410,60,0,2
BRDA:410,60,1,15
BRDA:413,61,0,5
BRDA:413,61,1,1
BRDA:424,62,0,5
BRDA:424,62,1,1
BRDA:427,63,0,5
BRDA:427,63,1,1
BRDA:433,64,0,5
BRDA:433,64,1,1
BRDA:444,65,0,1
BRDA:444,65,1,4
BRDA:444,66,0,5
BRDA:444,66,1,1
BRDA:453,67,0,0
BRDA:453,67,1,1
BRDA:454,68,0,1
BRDA:454,68,1,1
BRDA:454,68,2,1
BRDA:454,68,3,1
BRDA:459,69,0,0
BRDA:459,69,1,0
BRDA:469,70,0,0
BRDA:469,70,1,0
BRDA:475,71,0,0
BRDA:475,71,1,0
BRDA:486,72,0,0
BRDA:486,72,1,0
BRDA:486,73,0,0
BRDA:486,73,1,0
BRF:148
BRH:41
end_of_record
TN:
SF:src\services\ai\vectorStore.js
FN:12,detectLanguage
FN:18,generateProductText
FN:33,(anonymous_2)
FN:40,(anonymous_3)
FN:56,(anonymous_4)
FN:69,(anonymous_5)
FN:75,(anonymous_6)
FN:105,(anonymous_7)
FN:132,(anonymous_8)
FN:150,(anonymous_9)
FN:158,(anonymous_10)
FN:175,(anonymous_11)
FN:190,(anonymous_12)
FN:191,(anonymous_13)
FNF:14
FNH:3
FNDA:0,detectLanguage
FNDA:0,generateProductText
FNDA:4,(anonymous_2)
FNDA:4,(anonymous_3)
FNDA:0,(anonymous_4)
FNDA:0,(anonymous_5)
FNDA:0,(anonymous_6)
FNDA:0,(anonymous_7)
FNDA:7,(anonymous_8)
FNDA:0,(anonymous_9)
FNDA:0,(anonymous_10)
FNDA:0,(anonymous_11)
FNDA:0,(anonymous_12)
FNDA:0,(anonymous_13)
DA:1,4
DA:2,4
DA:3,4
DA:4,4
DA:5,4
DA:8,4
DA:9,4
DA:13,0
DA:19,0
DA:29,0
DA:34,4
DA:35,4
DA:37,4
DA:41,4
DA:42,4
DA:43,4
DA:44,4
DA:45,4
DA:46,4
DA:50,3
DA:51,3
DA:57,0
DA:58,0
DA:59,0
DA:61,0
DA:62,0
DA:63,0
DA:65,0
DA:70,0
DA:71,0
DA:76,0
DA:78,0
DA:81,0
DA:84,0
DA:85,0
DA:86,0
DA:87,0
DA:91,0
DA:92,0
DA:93,0
DA:94,0
DA:95,0
DA:96,0
DA:97,0
DA:100,0
DA:105,0
DA:107,0
DA:127,0
DA:128,0
DA:133,7
DA:134,4
DA:135,4
DA:136,4
DA:137,4
DA:138,11
DA:139,11
DA:140,11
DA:142,4
DA:144,4
DA:145,2
DA:147,2
DA:151,0
DA:153,0
DA:155,0
DA:156,0
DA:158,0
DA:160,0
DA:164,0
DA:165,0
DA:167,0
DA:168,0
DA:170,0
DA:172,0
DA:175,0
DA:177,0
DA:178,0
DA:181,0
DA:182,0
DA:183,0
DA:186,0
DA:189,0
DA:190,0
DA:191,0
DA:194,0
DA:195,0
DA:200,4
LF:86
LH:31
BRDA:13,0,0,0
BRDA:13,0,1,0
BRDA:21,1,0,0
BRDA:21,1,1,0
BRDA:22,2,0,0
BRDA:22,2,1,0
BRDA:23,3,0,0
BRDA:23,3,1,0
BRDA:25,4,0,0
BRDA:25,4,1,0
BRDA:26,5,0,0
BRDA:26,5,1,0
BRDA:27,6,0,0
BRDA:27,6,1,0
BRDA:42,7,0,4
BRDA:42,7,1,0
BRDA:44,8,0,4
BRDA:44,8,1,0
BRDA:44,9,0,4
BRDA:44,9,1,4
BRDA:59,10,0,0
BRDA:59,10,1,0
BRDA:85,11,0,0
BRDA:85,11,1,0
BRDA:85,12,0,0
BRDA:85,12,1,0
BRDA:86,13,0,0
BRDA:86,13,1,0
BRDA:92,14,0,0
BRDA:92,14,1,0
BRDA:95,15,0,0
BRDA:95,15,1,0
BRDA:95,16,0,0
BRDA:95,16,1,0
BRDA:120,17,0,0
BRDA:120,17,1,0
BRDA:122,18,0,0
BRDA:122,18,1,0
BRDA:133,19,0,3
BRDA:133,19,1,4
BRDA:133,20,0,7
BRDA:133,20,1,6
BRDA:133,20,2,5
BRDA:144,21,0,2
BRDA:144,21,1,2
BRDA:144,22,0,4
BRDA:144,22,1,3
BRDA:147,23,0,2
BRDA:147,23,1,0
BRDA:150,24,0,0
BRDA:156,25,0,0
BRDA:156,25,1,0
BRDA:156,25,2,0
BRDA:167,26,0,0
BRDA:167,26,1,0
BRDA:177,27,0,0
BRDA:177,27,1,0
BRDA:178,28,0,0
BRDA:178,28,1,0
BRDA:181,29,0,0
BRDA:181,29,1,0
BRDA:181,30,0,0
BRDA:181,30,1,0
BRDA:181,30,2,0
BRDA:182,31,0,0
BRDA:182,31,1,0
BRDA:190,32,0,0
BRDA:190,32,1,0
BRF:68
BRH:14
end_of_record
TN:
SF:src\services\ai\viEmbedding.js
FN:5,(anonymous_0)
FN:17,(anonymous_1)
FN:22,(anonymous_2)
FN:53,(anonymous_3)
FNF:4
FNH:1
FNDA:3,(anonymous_0)
FNDA:0,(anonymous_1)
FNDA:0,(anonymous_2)
FNDA:0,(anonymous_3)
DA:1,3
DA:2,3
DA:6,3
DA:8,3
DA:9,3
DA:10,3
DA:11,0
DA:13,3
DA:18,0
DA:23,0
DA:25,0
DA:26,0
DA:28,0
DA:29,0
DA:30,0
DA:42,0
DA:43,0
DA:44,0
DA:48,0
DA:50,0
DA:51,0
DA:52,0
DA:53,0
DA:55,0
DA:56,0
DA:63,3
LF:26
LH:8
BRDA:10,0,0,0
BRDA:10,0,1,3
BRDA:23,1,0,0
BRDA:23,1,1,0
BRDA:42,2,0,0
BRDA:42,2,1,0
BRDA:43,3,0,0
BRDA:43,3,1,0
BRDA:43,4,0,0
BRDA:43,4,1,0
BRDA:51,5,0,0
BRDA:51,5,1,0
BRF:12
BRH:1
end_of_record
TN:
SF:src\services\payment\momo.js
FN:7,(anonymous_0)
FN:22,(anonymous_1)
FN:64,(anonymous_2)
FNF:3
FNH:1
FNDA:1,(anonymous_0)
FNDA:0,(anonymous_1)
FNDA:0,(anonymous_2)
DA:1,1
DA:2,1
DA:3,1
DA:4,1
DA:8,1
DA:9,1
DA:10,1
DA:11,1
DA:12,1
DA:15,1
DA:18,1
DA:19,1
DA:24,0
DA:27,0
DA:28,0
DA:29,0
DA:32,0
DA:34,0
DA:39,0
DA:55,0
DA:56,0
DA:57,0
DA:59,0
DA:60,0
DA:79,0
DA:81,0
DA:83,0
DA:88,0
DA:92,1
LF:29
LH:13
BRDA:8,0,0,1
BRDA:8,0,1,1
BRDA:9,1,0,1
BRDA:9,1,1,1
BRDA:10,2,0,1
BRDA:10,2,1,1
BRDA:11,3,0,1
BRDA:11,3,1,0
BRDA:11,4,0,1
BRDA:11,4,1,0
BRDA:11,4,2,0
BRDA:15,5,0,0
BRDA:15,5,1,1
BRDA:15,6,0,1
BRDA:15,6,1,1
BRDA:22,7,0,0
BRDA:59,8,0,0
BRDA:59,8,1,0
BRDA:60,9,0,0
BRDA:60,9,1,0
BRF:20
BRH:11
end_of_record
TN:
SF:src\services\payment\vnpay.js
FN:6,(anonymous_0)
FN:13,(anonymous_1)
FN:44,(anonymous_2)
FN:60,(anonymous_3)
FN:136,(anonymous_4)
FNF:5
FNH:1
FNDA:1,(anonymous_0)
FNDA:0,(anonymous_1)
FNDA:0,(anonymous_2)
FNDA:0,(anonymous_3)
FNDA:0,(anonymous_4)
DA:1,1
DA:2,1
DA:3,1
DA:7,1
DA:8,1
DA:9,1
DA:10,1
DA:14,0
DA:15,0
DA:16,0
DA:18,0
DA:19,0
DA:20,0
DA:21,0
DA:22,0
DA:23,0
DA:24,0
DA:25,0
DA:26,0
DA:27,0
DA:28,0
DA:29,0
DA:30,0
DA:31,0
DA:33,0
DA:35,0
DA:36,0
DA:37,0
DA:38,0
DA:40,0
DA:41,0
DA:45,0
DA:46,0
DA:48,0
DA:49,0
DA:51,0
DA:53,0
DA:54,0
DA:55,0
DA:57,0
DA:68,0
DA:69,0
DA:70,0
DA:71,0
DA:72,0
DA:74,0
DA:75,0
DA:76,0
DA:77,0
DA:78,0
DA:79,0
DA:80,0
DA:81,0
DA:82,0
DA:85,0
DA:111,0
DA:112,0
DA:114,0
DA:131,0
DA:132,0
DA:133,0
DA:137,0
DA:138,0
DA:140,0
DA:141,0
DA:142,0
DA:145,0
DA:146,0
DA:147,0
DA:149,0
DA:153,1
LF:71
LH:8
BRDA:13,0,0,0
BRDA:26,1,0,0
BRDA:26,1,1,0
BRDA:64,2,0,0
BRDA:65,3,0,0
BRDA:141,4,0,0
BRDA:141,4,1,0
BRF:7
BRH:0
end_of_record
TN:
SF:src\utils\catchAsync.js
FN:5,(anonymous_0)
FN:6,(anonymous_1)
FNF:2
FNH:2
FNDA:26,(anonymous_0)
FNDA:4,(anonymous_1)
DA:5,2
DA:6,26
DA:7,4
DA:11,2
LF:4
LH:4
BRF:0
BRH:0
end_of_record
TN:
SF:src\utils\logger.js
FN:8,(anonymous_0)
FNF:1
FNH:1
FNDA:4,(anonymous_0)
DA:1,2
DA:4,2
DA:9,4
DA:16,2
DA:23,2
DA:49,2
LF:6
LH:6
BRDA:9,0,0,0
BRDA:9,0,1,4
BRDA:25,1,0,2
BRDA:25,1,1,2
BRDA:25,2,0,0
BRDA:25,2,1,2
BRDA:26,3,0,0
BRDA:26,3,1,2
BRDA:31,4,0,0
BRDA:31,4,1,2
BRF:10
BRH:6
end_of_record
TN:
SF:src\validators\admin.js
FNF:0
FNH:0
DA:1,1
DA:3,1
DA:61,1
DA:126,1
DA:157,1
DA:176,1
DA:195,1
DA:212,1
DA:214,1
DA:216,1
LF:10
LH:10
BRF:0
BRH:0
end_of_record
TN:
SF:src\validators\cart.js
FNF:0
FNH:0
DA:1,2
DA:4,2
DA:18,2
DA:28,2
DA:47,2
DA:54,2
LF:6
LH:6
BRF:0
BRH:0
end_of_record
TN:
SF:src\validators\chat.js
FNF:0
FNH:0
DA:1,2
DA:4,2
DA:22,2
LF:3
LH:3
BRF:0
BRH:0
end_of_record
TN:
SF:src\validators\contact.js
FNF:0
FNH:0
DA:1,1
DA:4,1
DA:16,1
DA:43,1
LF:4
LH:4
BRF:0
BRH:0
end_of_record
TN:
SF:src\validators\discountCode.js
FN:41,(anonymous_0)
FNF:1
FNH:1
FNDA:9,(anonymous_0)
DA:1,1
DA:3,1
DA:39,1
DA:41,9
DA:44,1
DA:51,1
LF:6
LH:6
BRF:0
BRH:0
end_of_record
TN:
SF:src\validators\loyalty.js
FNF:0
FNH:0
DA:1,1
DA:5,1
DA:18,1
LF:3
LH:3
BRF:0
BRH:0
end_of_record
TN:
SF:src\validators\order.js
FNF:0
FNH:0
DA:1,3
DA:4,3
DA:65,3
DA:75,3
LF:4
LH:4
BRF:0
BRH:0
end_of_record
TN:
SF:src\validators\product.js
FNF:0
FNH:0
DA:1,1
DA:4,1
DA:72,1
LF:3
LH:3
BRF:0
BRH:0
end_of_record
TN:
SF:src\validators\searchHistory.js
FNF:0
FNH:0
DA:1,1
DA:4,1
DA:20,1
LF:3
LH:3
BRF:0
BRH:0
end_of_record
TN:
SF:src\validators\user.js
FNF:0
FNH:0
DA:1,2
DA:4,2
DA:27,2
DA:40,2
DA:52,2
DA:73,2
DA:82,2
DA:95,2
DA:104,2
DA:111,2
LF:10
LH:10
BRF:0
BRH:0
end_of_record
