{"D:\\QUAN TRỌNG\\e-commerce website\\backend\\src\\controllers\\payment.js": {"path":"D:\\QUAN TRỌNG\\e-commerce website\\backend\\src\\controllers\\payment.js","statementMap":{"0":{"start":{"line":1,"column":16},"end":{"line":1,"column":42}},"1":{"start":{"line":2,"column":20},"end":{"line":2,"column":55}},"2":{"start":{"line":3,"column":21},"end":{"line":3,"column":57}},"3":{"start":{"line":4,"column":21},"end":{"line":4,"column":49}},"4":{"start":{"line":5,"column":90},"end":{"line":5,"column":110}},"5":{"start":{"line":6,"column":21},"end":{"line":6,"column":48}},"6":{"start":{"line":7,"column":15},"end":{"line":7,"column":35}},"7":{"start":{"line":8,"column":18},"end":{"line":8,"column":48}},"8":{"start":{"line":9,"column":15},"end":{"line":9,"column":32}},"9":{"start":{"line":12,"column":39},"end":{"line":58,"column":1}},"10":{"start":{"line":13,"column":2},"end":{"line":57,"column":3}},"11":{"start":{"line":14,"column":18},"end":{"line":26,"column":6}},"12":{"start":{"line":28,"column":4},"end":{"line":28,"column":38}},"13":{"start":{"line":28,"column":31},"end":{"line":28,"column":38}},"14":{"start":{"line":30,"column":18},"end":{"line":35,"column":7}},"15":{"start":{"line":30,"column":53},"end":{"line":35,"column":5}},"16":{"start":{"line":37,"column":4},"end":{"line":54,"column":7}},"17":{"start":{"line":56,"column":4},"end":{"line":56,"column":94}},"18":{"start":{"line":66,"column":18},"end":{"line":66,"column":81}},"19":{"start":{"line":67,"column":16},"end":{"line":70,"column":4}},"20":{"start":{"line":71,"column":2},"end":{"line":71,"column":46}},"21":{"start":{"line":71,"column":39},"end":{"line":71,"column":46}},"22":{"start":{"line":72,"column":2},"end":{"line":75,"column":5}},"23":{"start":{"line":79,"column":22},"end":{"line":106,"column":1}},"24":{"start":{"line":80,"column":2},"end":{"line":83,"column":3}},"25":{"start":{"line":81,"column":4},"end":{"line":81,"column":47}},"26":{"start":{"line":82,"column":4},"end":{"line":82,"column":11}},"27":{"start":{"line":85,"column":2},"end":{"line":105,"column":3}},"28":{"start":{"line":87,"column":18},"end":{"line":89,"column":6}},"29":{"start":{"line":91,"column":4},"end":{"line":102,"column":5}},"30":{"start":{"line":92,"column":6},"end":{"line":99,"column":7}},"31":{"start":{"line":93,"column":8},"end":{"line":93,"column":51}},"32":{"start":{"line":95,"column":8},"end":{"line":97,"column":11}},"33":{"start":{"line":98,"column":8},"end":{"line":98,"column":85}},"34":{"start":{"line":101,"column":6},"end":{"line":101,"column":99}},"35":{"start":{"line":104,"column":4},"end":{"line":104,"column":86}},"36":{"start":{"line":109,"column":21},"end":{"line":159,"column":1}},"37":{"start":{"line":110,"column":2},"end":{"line":158,"column":3}},"38":{"start":{"line":111,"column":40},"end":{"line":111,"column":48}},"39":{"start":{"line":113,"column":4},"end":{"line":115,"column":5}},"40":{"start":{"line":114,"column":6},"end":{"line":114,"column":54}},"41":{"start":{"line":117,"column":18},"end":{"line":117,"column":47}},"42":{"start":{"line":118,"column":4},"end":{"line":120,"column":5}},"43":{"start":{"line":119,"column":6},"end":{"line":119,"column":57}},"44":{"start":{"line":122,"column":4},"end":{"line":124,"column":5}},"45":{"start":{"line":123,"column":6},"end":{"line":123,"column":86}},"46":{"start":{"line":127,"column":4},"end":{"line":145,"column":5}},"47":{"start":{"line":129,"column":8},"end":{"line":132,"column":43}},"48":{"start":{"line":134,"column":6},"end":{"line":139,"column":9}},"49":{"start":{"line":141,"column":6},"end":{"line":144,"column":8}},"50":{"start":{"line":148,"column":4},"end":{"line":150,"column":7}},"51":{"start":{"line":152,"column":4},"end":{"line":155,"column":7}},"52":{"start":{"line":157,"column":4},"end":{"line":157,"column":16}},"53":{"start":{"line":162,"column":26},"end":{"line":205,"column":1}},"54":{"start":{"line":164,"column":21},"end":{"line":164,"column":46}},"55":{"start":{"line":166,"column":2},"end":{"line":169,"column":3}},"56":{"start":{"line":167,"column":4},"end":{"line":167,"column":70}},"57":{"start":{"line":168,"column":4},"end":{"line":168,"column":17}},"58":{"start":{"line":172,"column":2},"end":{"line":175,"column":3}},"59":{"start":{"line":173,"column":4},"end":{"line":173,"column":84}},"60":{"start":{"line":174,"column":4},"end":{"line":174,"column":17}},"61":{"start":{"line":178,"column":25},"end":{"line":178,"column":55}},"62":{"start":{"line":179,"column":25},"end":{"line":179,"column":50}},"63":{"start":{"line":181,"column":2},"end":{"line":185,"column":3}},"64":{"start":{"line":182,"column":4},"end":{"line":182,"column":80}},"65":{"start":{"line":184,"column":4},"end":{"line":184,"column":85}},"66":{"start":{"line":189,"column":25},"end":{"line":189,"column":46}},"67":{"start":{"line":190,"column":25},"end":{"line":190,"column":46}},"68":{"start":{"line":191,"column":17},"end":{"line":191,"column":50}},"69":{"start":{"line":193,"column":2},"end":{"line":197,"column":3}},"70":{"start":{"line":193,"column":15},"end":{"line":193,"column":16}},"71":{"start":{"line":194,"column":25},"end":{"line":194,"column":58}},"72":{"start":{"line":195,"column":25},"end":{"line":195,"column":58}},"73":{"start":{"line":196,"column":4},"end":{"line":196,"column":44}},"74":{"start":{"line":199,"column":2},"end":{"line":202,"column":3}},"75":{"start":{"line":200,"column":4},"end":{"line":200,"column":47}},"76":{"start":{"line":201,"column":4},"end":{"line":201,"column":17}},"77":{"start":{"line":204,"column":2},"end":{"line":204,"column":14}},"78":{"start":{"line":208,"column":27},"end":{"line":523,"column":1}},"79":{"start":{"line":209,"column":2},"end":{"line":522,"column":3}},"80":{"start":{"line":211,"column":4},"end":{"line":214,"column":5}},"81":{"start":{"line":212,"column":6},"end":{"line":212,"column":49}},"82":{"start":{"line":213,"column":6},"end":{"line":213,"column":84}},"83":{"start":{"line":229,"column":8},"end":{"line":229,"column":16}},"84":{"start":{"line":231,"column":4},"end":{"line":231,"column":89}},"85":{"start":{"line":234,"column":4},"end":{"line":237,"column":5}},"86":{"start":{"line":235,"column":6},"end":{"line":235,"column":67}},"87":{"start":{"line":236,"column":6},"end":{"line":236,"column":74}},"88":{"start":{"line":240,"column":4},"end":{"line":243,"column":5}},"89":{"start":{"line":241,"column":6},"end":{"line":241,"column":82}},"90":{"start":{"line":242,"column":6},"end":{"line":242,"column":89}},"91":{"start":{"line":245,"column":4},"end":{"line":248,"column":5}},"92":{"start":{"line":246,"column":6},"end":{"line":246,"column":67}},"93":{"start":{"line":247,"column":6},"end":{"line":247,"column":74}},"94":{"start":{"line":251,"column":4},"end":{"line":254,"column":5}},"95":{"start":{"line":252,"column":6},"end":{"line":252,"column":66}},"96":{"start":{"line":253,"column":6},"end":{"line":253,"column":80}},"97":{"start":{"line":257,"column":4},"end":{"line":260,"column":5}},"98":{"start":{"line":258,"column":6},"end":{"line":258,"column":64}},"99":{"start":{"line":259,"column":6},"end":{"line":259,"column":76}},"100":{"start":{"line":263,"column":4},"end":{"line":266,"column":5}},"101":{"start":{"line":264,"column":6},"end":{"line":264,"column":46}},"102":{"start":{"line":265,"column":6},"end":{"line":265,"column":91}},"103":{"start":{"line":269,"column":34},"end":{"line":269,"column":59}},"104":{"start":{"line":270,"column":4},"end":{"line":273,"column":5}},"105":{"start":{"line":271,"column":6},"end":{"line":271,"column":77}},"106":{"start":{"line":272,"column":6},"end":{"line":272,"column":86}},"107":{"start":{"line":278,"column":18},"end":{"line":278,"column":22}},"108":{"start":{"line":281,"column":4},"end":{"line":311,"column":5}},"109":{"start":{"line":289,"column":23},"end":{"line":298,"column":7}},"110":{"start":{"line":300,"column":6},"end":{"line":310,"column":7}},"111":{"start":{"line":301,"column":22},"end":{"line":301,"column":44}},"112":{"start":{"line":302,"column":8},"end":{"line":309,"column":9}},"113":{"start":{"line":304,"column":10},"end":{"line":304,"column":29}},"114":{"start":{"line":305,"column":10},"end":{"line":308,"column":11}},"115":{"start":{"line":306,"column":12},"end":{"line":306,"column":37}},"116":{"start":{"line":307,"column":12},"end":{"line":307,"column":18}},"117":{"start":{"line":314,"column":4},"end":{"line":336,"column":5}},"118":{"start":{"line":315,"column":27},"end":{"line":324,"column":7}},"119":{"start":{"line":326,"column":6},"end":{"line":335,"column":7}},"120":{"start":{"line":327,"column":22},"end":{"line":327,"column":41}},"121":{"start":{"line":328,"column":8},"end":{"line":334,"column":9}},"122":{"start":{"line":329,"column":10},"end":{"line":329,"column":29}},"123":{"start":{"line":330,"column":10},"end":{"line":333,"column":11}},"124":{"start":{"line":331,"column":12},"end":{"line":331,"column":37}},"125":{"start":{"line":332,"column":12},"end":{"line":332,"column":18}},"126":{"start":{"line":339,"column":4},"end":{"line":361,"column":5}},"127":{"start":{"line":340,"column":26},"end":{"line":349,"column":7}},"128":{"start":{"line":351,"column":6},"end":{"line":360,"column":7}},"129":{"start":{"line":352,"column":22},"end":{"line":352,"column":50}},"130":{"start":{"line":353,"column":8},"end":{"line":359,"column":9}},"131":{"start":{"line":354,"column":10},"end":{"line":354,"column":29}},"132":{"start":{"line":355,"column":10},"end":{"line":358,"column":11}},"133":{"start":{"line":356,"column":12},"end":{"line":356,"column":37}},"134":{"start":{"line":357,"column":12},"end":{"line":357,"column":18}},"135":{"start":{"line":363,"column":4},"end":{"line":369,"column":5}},"136":{"start":{"line":364,"column":6},"end":{"line":364,"column":67}},"137":{"start":{"line":365,"column":6},"end":{"line":368,"column":9}},"138":{"start":{"line":371,"column":4},"end":{"line":371,"column":54}},"139":{"start":{"line":374,"column":16},"end":{"line":374,"column":20}},"140":{"start":{"line":377,"column":4},"end":{"line":425,"column":5}},"141":{"start":{"line":379,"column":6},"end":{"line":383,"column":9}},"142":{"start":{"line":387,"column":6},"end":{"line":398,"column":7}},"143":{"start":{"line":390,"column":8},"end":{"line":397,"column":9}},"144":{"start":{"line":391,"column":35},"end":{"line":391,"column":114}},"145":{"start":{"line":392,"column":10},"end":{"line":396,"column":13}},"146":{"start":{"line":401,"column":6},"end":{"line":418,"column":7}},"147":{"start":{"line":402,"column":35},"end":{"line":402,"column":60}},"148":{"start":{"line":403,"column":8},"end":{"line":407,"column":11}},"149":{"start":{"line":410,"column":8},"end":{"line":417,"column":9}},"150":{"start":{"line":411,"column":35},"end":{"line":411,"column":147}},"151":{"start":{"line":412,"column":10},"end":{"line":416,"column":13}},"152":{"start":{"line":423,"column":6},"end":{"line":423,"column":60}},"153":{"start":{"line":424,"column":6},"end":{"line":424,"column":67}},"154":{"start":{"line":427,"column":4},"end":{"line":433,"column":5}},"155":{"start":{"line":428,"column":6},"end":{"line":428,"column":55}},"156":{"start":{"line":429,"column":6},"end":{"line":432,"column":9}},"157":{"start":{"line":437,"column":23},"end":{"line":437,"column":46}},"158":{"start":{"line":438,"column":32},"end":{"line":438,"column":46}},"159":{"start":{"line":440,"column":4},"end":{"line":445,"column":7}},"160":{"start":{"line":448,"column":4},"end":{"line":456,"column":5}},"161":{"start":{"line":449,"column":6},"end":{"line":449,"column":100}},"162":{"start":{"line":452,"column":6},"end":{"line":455,"column":9}},"163":{"start":{"line":459,"column":4},"end":{"line":465,"column":5}},"164":{"start":{"line":460,"column":6},"end":{"line":460,"column":68}},"165":{"start":{"line":461,"column":6},"end":{"line":464,"column":9}},"166":{"start":{"line":468,"column":4},"end":{"line":509,"column":5}},"167":{"start":{"line":470,"column":6},"end":{"line":479,"column":8}},"168":{"start":{"line":481,"column":6},"end":{"line":488,"column":9}},"169":{"start":{"line":491,"column":6},"end":{"line":491,"column":49}},"170":{"start":{"line":494,"column":6},"end":{"line":494,"column":40}},"171":{"start":{"line":496,"column":6},"end":{"line":496,"column":53}},"172":{"start":{"line":499,"column":6},"end":{"line":504,"column":9}},"173":{"start":{"line":505,"column":6},"end":{"line":508,"column":9}},"174":{"start":{"line":511,"column":4},"end":{"line":517,"column":7}},"175":{"start":{"line":520,"column":4},"end":{"line":520,"column":52}},"176":{"start":{"line":521,"column":4},"end":{"line":521,"column":16}},"177":{"start":{"line":527,"column":22},"end":{"line":550,"column":1}},"178":{"start":{"line":528,"column":2},"end":{"line":549,"column":3}},"179":{"start":{"line":529,"column":24},"end":{"line":529,"column":32}},"180":{"start":{"line":531,"column":18},"end":{"line":531,"column":47}},"181":{"start":{"line":532,"column":4},"end":{"line":534,"column":5}},"182":{"start":{"line":533,"column":6},"end":{"line":533,"column":57}},"183":{"start":{"line":536,"column":19},"end":{"line":541,"column":6}},"184":{"start":{"line":543,"column":4},"end":{"line":546,"column":7}},"185":{"start":{"line":548,"column":4},"end":{"line":548,"column":16}},"186":{"start":{"line":553,"column":19},"end":{"line":587,"column":1}},"187":{"start":{"line":554,"column":2},"end":{"line":586,"column":3}},"188":{"start":{"line":555,"column":38},"end":{"line":555,"column":47}},"189":{"start":{"line":558,"column":25},"end":{"line":558,"column":59}},"190":{"start":{"line":559,"column":20},"end":{"line":559,"column":57}},"191":{"start":{"line":561,"column":4},"end":{"line":582,"column":5}},"192":{"start":{"line":562,"column":6},"end":{"line":578,"column":7}},"193":{"start":{"line":563,"column":22},"end":{"line":563,"column":51}},"194":{"start":{"line":564,"column":8},"end":{"line":577,"column":9}},"195":{"start":{"line":566,"column":10},"end":{"line":571,"column":13}},"196":{"start":{"line":573,"column":10},"end":{"line":573,"column":53}},"197":{"start":{"line":574,"column":10},"end":{"line":574,"column":44}},"198":{"start":{"line":576,"column":10},"end":{"line":576,"column":57}},"199":{"start":{"line":579,"column":6},"end":{"line":579,"column":80}},"200":{"start":{"line":581,"column":6},"end":{"line":581,"column":79}},"201":{"start":{"line":584,"column":4},"end":{"line":584,"column":44}},"202":{"start":{"line":585,"column":4},"end":{"line":585,"column":76}},"203":{"start":{"line":590,"column":16},"end":{"line":625,"column":1}},"204":{"start":{"line":591,"column":2},"end":{"line":624,"column":3}},"205":{"start":{"line":592,"column":4},"end":{"line":592,"column":128}},"206":{"start":{"line":593,"column":20},"end":{"line":593,"column":57}},"207":{"start":{"line":595,"column":4},"end":{"line":597,"column":5}},"208":{"start":{"line":596,"column":6},"end":{"line":596,"column":70}},"209":{"start":{"line":599,"column":47},"end":{"line":599,"column":55}},"210":{"start":{"line":600,"column":25},"end":{"line":600,"column":59}},"211":{"start":{"line":601,"column":20},"end":{"line":601,"column":57}},"212":{"start":{"line":603,"column":4},"end":{"line":618,"column":5}},"213":{"start":{"line":604,"column":20},"end":{"line":604,"column":49}},"214":{"start":{"line":605,"column":6},"end":{"line":617,"column":7}},"215":{"start":{"line":607,"column":8},"end":{"line":613,"column":11}},"216":{"start":{"line":614,"column":8},"end":{"line":614,"column":42}},"217":{"start":{"line":616,"column":8},"end":{"line":616,"column":55}},"218":{"start":{"line":620,"column":4},"end":{"line":620,"column":27}},"219":{"start":{"line":622,"column":4},"end":{"line":622,"column":41}},"220":{"start":{"line":623,"column":4},"end":{"line":623,"column":53}},"221":{"start":{"line":631,"column":23},"end":{"line":658,"column":1}},"222":{"start":{"line":632,"column":2},"end":{"line":657,"column":3}},"223":{"start":{"line":633,"column":24},"end":{"line":633,"column":32}},"224":{"start":{"line":634,"column":19},"end":{"line":637,"column":41}},"225":{"start":{"line":639,"column":18},"end":{"line":639,"column":47}},"226":{"start":{"line":640,"column":4},"end":{"line":642,"column":5}},"227":{"start":{"line":641,"column":6},"end":{"line":641,"column":57}},"228":{"start":{"line":644,"column":19},"end":{"line":649,"column":6}},"229":{"start":{"line":651,"column":4},"end":{"line":654,"column":7}},"230":{"start":{"line":656,"column":4},"end":{"line":656,"column":16}},"231":{"start":{"line":661,"column":20},"end":{"line":698,"column":1}},"232":{"start":{"line":662,"column":2},"end":{"line":697,"column":3}},"233":{"start":{"line":663,"column":23},"end":{"line":663,"column":32}},"234":{"start":{"line":664,"column":20},"end":{"line":664,"column":60}},"235":{"start":{"line":666,"column":4},"end":{"line":668,"column":5}},"236":{"start":{"line":667,"column":6},"end":{"line":667,"column":88}},"237":{"start":{"line":670,"column":24},"end":{"line":670,"column":48}},"238":{"start":{"line":671,"column":25},"end":{"line":671,"column":55}},"239":{"start":{"line":673,"column":4},"end":{"line":693,"column":5}},"240":{"start":{"line":674,"column":20},"end":{"line":674,"column":75}},"241":{"start":{"line":675,"column":6},"end":{"line":689,"column":7}},"242":{"start":{"line":677,"column":8},"end":{"line":683,"column":11}},"243":{"start":{"line":685,"column":8},"end":{"line":685,"column":51}},"244":{"start":{"line":686,"column":8},"end":{"line":686,"column":42}},"245":{"start":{"line":688,"column":8},"end":{"line":688,"column":55}},"246":{"start":{"line":690,"column":6},"end":{"line":690,"column":101}},"247":{"start":{"line":692,"column":6},"end":{"line":692,"column":100}},"248":{"start":{"line":695,"column":4},"end":{"line":695,"column":45}},"249":{"start":{"line":696,"column":4},"end":{"line":696,"column":16}},"250":{"start":{"line":701,"column":17},"end":{"line":755,"column":1}},"251":{"start":{"line":702,"column":2},"end":{"line":754,"column":3}},"252":{"start":{"line":703,"column":23},"end":{"line":703,"column":32}},"253":{"start":{"line":704,"column":20},"end":{"line":704,"column":60}},"254":{"start":{"line":706,"column":4},"end":{"line":708,"column":5}},"255":{"start":{"line":707,"column":6},"end":{"line":707,"column":81}},"256":{"start":{"line":710,"column":24},"end":{"line":710,"column":48}},"257":{"start":{"line":711,"column":25},"end":{"line":711,"column":55}},"258":{"start":{"line":712,"column":19},"end":{"line":712,"column":59}},"259":{"start":{"line":714,"column":18},"end":{"line":714,"column":73}},"260":{"start":{"line":716,"column":4},"end":{"line":718,"column":5}},"261":{"start":{"line":717,"column":6},"end":{"line":717,"column":81}},"262":{"start":{"line":720,"column":4},"end":{"line":722,"column":5}},"263":{"start":{"line":721,"column":6},"end":{"line":721,"column":80}},"264":{"start":{"line":724,"column":4},"end":{"line":726,"column":5}},"265":{"start":{"line":725,"column":6},"end":{"line":725,"column":89}},"266":{"start":{"line":728,"column":4},"end":{"line":750,"column":5}},"267":{"start":{"line":730,"column":6},"end":{"line":736,"column":9}},"268":{"start":{"line":738,"column":6},"end":{"line":738,"column":49}},"269":{"start":{"line":739,"column":6},"end":{"line":739,"column":40}},"270":{"start":{"line":741,"column":6},"end":{"line":741,"column":53}},"271":{"start":{"line":742,"column":6},"end":{"line":742,"column":81}},"272":{"start":{"line":745,"column":6},"end":{"line":748,"column":9}},"273":{"start":{"line":749,"column":6},"end":{"line":749,"column":81}},"274":{"start":{"line":752,"column":4},"end":{"line":752,"column":42}},"275":{"start":{"line":753,"column":4},"end":{"line":753,"column":82}},"276":{"start":{"line":757,"column":0},"end":{"line":766,"column":2}}},"fnMap":{"0":{"name":"(anonymous_0)","decl":{"start":{"line":12,"column":39},"end":{"line":12,"column":40}},"loc":{"start":{"line":12,"column":58},"end":{"line":58,"column":1}},"line":12},"1":{"name":"(anonymous_1)","decl":{"start":{"line":30,"column":42},"end":{"line":30,"column":43}},"loc":{"start":{"line":30,"column":53},"end":{"line":35,"column":5}},"line":30},"2":{"name":"incrementDiscountCodeUsage","decl":{"start":{"line":65,"column":15},"end":{"line":65,"column":41}},"loc":{"start":{"line":65,"column":72},"end":{"line":76,"column":1}},"line":65},"3":{"name":"(anonymous_3)","decl":{"start":{"line":79,"column":22},"end":{"line":79,"column":23}},"loc":{"start":{"line":79,"column":40},"end":{"line":106,"column":1}},"line":79},"4":{"name":"(anonymous_4)","decl":{"start":{"line":109,"column":21},"end":{"line":109,"column":22}},"loc":{"start":{"line":109,"column":47},"end":{"line":159,"column":1}},"line":109},"5":{"name":"(anonymous_5)","decl":{"start":{"line":162,"column":26},"end":{"line":162,"column":27}},"loc":{"start":{"line":162,"column":35},"end":{"line":205,"column":1}},"line":162},"6":{"name":"(anonymous_6)","decl":{"start":{"line":208,"column":27},"end":{"line":208,"column":28}},"loc":{"start":{"line":208,"column":53},"end":{"line":523,"column":1}},"line":208},"7":{"name":"(anonymous_7)","decl":{"start":{"line":527,"column":22},"end":{"line":527,"column":23}},"loc":{"start":{"line":527,"column":48},"end":{"line":550,"column":1}},"line":527},"8":{"name":"(anonymous_8)","decl":{"start":{"line":553,"column":19},"end":{"line":553,"column":20}},"loc":{"start":{"line":553,"column":45},"end":{"line":587,"column":1}},"line":553},"9":{"name":"(anonymous_9)","decl":{"start":{"line":590,"column":16},"end":{"line":590,"column":17}},"loc":{"start":{"line":590,"column":42},"end":{"line":625,"column":1}},"line":590},"10":{"name":"(anonymous_10)","decl":{"start":{"line":631,"column":23},"end":{"line":631,"column":24}},"loc":{"start":{"line":631,"column":49},"end":{"line":658,"column":1}},"line":631},"11":{"name":"(anonymous_11)","decl":{"start":{"line":661,"column":20},"end":{"line":661,"column":21}},"loc":{"start":{"line":661,"column":46},"end":{"line":698,"column":1}},"line":661},"12":{"name":"(anonymous_12)","decl":{"start":{"line":701,"column":17},"end":{"line":701,"column":18}},"loc":{"start":{"line":701,"column":43},"end":{"line":755,"column":1}},"line":701}},"branchMap":{"0":{"loc":{"start":{"line":28,"column":4},"end":{"line":28,"column":38}},"type":"if","locations":[{"start":{"line":28,"column":4},"end":{"line":28,"column":38}},{"start":{},"end":{}}],"line":28},"1":{"loc":{"start":{"line":28,"column":8},"end":{"line":28,"column":29}},"type":"binary-expr","locations":[{"start":{"line":28,"column":8},"end":{"line":28,"column":14}},{"start":{"line":28,"column":18},"end":{"line":28,"column":29}}],"line":28},"2":{"loc":{"start":{"line":30,"column":19},"end":{"line":30,"column":36}},"type":"binary-expr","locations":[{"start":{"line":30,"column":19},"end":{"line":30,"column":30}},{"start":{"line":30,"column":34},"end":{"line":30,"column":36}}],"line":30},"3":{"loc":{"start":{"line":66,"column":18},"end":{"line":66,"column":81}},"type":"cond-expr","locations":[{"start":{"line":66,"column":40},"end":{"line":66,"column":76}},{"start":{"line":66,"column":79},"end":{"line":66,"column":81}}],"line":66},"4":{"loc":{"start":{"line":71,"column":2},"end":{"line":71,"column":46}},"type":"if","locations":[{"start":{"line":71,"column":2},"end":{"line":71,"column":46}},{"start":{},"end":{}}],"line":71},"5":{"loc":{"start":{"line":71,"column":6},"end":{"line":71,"column":37}},"type":"binary-expr","locations":[{"start":{"line":71,"column":6},"end":{"line":71,"column":12}},{"start":{"line":71,"column":16},"end":{"line":71,"column":37}}],"line":71},"6":{"loc":{"start":{"line":80,"column":2},"end":{"line":83,"column":3}},"type":"if","locations":[{"start":{"line":80,"column":2},"end":{"line":83,"column":3}},{"start":{},"end":{}}],"line":80},"7":{"loc":{"start":{"line":91,"column":4},"end":{"line":102,"column":5}},"type":"if","locations":[{"start":{"line":91,"column":4},"end":{"line":102,"column":5}},{"start":{"line":100,"column":11},"end":{"line":102,"column":5}}],"line":91},"8":{"loc":{"start":{"line":91,"column":8},"end":{"line":91,"column":33}},"type":"binary-expr","locations":[{"start":{"line":91,"column":8},"end":{"line":91,"column":13}},{"start":{"line":91,"column":17},"end":{"line":91,"column":33}}],"line":91},"9":{"loc":{"start":{"line":113,"column":4},"end":{"line":115,"column":5}},"type":"if","locations":[{"start":{"line":113,"column":4},"end":{"line":115,"column":5}},{"start":{},"end":{}}],"line":113},"10":{"loc":{"start":{"line":118,"column":4},"end":{"line":120,"column":5}},"type":"if","locations":[{"start":{"line":118,"column":4},"end":{"line":120,"column":5}},{"start":{},"end":{}}],"line":118},"11":{"loc":{"start":{"line":122,"column":4},"end":{"line":124,"column":5}},"type":"if","locations":[{"start":{"line":122,"column":4},"end":{"line":124,"column":5}},{"start":{},"end":{}}],"line":122},"12":{"loc":{"start":{"line":127,"column":4},"end":{"line":145,"column":5}},"type":"if","locations":[{"start":{"line":127,"column":4},"end":{"line":145,"column":5}},{"start":{"line":140,"column":11},"end":{"line":145,"column":5}}],"line":127},"13":{"loc":{"start":{"line":129,"column":8},"end":{"line":132,"column":43}},"type":"binary-expr","locations":[{"start":{"line":129,"column":8},"end":{"line":129,"column":38}},{"start":{"line":130,"column":8},"end":{"line":130,"column":36}},{"start":{"line":131,"column":8},"end":{"line":131,"column":32}},{"start":{"line":132,"column":8},"end":{"line":132,"column":43}}],"line":129},"14":{"loc":{"start":{"line":136,"column":16},"end":{"line":136,"column":37}},"type":"binary-expr","locations":[{"start":{"line":136,"column":16},"end":{"line":136,"column":22}},{"start":{"line":136,"column":26},"end":{"line":136,"column":37}}],"line":136},"15":{"loc":{"start":{"line":166,"column":2},"end":{"line":169,"column":3}},"type":"if","locations":[{"start":{"line":166,"column":2},"end":{"line":169,"column":3}},{"start":{},"end":{}}],"line":166},"16":{"loc":{"start":{"line":172,"column":2},"end":{"line":175,"column":3}},"type":"if","locations":[{"start":{"line":172,"column":2},"end":{"line":175,"column":3}},{"start":{},"end":{}}],"line":172},"17":{"loc":{"start":{"line":181,"column":2},"end":{"line":185,"column":3}},"type":"if","locations":[{"start":{"line":181,"column":2},"end":{"line":185,"column":3}},{"start":{},"end":{}}],"line":181},"18":{"loc":{"start":{"line":184,"column":11},"end":{"line":184,"column":84}},"type":"binary-expr","locations":[{"start":{"line":184,"column":11},"end":{"line":184,"column":49}},{"start":{"line":184,"column":53},"end":{"line":184,"column":84}}],"line":184},"19":{"loc":{"start":{"line":194,"column":25},"end":{"line":194,"column":58}},"type":"binary-expr","locations":[{"start":{"line":194,"column":25},"end":{"line":194,"column":53}},{"start":{"line":194,"column":57},"end":{"line":194,"column":58}}],"line":194},"20":{"loc":{"start":{"line":195,"column":25},"end":{"line":195,"column":58}},"type":"binary-expr","locations":[{"start":{"line":195,"column":25},"end":{"line":195,"column":53}},{"start":{"line":195,"column":57},"end":{"line":195,"column":58}}],"line":195},"21":{"loc":{"start":{"line":199,"column":2},"end":{"line":202,"column":3}},"type":"if","locations":[{"start":{"line":199,"column":2},"end":{"line":202,"column":3}},{"start":{},"end":{}}],"line":199},"22":{"loc":{"start":{"line":211,"column":4},"end":{"line":214,"column":5}},"type":"if","locations":[{"start":{"line":211,"column":4},"end":{"line":214,"column":5}},{"start":{},"end":{}}],"line":211},"23":{"loc":{"start":{"line":234,"column":4},"end":{"line":237,"column":5}},"type":"if","locations":[{"start":{"line":234,"column":4},"end":{"line":237,"column":5}},{"start":{},"end":{}}],"line":234},"24":{"loc":{"start":{"line":234,"column":8},"end":{"line":234,"column":67}},"type":"binary-expr","locations":[{"start":{"line":234,"column":8},"end":{"line":234,"column":11}},{"start":{"line":234,"column":15},"end":{"line":234,"column":28}},{"start":{"line":234,"column":32},"end":{"line":234,"column":47}},{"start":{"line":234,"column":51},"end":{"line":234,"column":67}}],"line":234},"25":{"loc":{"start":{"line":240,"column":4},"end":{"line":243,"column":5}},"type":"if","locations":[{"start":{"line":240,"column":4},"end":{"line":243,"column":5}},{"start":{},"end":{}}],"line":240},"26":{"loc":{"start":{"line":240,"column":8},"end":{"line":240,"column":56}},"type":"binary-expr","locations":[{"start":{"line":240,"column":8},"end":{"line":240,"column":30}},{"start":{"line":240,"column":34},"end":{"line":240,"column":56}}],"line":240},"27":{"loc":{"start":{"line":245,"column":4},"end":{"line":248,"column":5}},"type":"if","locations":[{"start":{"line":245,"column":4},"end":{"line":248,"column":5}},{"start":{},"end":{}}],"line":245},"28":{"loc":{"start":{"line":245,"column":8},"end":{"line":245,"column":78}},"type":"binary-expr","locations":[{"start":{"line":245,"column":8},"end":{"line":245,"column":42}},{"start":{"line":245,"column":46},"end":{"line":245,"column":78}}],"line":245},"29":{"loc":{"start":{"line":251,"column":4},"end":{"line":254,"column":5}},"type":"if","locations":[{"start":{"line":251,"column":4},"end":{"line":254,"column":5}},{"start":{},"end":{}}],"line":251},"30":{"loc":{"start":{"line":257,"column":4},"end":{"line":260,"column":5}},"type":"if","locations":[{"start":{"line":257,"column":4},"end":{"line":260,"column":5}},{"start":{},"end":{}}],"line":257},"31":{"loc":{"start":{"line":263,"column":4},"end":{"line":266,"column":5}},"type":"if","locations":[{"start":{"line":263,"column":4},"end":{"line":266,"column":5}},{"start":{},"end":{}}],"line":263},"32":{"loc":{"start":{"line":270,"column":4},"end":{"line":273,"column":5}},"type":"if","locations":[{"start":{"line":270,"column":4},"end":{"line":273,"column":5}},{"start":{},"end":{}}],"line":270},"33":{"loc":{"start":{"line":281,"column":4},"end":{"line":311,"column":5}},"type":"if","locations":[{"start":{"line":281,"column":4},"end":{"line":311,"column":5}},{"start":{},"end":{}}],"line":281},"34":{"loc":{"start":{"line":302,"column":8},"end":{"line":309,"column":9}},"type":"if","locations":[{"start":{"line":302,"column":8},"end":{"line":309,"column":9}},{"start":{},"end":{}}],"line":302},"35":{"loc":{"start":{"line":305,"column":10},"end":{"line":308,"column":11}},"type":"if","locations":[{"start":{"line":305,"column":10},"end":{"line":308,"column":11}},{"start":{},"end":{}}],"line":305},"36":{"loc":{"start":{"line":314,"column":4},"end":{"line":336,"column":5}},"type":"if","locations":[{"start":{"line":314,"column":4},"end":{"line":336,"column":5}},{"start":{},"end":{}}],"line":314},"37":{"loc":{"start":{"line":314,"column":8},"end":{"line":314,"column":24}},"type":"binary-expr","locations":[{"start":{"line":314,"column":8},"end":{"line":314,"column":16}},{"start":{"line":314,"column":20},"end":{"line":314,"column":24}}],"line":314},"38":{"loc":{"start":{"line":328,"column":8},"end":{"line":334,"column":9}},"type":"if","locations":[{"start":{"line":328,"column":8},"end":{"line":334,"column":9}},{"start":{},"end":{}}],"line":328},"39":{"loc":{"start":{"line":330,"column":10},"end":{"line":333,"column":11}},"type":"if","locations":[{"start":{"line":330,"column":10},"end":{"line":333,"column":11}},{"start":{},"end":{}}],"line":330},"40":{"loc":{"start":{"line":339,"column":4},"end":{"line":361,"column":5}},"type":"if","locations":[{"start":{"line":339,"column":4},"end":{"line":361,"column":5}},{"start":{},"end":{}}],"line":339},"41":{"loc":{"start":{"line":339,"column":8},"end":{"line":339,"column":33}},"type":"binary-expr","locations":[{"start":{"line":339,"column":8},"end":{"line":339,"column":16}},{"start":{"line":339,"column":20},"end":{"line":339,"column":33}}],"line":339},"42":{"loc":{"start":{"line":353,"column":8},"end":{"line":359,"column":9}},"type":"if","locations":[{"start":{"line":353,"column":8},"end":{"line":359,"column":9}},{"start":{},"end":{}}],"line":353},"43":{"loc":{"start":{"line":355,"column":10},"end":{"line":358,"column":11}},"type":"if","locations":[{"start":{"line":355,"column":10},"end":{"line":358,"column":11}},{"start":{},"end":{}}],"line":355},"44":{"loc":{"start":{"line":363,"column":4},"end":{"line":369,"column":5}},"type":"if","locations":[{"start":{"line":363,"column":4},"end":{"line":369,"column":5}},{"start":{},"end":{}}],"line":363},"45":{"loc":{"start":{"line":387,"column":6},"end":{"line":398,"column":7}},"type":"if","locations":[{"start":{"line":387,"column":6},"end":{"line":398,"column":7}},{"start":{},"end":{}}],"line":387},"46":{"loc":{"start":{"line":390,"column":8},"end":{"line":397,"column":9}},"type":"if","locations":[{"start":{"line":390,"column":8},"end":{"line":397,"column":9}},{"start":{},"end":{}}],"line":390},"47":{"loc":{"start":{"line":390,"column":12},"end":{"line":390,"column":59}},"type":"binary-expr","locations":[{"start":{"line":390,"column":12},"end":{"line":390,"column":37}},{"start":{"line":390,"column":41},"end":{"line":390,"column":59}}],"line":390},"48":{"loc":{"start":{"line":401,"column":6},"end":{"line":418,"column":7}},"type":"if","locations":[{"start":{"line":401,"column":6},"end":{"line":418,"column":7}},{"start":{},"end":{}}],"line":401},"49":{"loc":{"start":{"line":401,"column":10},"end":{"line":401,"column":41}},"type":"binary-expr","locations":[{"start":{"line":401,"column":10},"end":{"line":401,"column":16}},{"start":{"line":401,"column":20},"end":{"line":401,"column":41}}],"line":401},"50":{"loc":{"start":{"line":410,"column":8},"end":{"line":417,"column":9}},"type":"if","locations":[{"start":{"line":410,"column":8},"end":{"line":417,"column":9}},{"start":{},"end":{}}],"line":410},"51":{"loc":{"start":{"line":427,"column":4},"end":{"line":433,"column":5}},"type":"if","locations":[{"start":{"line":427,"column":4},"end":{"line":433,"column":5}},{"start":{},"end":{}}],"line":427},"52":{"loc":{"start":{"line":448,"column":4},"end":{"line":456,"column":5}},"type":"if","locations":[{"start":{"line":448,"column":4},"end":{"line":456,"column":5}},{"start":{},"end":{}}],"line":448},"53":{"loc":{"start":{"line":459,"column":4},"end":{"line":465,"column":5}},"type":"if","locations":[{"start":{"line":459,"column":4},"end":{"line":465,"column":5}},{"start":{},"end":{}}],"line":459},"54":{"loc":{"start":{"line":459,"column":8},"end":{"line":459,"column":82}},"type":"binary-expr","locations":[{"start":{"line":459,"column":8},"end":{"line":459,"column":34}},{"start":{"line":459,"column":38},"end":{"line":459,"column":82}}],"line":459},"55":{"loc":{"start":{"line":468,"column":4},"end":{"line":509,"column":5}},"type":"if","locations":[{"start":{"line":468,"column":4},"end":{"line":509,"column":5}},{"start":{"line":498,"column":11},"end":{"line":509,"column":5}}],"line":468},"56":{"loc":{"start":{"line":468,"column":8},"end":{"line":468,"column":77}},"type":"binary-expr","locations":[{"start":{"line":468,"column":8},"end":{"line":468,"column":41}},{"start":{"line":468,"column":45},"end":{"line":468,"column":77}}],"line":468},"57":{"loc":{"start":{"line":532,"column":4},"end":{"line":534,"column":5}},"type":"if","locations":[{"start":{"line":532,"column":4},"end":{"line":534,"column":5}},{"start":{},"end":{}}],"line":532},"58":{"loc":{"start":{"line":559,"column":20},"end":{"line":559,"column":57}},"type":"cond-expr","locations":[{"start":{"line":559,"column":35},"end":{"line":559,"column":50}},{"start":{"line":559,"column":53},"end":{"line":559,"column":57}}],"line":559},"59":{"loc":{"start":{"line":561,"column":4},"end":{"line":582,"column":5}},"type":"if","locations":[{"start":{"line":561,"column":4},"end":{"line":582,"column":5}},{"start":{"line":580,"column":11},"end":{"line":582,"column":5}}],"line":561},"60":{"loc":{"start":{"line":562,"column":6},"end":{"line":578,"column":7}},"type":"if","locations":[{"start":{"line":562,"column":6},"end":{"line":578,"column":7}},{"start":{},"end":{}}],"line":562},"61":{"loc":{"start":{"line":564,"column":8},"end":{"line":577,"column":9}},"type":"if","locations":[{"start":{"line":564,"column":8},"end":{"line":577,"column":9}},{"start":{},"end":{}}],"line":564},"62":{"loc":{"start":{"line":564,"column":12},"end":{"line":564,"column":51}},"type":"binary-expr","locations":[{"start":{"line":564,"column":12},"end":{"line":564,"column":17}},{"start":{"line":564,"column":21},"end":{"line":564,"column":51}}],"line":564},"63":{"loc":{"start":{"line":595,"column":4},"end":{"line":597,"column":5}},"type":"if","locations":[{"start":{"line":595,"column":4},"end":{"line":597,"column":5}},{"start":{},"end":{}}],"line":595},"64":{"loc":{"start":{"line":601,"column":20},"end":{"line":601,"column":57}},"type":"cond-expr","locations":[{"start":{"line":601,"column":35},"end":{"line":601,"column":50}},{"start":{"line":601,"column":53},"end":{"line":601,"column":57}}],"line":601},"65":{"loc":{"start":{"line":603,"column":4},"end":{"line":618,"column":5}},"type":"if","locations":[{"start":{"line":603,"column":4},"end":{"line":618,"column":5}},{"start":{},"end":{}}],"line":603},"66":{"loc":{"start":{"line":603,"column":8},"end":{"line":603,"column":34}},"type":"binary-expr","locations":[{"start":{"line":603,"column":8},"end":{"line":603,"column":23}},{"start":{"line":603,"column":27},"end":{"line":603,"column":34}}],"line":603},"67":{"loc":{"start":{"line":605,"column":6},"end":{"line":617,"column":7}},"type":"if","locations":[{"start":{"line":605,"column":6},"end":{"line":617,"column":7}},{"start":{},"end":{}}],"line":605},"68":{"loc":{"start":{"line":605,"column":10},"end":{"line":605,"column":49}},"type":"binary-expr","locations":[{"start":{"line":605,"column":10},"end":{"line":605,"column":15}},{"start":{"line":605,"column":19},"end":{"line":605,"column":49}}],"line":605},"69":{"loc":{"start":{"line":634,"column":19},"end":{"line":637,"column":41}},"type":"binary-expr","locations":[{"start":{"line":634,"column":19},"end":{"line":634,"column":49}},{"start":{"line":635,"column":6},"end":{"line":635,"column":34}},{"start":{"line":636,"column":6},"end":{"line":636,"column":30}},{"start":{"line":637,"column":6},"end":{"line":637,"column":41}}],"line":634},"70":{"loc":{"start":{"line":640,"column":4},"end":{"line":642,"column":5}},"type":"if","locations":[{"start":{"line":640,"column":4},"end":{"line":642,"column":5}},{"start":{},"end":{}}],"line":640},"71":{"loc":{"start":{"line":666,"column":4},"end":{"line":668,"column":5}},"type":"if","locations":[{"start":{"line":666,"column":4},"end":{"line":668,"column":5}},{"start":{},"end":{}}],"line":666},"72":{"loc":{"start":{"line":673,"column":4},"end":{"line":693,"column":5}},"type":"if","locations":[{"start":{"line":673,"column":4},"end":{"line":693,"column":5}},{"start":{"line":691,"column":11},"end":{"line":693,"column":5}}],"line":673},"73":{"loc":{"start":{"line":675,"column":6},"end":{"line":689,"column":7}},"type":"if","locations":[{"start":{"line":675,"column":6},"end":{"line":689,"column":7}},{"start":{},"end":{}}],"line":675},"74":{"loc":{"start":{"line":675,"column":10},"end":{"line":675,"column":49}},"type":"binary-expr","locations":[{"start":{"line":675,"column":10},"end":{"line":675,"column":15}},{"start":{"line":675,"column":19},"end":{"line":675,"column":49}}],"line":675},"75":{"loc":{"start":{"line":706,"column":4},"end":{"line":708,"column":5}},"type":"if","locations":[{"start":{"line":706,"column":4},"end":{"line":708,"column":5}},{"start":{},"end":{}}],"line":706},"76":{"loc":{"start":{"line":716,"column":4},"end":{"line":718,"column":5}},"type":"if","locations":[{"start":{"line":716,"column":4},"end":{"line":718,"column":5}},{"start":{},"end":{}}],"line":716},"77":{"loc":{"start":{"line":720,"column":4},"end":{"line":722,"column":5}},"type":"if","locations":[{"start":{"line":720,"column":4},"end":{"line":722,"column":5}},{"start":{},"end":{}}],"line":720},"78":{"loc":{"start":{"line":724,"column":4},"end":{"line":726,"column":5}},"type":"if","locations":[{"start":{"line":724,"column":4},"end":{"line":726,"column":5}},{"start":{},"end":{}}],"line":724},"79":{"loc":{"start":{"line":728,"column":4},"end":{"line":750,"column":5}},"type":"if","locations":[{"start":{"line":728,"column":4},"end":{"line":750,"column":5}},{"start":{"line":743,"column":11},"end":{"line":750,"column":5}}],"line":728}},"s":{"0":2,"1":2,"2":2,"3":2,"4":2,"5":2,"6":2,"7":2,"8":2,"9":2,"10":16,"11":16,"12":16,"13":13,"14":3,"15":1,"16":3,"17":1,"18":15,"19":15,"20":15,"21":14,"22":1,"23":2,"24":16,"25":1,"26":1,"27":15,"28":15,"29":14,"30":1,"31":1,"32":1,"33":1,"34":13,"35":1,"36":2,"37":7,"38":7,"39":7,"40":1,"41":6,"42":6,"43":1,"44":5,"45":1,"46":4,"47":3,"48":3,"49":1,"50":3,"51":3,"52":4,"53":2,"54":48,"55":48,"56":1,"57":1,"58":47,"59":2,"60":2,"61":45,"62":45,"63":45,"64":1,"65":1,"66":44,"67":44,"68":44,"69":44,"70":44,"71":1067,"72":1067,"73":1067,"74":44,"75":3,"76":3,"77":41,"78":2,"79":48,"80":48,"81":6,"82":6,"83":42,"84":42,"85":42,"86":2,"87":2,"88":40,"89":1,"90":1,"91":39,"92":2,"93":2,"94":37,"95":1,"96":1,"97":36,"98":1,"99":1,"100":35,"101":2,"102":2,"103":33,"104":33,"105":2,"106":2,"107":31,"108":31,"109":30,"110":30,"111":58,"112":58,"113":26,"114":26,"115":26,"116":26,"117":31,"118":4,"119":4,"120":18,"121":18,"122":2,"123":2,"124":2,"125":2,"126":31,"127":2,"128":2,"129":10,"130":10,"131":1,"132":1,"133":1,"134":1,"135":31,"136":2,"137":2,"138":29,"139":29,"140":29,"141":29,"142":28,"143":9,"144":9,"145":9,"146":28,"147":7,"148":7,"149":7,"150":6,"151":6,"152":1,"153":1,"154":28,"155":6,"156":6,"157":22,"158":22,"159":22,"160":22,"161":2,"162":2,"163":20,"164":2,"165":2,"166":18,"167":13,"168":12,"169":12,"170":12,"171":12,"172":5,"173":5,"174":12,"175":1,"176":1,"177":2,"178":2,"179":2,"180":2,"181":2,"182":1,"183":1,"184":1,"185":1,"186":2,"187":8,"188":8,"189":8,"190":8,"191":8,"192":6,"193":5,"194":4,"195":1,"196":1,"197":1,"198":1,"199":5,"200":2,"201":1,"202":1,"203":2,"204":8,"205":8,"206":8,"207":8,"208":1,"209":7,"210":7,"211":7,"212":7,"213":4,"214":3,"215":1,"216":1,"217":1,"218":6,"219":1,"220":1,"221":2,"222":2,"223":2,"224":2,"225":2,"226":2,"227":1,"228":1,"229":1,"230":1,"231":2,"232":5,"233":5,"234":5,"235":5,"236":1,"237":4,"238":4,"239":4,"240":3,"241":2,"242":1,"243":1,"244":1,"245":1,"246":2,"247":1,"248":1,"249":1,"250":2,"251":7,"252":7,"253":7,"254":7,"255":1,"256":6,"257":6,"258":6,"259":6,"260":6,"261":1,"262":5,"263":1,"264":4,"265":1,"266":3,"267":2,"268":1,"269":1,"270":1,"271":1,"272":1,"273":1,"274":1,"275":1,"276":2},"f":{"0":16,"1":1,"2":15,"3":16,"4":7,"5":48,"6":48,"7":2,"8":8,"9":8,"10":2,"11":5,"12":7},"b":{"0":[13,3],"1":[16,9],"2":[3,1],"3":[0,15],"4":[14,1],"5":[15,15],"6":[1,15],"7":[1,13],"8":[14,14],"9":[1,6],"10":[1,5],"11":[1,4],"12":[3,1],"13":[3,3,0,0],"14":[3,0],"15":[1,47],"16":[2,45],"17":[1,44],"18":[1,1],"19":[1067,11],"20":[1067,34],"21":[3,41],"22":[6,42],"23":[2,40],"24":[42,41,41,40],"25":[1,39],"26":[40,1],"27":[2,37],"28":[39,38],"29":[1,36],"30":[1,35],"31":[2,33],"32":[2,31],"33":[30,1],"34":[26,32],"35":[26,0],"36":[4,27],"37":[31,5],"38":[2,16],"39":[2,0],"40":[2,29],"41":[31,3],"42":[1,9],"43":[1,0],"44":[2,29],"45":[9,19],"46":[9,0],"47":[9,9],"48":[7,21],"49":[28,7],"50":[6,1],"51":[6,22],"52":[2,20],"53":[2,18],"54":[20,2],"55":[13,5],"56":[18,5],"57":[1,1],"58":[7,1],"59":[6,2],"60":[5,1],"61":[1,3],"62":[4,3],"63":[1,7],"64":[6,1],"65":[4,3],"66":[7,5],"67":[1,2],"68":[3,3],"69":[2,2,0,0],"70":[1,1],"71":[1,4],"72":[3,1],"73":[1,1],"74":[2,2],"75":[1,6],"76":[1,5],"77":[1,4],"78":[1,3],"79":[2,1]},"_coverageSchema":"1a1c01bbd47fc00a2c39e90264f33305004495a9","hash":"c547ad3cf906bedbf8075fbcdea0f4303e5d5655"}
}
